[..1271/PA4/src/util.cu:73 (argParse)] dset = "arxiv" (std::string)
[..1271/PA4/src/data.cu:5 (load_graph)] loading
[..71/PA4/test/main.cpp:17 (main)] kLen = 32 (int)
[==========] Running 3 tests from 1 test case.
[----------] Global test environment set-up.
[----------] 3 tests from SpMMTest
[ RUN      ] SpMMTest.validation
[       OK ] SpMMTest.validation (53 ms)
[ RUN      ] SpMMTest.cusparse_performance
[..A4/test/test_spmm.cu:66 (TestBody)] measured_time / times = 0.000731832 (double)
[       OK ] SpMMTest.cusparse_performance (1146 ms)
[ RUN      ] SpMMTest.opt_performance
[..A4/test/test_spmm.cu:88 (TestBody)] measured_time / times = 0.00108856 (double)
[       OK ] SpMMTest.opt_performance (26 ms)
[----------] 3 tests from SpMMTest (1225 ms total)

[----------] Global test environment tear-down
[==========] 3 tests from 1 test case ran. (1225 ms total)
[  PASSED  ] 3 tests.
[..1271/PA4/src/util.cu:73 (argParse)] dset = "collab" (std::string)
[..1271/PA4/src/data.cu:5 (load_graph)] loading
[..71/PA4/test/main.cpp:17 (main)] kLen = 32 (int)
[==========] Running 3 tests from 1 test case.
[----------] Global test environment set-up.
[----------] 3 tests from SpMMTest
[ RUN      ] SpMMTest.validation
[       OK ] SpMMTest.validation (29 ms)
[ RUN      ] SpMMTest.cusparse_performance
[..A4/test/test_spmm.cu:66 (TestBody)] measured_time / times = 0.00127118 (double)
[       OK ] SpMMTest.cusparse_performance (248 ms)
[ RUN      ] SpMMTest.opt_performance
[..A4/test/test_spmm.cu:88 (TestBody)] measured_time / times = 0.000977176 (double)
[       OK ] SpMMTest.opt_performance (24 ms)
[----------] 3 tests from SpMMTest (301 ms total)

[----------] Global test environment tear-down
[==========] 3 tests from 1 test case ran. (302 ms total)
[  PASSED  ] 3 tests.
[..1271/PA4/src/util.cu:73 (argParse)] dset = "citation" (std::string)
[..1271/PA4/src/data.cu:5 (load_graph)] loading
[..71/PA4/test/main.cpp:17 (main)] kLen = 32 (int)
[==========] Running 3 tests from 1 test case.
[----------] Global test environment set-up.
[----------] 3 tests from SpMMTest
[ RUN      ] SpMMTest.validation
[       OK ] SpMMTest.validation (365 ms)
[ RUN      ] SpMMTest.cusparse_performance
[..A4/test/test_spmm.cu:66 (TestBody)] measured_time / times = 0.0164501 (double)
[       OK ] SpMMTest.cusparse_performance (584 ms)
[ RUN      ] SpMMTest.opt_performance
[..A4/test/test_spmm.cu:88 (TestBody)] measured_time / times = 0.0125688 (double)
[       OK ] SpMMTest.opt_performance (290 ms)
[----------] 3 tests from SpMMTest (1239 ms total)

[----------] Global test environment tear-down
[==========] 3 tests from 1 test case ran. (1240 ms total)
[  PASSED  ] 3 tests.
[..1271/PA4/src/util.cu:73 (argParse)] dset = "ddi" (std::string)
[..1271/PA4/src/data.cu:5 (load_graph)] loading
[..71/PA4/test/main.cpp:17 (main)] kLen = 32 (int)
[==========] Running 3 tests from 1 test case.
[----------] Global test environment set-up.
[----------] 3 tests from SpMMTest
[ RUN      ] SpMMTest.validation
[       OK ] SpMMTest.validation (17 ms)
[ RUN      ] SpMMTest.cusparse_performance
[..A4/test/test_spmm.cu:66 (TestBody)] measured_time / times = 0.000641799 (double)
[       OK ] SpMMTest.cusparse_performance (230 ms)
[ RUN      ] SpMMTest.opt_performance
[..A4/test/test_spmm.cu:88 (TestBody)] measured_time / times = 0.000290171 (double)
[       OK ] SpMMTest.opt_performance (7 ms)
[----------] 3 tests from SpMMTest (254 ms total)

[----------] Global test environment tear-down
[==========] 3 tests from 1 test case ran. (254 ms total)
[  PASSED  ] 3 tests.
[..1271/PA4/src/util.cu:73 (argParse)] dset = "protein" (std::string)
[..1271/PA4/src/data.cu:5 (load_graph)] loading
[..71/PA4/test/main.cpp:17 (main)] kLen = 32 (int)
[==========] Running 3 tests from 1 test case.
[----------] Global test environment set-up.
[----------] 3 tests from SpMMTest
[ RUN      ] SpMMTest.validation
[       OK ] SpMMTest.validation (788 ms)
[ RUN      ] SpMMTest.cusparse_performance
[..A4/test/test_spmm.cu:66 (TestBody)] measured_time / times = 0.0246415 (double)
[       OK ] SpMMTest.cusparse_performance (721 ms)
[ RUN      ] SpMMTest.opt_performance
[..A4/test/test_spmm.cu:88 (TestBody)] measured_time / times = 0.00846761 (double)
[       OK ] SpMMTest.opt_performance (185 ms)
[----------] 3 tests from SpMMTest (1694 ms total)

[----------] Global test environment tear-down
[==========] 3 tests from 1 test case ran. (1694 ms total)
[  PASSED  ] 3 tests.
[..1271/PA4/src/util.cu:73 (argParse)] dset = "ppa" (std::string)
[..1271/PA4/src/data.cu:5 (load_graph)] loading
[..71/PA4/test/main.cpp:17 (main)] kLen = 32 (int)
[==========] Running 3 tests from 1 test case.
[----------] Global test environment set-up.
[----------] 3 tests from SpMMTest
[ RUN      ] SpMMTest.validation
[       OK ] SpMMTest.validation (469 ms)
[ RUN      ] SpMMTest.cusparse_performance
[..A4/test/test_spmm.cu:66 (TestBody)] measured_time / times = 0.0183847 (double)
[       OK ] SpMMTest.cusparse_performance (598 ms)
[ RUN      ] SpMMTest.opt_performance
[..A4/test/test_spmm.cu:88 (TestBody)] measured_time / times = 0.0105114 (double)
[       OK ] SpMMTest.opt_performance (227 ms)
[----------] 3 tests from SpMMTest (1294 ms total)

[----------] Global test environment tear-down
[==========] 3 tests from 1 test case ran. (1294 ms total)
[  PASSED  ] 3 tests.
[..1271/PA4/src/util.cu:73 (argParse)] dset = "reddit.dgl" (std::string)
[..1271/PA4/src/data.cu:5 (load_graph)] loading
[..71/PA4/test/main.cpp:17 (main)] kLen = 32 (int)
[==========] Running 3 tests from 1 test case.
[----------] Global test environment set-up.
[----------] 3 tests from SpMMTest
[ RUN      ] SpMMTest.validation
[       OK ] SpMMTest.validation (1142 ms)
[ RUN      ] SpMMTest.cusparse_performance
[..A4/test/test_spmm.cu:66 (TestBody)] measured_time / times = 0.0486403 (double)
[       OK ] SpMMTest.cusparse_performance (1205 ms)
[ RUN      ] SpMMTest.opt_performance
[..A4/test/test_spmm.cu:88 (TestBody)] measured_time / times = 0.0214692 (double)
[       OK ] SpMMTest.opt_performance (452 ms)
[----------] 3 tests from SpMMTest (2799 ms total)

[----------] Global test environment tear-down
[==========] 3 tests from 1 test case ran. (2800 ms total)
[  PASSED  ] 3 tests.
[..1271/PA4/src/util.cu:73 (argParse)] dset = "products" (std::string)
[..1271/PA4/src/data.cu:5 (load_graph)] loading
[..71/PA4/test/main.cpp:17 (main)] kLen = 32 (int)
[==========] Running 3 tests from 1 test case.
[----------] Global test environment set-up.
[----------] 3 tests from SpMMTest
[ RUN      ] SpMMTest.validation
[       OK ] SpMMTest.validation (1402 ms)
[ RUN      ] SpMMTest.cusparse_performance
[..A4/test/test_spmm.cu:66 (TestBody)] measured_time / times = 0.0558212 (double)
[       OK ] SpMMTest.cusparse_performance (1369 ms)
[ RUN      ] SpMMTest.opt_performance
[..A4/test/test_spmm.cu:88 (TestBody)] measured_time / times = 0.0335985 (double)
[       OK ] SpMMTest.opt_performance (716 ms)
[----------] 3 tests from SpMMTest (3487 ms total)

[----------] Global test environment tear-down
[==========] 3 tests from 1 test case ran. (3487 ms total)
[  PASSED  ] 3 tests.
[..1271/PA4/src/util.cu:73 (argParse)] dset = "youtube" (std::string)
[..1271/PA4/src/data.cu:5 (load_graph)] loading
[..71/PA4/test/main.cpp:17 (main)] kLen = 32 (int)
[==========] Running 3 tests from 1 test case.
[----------] Global test environment set-up.
[----------] 3 tests from SpMMTest
[ RUN      ] SpMMTest.validation
[       OK ] SpMMTest.validation (159 ms)
[ RUN      ] SpMMTest.cusparse_performance
[..A4/test/test_spmm.cu:66 (TestBody)] measured_time / times = 0.00364387 (double)
[       OK ] SpMMTest.cusparse_performance (301 ms)
[ RUN      ] SpMMTest.opt_performance
[..A4/test/test_spmm.cu:88 (TestBody)] measured_time / times = 0.00400496 (double)
[       OK ] SpMMTest.opt_performance (101 ms)
[----------] 3 tests from SpMMTest (562 ms total)

[----------] Global test environment tear-down
[==========] 3 tests from 1 test case ran. (562 ms total)
[  PASSED  ] 3 tests.
[..1271/PA4/src/util.cu:73 (argParse)] dset = "amazon_cogdl" (std::string)
[..1271/PA4/src/data.cu:5 (load_graph)] loading
[..71/PA4/test/main.cpp:17 (main)] kLen = 32 (int)
[==========] Running 3 tests from 1 test case.
[----------] Global test environment set-up.
[----------] 3 tests from SpMMTest
[ RUN      ] SpMMTest.validation
[       OK ] SpMMTest.validation (2548 ms)
[ RUN      ] SpMMTest.cusparse_performance
[..A4/test/test_spmm.cu:66 (TestBody)] measured_time / times = 0.125308 (double)
[       OK ] SpMMTest.cusparse_performance (2762 ms)
[ RUN      ] SpMMTest.opt_performance
[..A4/test/test_spmm.cu:88 (TestBody)] measured_time / times = 0.0543848 (double)
[       OK ] SpMMTest.opt_performance (1137 ms)
[----------] 3 tests from SpMMTest (6447 ms total)

[----------] Global test environment tear-down
[==========] 3 tests from 1 test case ran. (6447 ms total)
[  PASSED  ] 3 tests.
[..1271/PA4/src/util.cu:73 (argParse)] dset = "yelp" (std::string)
[..1271/PA4/src/data.cu:5 (load_graph)] loading
[..71/PA4/test/main.cpp:17 (main)] kLen = 32 (int)
[==========] Running 3 tests from 1 test case.
[----------] Global test environment set-up.
[----------] 3 tests from SpMMTest
[ RUN      ] SpMMTest.validation
[       OK ] SpMMTest.validation (161 ms)
[ RUN      ] SpMMTest.cusparse_performance
[..A4/test/test_spmm.cu:66 (TestBody)] measured_time / times = 0.00657455 (double)
[       OK ] SpMMTest.cusparse_performance (361 ms)
[ RUN      ] SpMMTest.opt_performance
[..A4/test/test_spmm.cu:88 (TestBody)] measured_time / times = 0.00435652 (double)
[       OK ] SpMMTest.opt_performance (102 ms)
[----------] 3 tests from SpMMTest (624 ms total)

[----------] Global test environment tear-down
[==========] 3 tests from 1 test case ran. (624 ms total)
[  PASSED  ] 3 tests.
[..1271/PA4/src/util.cu:73 (argParse)] dset = "wikikg2" (std::string)
[..1271/PA4/src/data.cu:5 (load_graph)] loading
[..71/PA4/test/main.cpp:17 (main)] kLen = 32 (int)
[==========] Running 3 tests from 1 test case.
[----------] Global test environment set-up.
[----------] 3 tests from SpMMTest
[ RUN      ] SpMMTest.validation
[       OK ] SpMMTest.validation (71 ms)
[ RUN      ] SpMMTest.cusparse_performance
[..A4/test/test_spmm.cu:66 (TestBody)] measured_time / times = 0.00714071 (double)
[       OK ] SpMMTest.cusparse_performance (391 ms)
[ RUN      ] SpMMTest.opt_performance
[..A4/test/test_spmm.cu:88 (TestBody)] measured_time / times = 0.00684753 (double)
[       OK ] SpMMTest.opt_performance (167 ms)
[----------] 3 tests from SpMMTest (629 ms total)

[----------] Global test environment tear-down
[==========] 3 tests from 1 test case ran. (629 ms total)
[  PASSED  ] 3 tests.
[..1271/PA4/src/util.cu:73 (argParse)] dset = "am" (std::string)
[..1271/PA4/src/data.cu:5 (load_graph)] loading
[..71/PA4/test/main.cpp:17 (main)] kLen = 32 (int)
[==========] Running 3 tests from 1 test case.
[----------] Global test environment set-up.
[----------] 3 tests from SpMMTest
[ RUN      ] SpMMTest.validation
[       OK ] SpMMTest.validation (631 ms)
[ RUN      ] SpMMTest.cusparse_performance
[..A4/test/test_spmm.cu:66 (TestBody)] measured_time / times = 0.00374332 (double)
[       OK ] SpMMTest.cusparse_performance (296 ms)
[ RUN      ] SpMMTest.opt_performance
[..A4/test/test_spmm.cu:88 (TestBody)] measured_time / times = 0.0111468 (double)
[       OK ] SpMMTest.opt_performance (238 ms)
[----------] 3 tests from SpMMTest (1165 ms total)

[----------] Global test environment tear-down
[==========] 3 tests from 1 test case ran. (1165 ms total)
[  PASSED  ] 3 tests.
[..1271/PA4/src/util.cu:73 (argParse)] dset = "arxiv" (std::string)
[..1271/PA4/src/data.cu:5 (load_graph)] loading
[..71/PA4/test/main.cpp:17 (main)] kLen = 64 (int)
[==========] Running 3 tests from 1 test case.
[----------] Global test environment set-up.
[----------] 3 tests from SpMMTest
[ RUN      ] SpMMTest.validation
[       OK ] SpMMTest.validation (103 ms)
[ RUN      ] SpMMTest.cusparse_performance
[..A4/test/test_spmm.cu:66 (TestBody)] measured_time / times = 0.000956603 (double)
[       OK ] SpMMTest.cusparse_performance (239 ms)
[ RUN      ] SpMMTest.opt_performance
[..A4/test/test_spmm.cu:88 (TestBody)] measured_time / times = 0.00155176 (double)
[       OK ] SpMMTest.opt_performance (37 ms)
[----------] 3 tests from SpMMTest (379 ms total)

[----------] Global test environment tear-down
[==========] 3 tests from 1 test case ran. (379 ms total)
[  PASSED  ] 3 tests.
[..1271/PA4/src/util.cu:73 (argParse)] dset = "collab" (std::string)
[..1271/PA4/src/data.cu:5 (load_graph)] loading
[..71/PA4/test/main.cpp:17 (main)] kLen = 64 (int)
[==========] Running 3 tests from 1 test case.
[----------] Global test environment set-up.
[----------] 3 tests from SpMMTest
[ RUN      ] SpMMTest.validation
[       OK ] SpMMTest.validation (59 ms)
[ RUN      ] SpMMTest.cusparse_performance
[..A4/test/test_spmm.cu:66 (TestBody)] measured_time / times = 0.00159448 (double)
[       OK ] SpMMTest.cusparse_performance (250 ms)
[ RUN      ] SpMMTest.opt_performance
[..A4/test/test_spmm.cu:88 (TestBody)] measured_time / times = 0.00193943 (double)
[       OK ] SpMMTest.opt_performance (48 ms)
[----------] 3 tests from SpMMTest (357 ms total)

[----------] Global test environment tear-down
[==========] 3 tests from 1 test case ran. (357 ms total)
[  PASSED  ] 3 tests.
[..1271/PA4/src/util.cu:73 (argParse)] dset = "citation" (std::string)
[..1271/PA4/src/data.cu:5 (load_graph)] loading
[..71/PA4/test/main.cpp:17 (main)] kLen = 64 (int)
[==========] Running 3 tests from 1 test case.
[----------] Global test environment set-up.
[----------] 3 tests from SpMMTest
[ RUN      ] SpMMTest.validation
[       OK ] SpMMTest.validation (739 ms)
[ RUN      ] SpMMTest.cusparse_performance
[..A4/test/test_spmm.cu:66 (TestBody)] measured_time / times = 0.022066 (double)
[       OK ] SpMMTest.cusparse_performance (712 ms)
[ RUN      ] SpMMTest.opt_performance
[..A4/test/test_spmm.cu:88 (TestBody)] measured_time / times = 0.0253514 (double)
[       OK ] SpMMTest.opt_performance (556 ms)
[----------] 3 tests from SpMMTest (2007 ms total)

[----------] Global test environment tear-down
[==========] 3 tests from 1 test case ran. (2007 ms total)
[  PASSED  ] 3 tests.
[..1271/PA4/src/util.cu:73 (argParse)] dset = "ddi" (std::string)
[..1271/PA4/src/data.cu:5 (load_graph)] loading
[..71/PA4/test/main.cpp:17 (main)] kLen = 64 (int)
[==========] Running 3 tests from 1 test case.
[----------] Global test environment set-up.
[----------] 3 tests from SpMMTest
[ RUN      ] SpMMTest.validation
[       OK ] SpMMTest.validation (29 ms)
[ RUN      ] SpMMTest.cusparse_performance
[..A4/test/test_spmm.cu:66 (TestBody)] measured_time / times = 0.00068299 (double)
[       OK ] SpMMTest.cusparse_performance (225 ms)
[ RUN      ] SpMMTest.opt_performance
[..A4/test/test_spmm.cu:88 (TestBody)] measured_time / times = 0.000483857 (double)
[       OK ] SpMMTest.opt_performance (11 ms)
[----------] 3 tests from SpMMTest (265 ms total)

[----------] Global test environment tear-down
[==========] 3 tests from 1 test case ran. (265 ms total)
[  PASSED  ] 3 tests.
[..1271/PA4/src/util.cu:73 (argParse)] dset = "protein" (std::string)
[..1271/PA4/src/data.cu:5 (load_graph)] loading
[..71/PA4/test/main.cpp:17 (main)] kLen = 64 (int)
[==========] Running 3 tests from 1 test case.
[----------] Global test environment set-up.
[----------] 3 tests from SpMMTest
[ RUN      ] SpMMTest.validation
[       OK ] SpMMTest.validation (1696 ms)
[ RUN      ] SpMMTest.cusparse_performance
[..A4/test/test_spmm.cu:66 (TestBody)] measured_time / times = 0.030863 (double)
[       OK ] SpMMTest.cusparse_performance (845 ms)
[ RUN      ] SpMMTest.opt_performance
[..A4/test/test_spmm.cu:88 (TestBody)] measured_time / times = 0.0167183 (double)
[       OK ] SpMMTest.opt_performance (352 ms)
[----------] 3 tests from SpMMTest (2893 ms total)

[----------] Global test environment tear-down
[==========] 3 tests from 1 test case ran. (2893 ms total)
[  PASSED  ] 3 tests.
[..1271/PA4/src/util.cu:73 (argParse)] dset = "ppa" (std::string)
[..1271/PA4/src/data.cu:5 (load_graph)] loading
[..71/PA4/test/main.cpp:17 (main)] kLen = 64 (int)
[==========] Running 3 tests from 1 test case.
[----------] Global test environment set-up.
[----------] 3 tests from SpMMTest
[ RUN      ] SpMMTest.validation
[       OK ] SpMMTest.validation (956 ms)
[ RUN      ] SpMMTest.cusparse_performance
[..A4/test/test_spmm.cu:66 (TestBody)] measured_time / times = 0.0244959 (double)
[       OK ] SpMMTest.cusparse_performance (717 ms)
[ RUN      ] SpMMTest.opt_performance
[..A4/test/test_spmm.cu:88 (TestBody)] measured_time / times = 0.0210793 (double)
[       OK ] SpMMTest.opt_performance (443 ms)
[----------] 3 tests from SpMMTest (2116 ms total)

[----------] Global test environment tear-down
[==========] 3 tests from 1 test case ran. (2116 ms total)
[  PASSED  ] 3 tests.
[..1271/PA4/src/util.cu:73 (argParse)] dset = "reddit.dgl" (std::string)
[..1271/PA4/src/data.cu:5 (load_graph)] loading
[..71/PA4/test/main.cpp:17 (main)] kLen = 64 (int)
[==========] Running 3 tests from 1 test case.
[----------] Global test environment set-up.
[----------] 3 tests from SpMMTest
[ RUN      ] SpMMTest.validation
[       OK ] SpMMTest.validation (2408 ms)
[ RUN      ] SpMMTest.cusparse_performance
[..A4/test/test_spmm.cu:66 (TestBody)] measured_time / times = 0.0658431 (double)
[       OK ] SpMMTest.cusparse_performance (1549 ms)
[ RUN      ] SpMMTest.opt_performance
[..A4/test/test_spmm.cu:88 (TestBody)] measured_time / times = 0.0430259 (double)
[       OK ] SpMMTest.opt_performance (884 ms)
[----------] 3 tests from SpMMTest (4841 ms total)

[----------] Global test environment tear-down
[==========] 3 tests from 1 test case ran. (4841 ms total)
[  PASSED  ] 3 tests.
[..1271/PA4/src/util.cu:73 (argParse)] dset = "products" (std::string)
[..1271/PA4/src/data.cu:5 (load_graph)] loading
[..71/PA4/test/main.cpp:17 (main)] kLen = 64 (int)
[==========] Running 3 tests from 1 test case.
[----------] Global test environment set-up.
[----------] 3 tests from SpMMTest
[ RUN      ] SpMMTest.validation
[       OK ] SpMMTest.validation (2831 ms)
[ RUN      ] SpMMTest.cusparse_performance
[..A4/test/test_spmm.cu:66 (TestBody)] measured_time / times = 0.074801 (double)
[       OK ] SpMMTest.cusparse_performance (1768 ms)
[ RUN      ] SpMMTest.opt_performance
[..A4/test/test_spmm.cu:88 (TestBody)] measured_time / times = 0.0674627 (double)
[       OK ] SpMMTest.opt_performance (1404 ms)
[----------] 3 tests from SpMMTest (6003 ms total)

[----------] Global test environment tear-down
[==========] 3 tests from 1 test case ran. (6003 ms total)
[  PASSED  ] 3 tests.
[..1271/PA4/src/util.cu:73 (argParse)] dset = "youtube" (std::string)
[..1271/PA4/src/data.cu:5 (load_graph)] loading
[..71/PA4/test/main.cpp:17 (main)] kLen = 64 (int)
[==========] Running 3 tests from 1 test case.
[----------] Global test environment set-up.
[----------] 3 tests from SpMMTest
[ RUN      ] SpMMTest.validation
[       OK ] SpMMTest.validation (313 ms)
[ RUN      ] SpMMTest.cusparse_performance
[..A4/test/test_spmm.cu:66 (TestBody)] measured_time / times = 0.00446566 (double)
[       OK ] SpMMTest.cusparse_performance (331 ms)
[ RUN      ] SpMMTest.opt_performance
[..A4/test/test_spmm.cu:88 (TestBody)] measured_time / times = 0.00792924 (double)
[       OK ] SpMMTest.opt_performance (193 ms)
[----------] 3 tests from SpMMTest (837 ms total)

[----------] Global test environment tear-down
[==========] 3 tests from 1 test case ran. (837 ms total)
[  PASSED  ] 3 tests.
[..1271/PA4/src/util.cu:73 (argParse)] dset = "amazon_cogdl" (std::string)
[..1271/PA4/src/data.cu:5 (load_graph)] loading
[..71/PA4/test/main.cpp:17 (main)] kLen = 64 (int)
[==========] Running 3 tests from 1 test case.
[----------] Global test environment set-up.
[----------] 3 tests from SpMMTest
[ RUN      ] SpMMTest.validation
[       OK ] SpMMTest.validation (5334 ms)
[ RUN      ] SpMMTest.cusparse_performance
[..A4/test/test_spmm.cu:66 (TestBody)] measured_time / times = 0.179678 (double)
[       OK ] SpMMTest.cusparse_performance (3870 ms)
[ RUN      ] SpMMTest.opt_performance
[..A4/test/test_spmm.cu:88 (TestBody)] measured_time / times = 0.107274 (double)
[       OK ] SpMMTest.opt_performance (2200 ms)
[----------] 3 tests from SpMMTest (11404 ms total)

[----------] Global test environment tear-down
[==========] 3 tests from 1 test case ran. (11404 ms total)
[  PASSED  ] 3 tests.
[..1271/PA4/src/util.cu:73 (argParse)] dset = "yelp" (std::string)
[..1271/PA4/src/data.cu:5 (load_graph)] loading
[..71/PA4/test/main.cpp:17 (main)] kLen = 64 (int)
[==========] Running 3 tests from 1 test case.
[----------] Global test environment set-up.
[----------] 3 tests from SpMMTest
[ RUN      ] SpMMTest.validation
[       OK ] SpMMTest.validation (330 ms)
[ RUN      ] SpMMTest.cusparse_performance
[..A4/test/test_spmm.cu:66 (TestBody)] measured_time / times = 0.00867248 (double)
[       OK ] SpMMTest.cusparse_performance (395 ms)
[ RUN      ] SpMMTest.opt_performance
[..A4/test/test_spmm.cu:88 (TestBody)] measured_time / times = 0.00857219 (double)
[       OK ] SpMMTest.opt_performance (192 ms)
[----------] 3 tests from SpMMTest (918 ms total)

[----------] Global test environment tear-down
[==========] 3 tests from 1 test case ran. (918 ms total)
[  PASSED  ] 3 tests.
[..1271/PA4/src/util.cu:73 (argParse)] dset = "wikikg2" (std::string)
[..1271/PA4/src/data.cu:5 (load_graph)] loading
[..71/PA4/test/main.cpp:17 (main)] kLen = 64 (int)
[==========] Running 3 tests from 1 test case.
[----------] Global test environment set-up.
[----------] 3 tests from SpMMTest
[ RUN      ] SpMMTest.validation
[       OK ] SpMMTest.validation (132 ms)
[ RUN      ] SpMMTest.cusparse_performance
[..A4/test/test_spmm.cu:66 (TestBody)] measured_time / times = 0.00718289 (double)
[       OK ] SpMMTest.cusparse_performance (409 ms)
[ RUN      ] SpMMTest.opt_performance
[..A4/test/test_spmm.cu:88 (TestBody)] measured_time / times = 0.0135507 (double)
[       OK ] SpMMTest.opt_performance (318 ms)
[----------] 3 tests from SpMMTest (859 ms total)

[----------] Global test environment tear-down
[==========] 3 tests from 1 test case ran. (859 ms total)
[  PASSED  ] 3 tests.
[..1271/PA4/src/util.cu:73 (argParse)] dset = "am" (std::string)
[..1271/PA4/src/data.cu:5 (load_graph)] loading
[..71/PA4/test/main.cpp:17 (main)] kLen = 64 (int)
[==========] Running 3 tests from 1 test case.
[----------] Global test environment set-up.
[----------] 3 tests from SpMMTest
[ RUN      ] SpMMTest.validation
[       OK ] SpMMTest.validation (1241 ms)
[ RUN      ] SpMMTest.cusparse_performance
[..A4/test/test_spmm.cu:66 (TestBody)] measured_time / times = 0.00513877 (double)
[       OK ] SpMMTest.cusparse_performance (337 ms)
[ RUN      ] SpMMTest.opt_performance
[..A4/test/test_spmm.cu:88 (TestBody)] measured_time / times = 0.0139945 (double)
[       OK ] SpMMTest.opt_performance (306 ms)
[----------] 3 tests from SpMMTest (1884 ms total)

[----------] Global test environment tear-down
[==========] 3 tests from 1 test case ran. (1884 ms total)
[  PASSED  ] 3 tests.
[..1271/PA4/src/util.cu:73 (argParse)] dset = "arxiv" (std::string)
[..1271/PA4/src/data.cu:5 (load_graph)] loading
[..71/PA4/test/main.cpp:17 (main)] kLen = 128 (int)
[==========] Running 3 tests from 1 test case.
[----------] Global test environment set-up.
[----------] 3 tests from SpMMTest
[ RUN      ] SpMMTest.validation
[       OK ] SpMMTest.validation (207 ms)
[ RUN      ] SpMMTest.cusparse_performance
[..A4/test/test_spmm.cu:66 (TestBody)] measured_time / times = 0.0015203 (double)
[       OK ] SpMMTest.cusparse_performance (253 ms)
[ RUN      ] SpMMTest.opt_performance
[..A4/test/test_spmm.cu:88 (TestBody)] measured_time / times = 0.00259878 (double)
[       OK ] SpMMTest.opt_performance (63 ms)
[----------] 3 tests from SpMMTest (523 ms total)

[----------] Global test environment tear-down
[==========] 3 tests from 1 test case ran. (524 ms total)
[  PASSED  ] 3 tests.
[..1271/PA4/src/util.cu:73 (argParse)] dset = "collab" (std::string)
[..1271/PA4/src/data.cu:5 (load_graph)] loading
[..71/PA4/test/main.cpp:17 (main)] kLen = 128 (int)
[==========] Running 3 tests from 1 test case.
[----------] Global test environment set-up.
[----------] 3 tests from SpMMTest
[ RUN      ] SpMMTest.validation
[       OK ] SpMMTest.validation (115 ms)
[ RUN      ] SpMMTest.cusparse_performance
[..A4/test/test_spmm.cu:66 (TestBody)] measured_time / times = 0.00259863 (double)
[       OK ] SpMMTest.cusparse_performance (279 ms)
[ RUN      ] SpMMTest.opt_performance
[..A4/test/test_spmm.cu:88 (TestBody)] measured_time / times = 0.0038878 (double)
[       OK ] SpMMTest.opt_performance (93 ms)
[----------] 3 tests from SpMMTest (487 ms total)

[----------] Global test environment tear-down
[==========] 3 tests from 1 test case ran. (487 ms total)
[  PASSED  ] 3 tests.
[..1271/PA4/src/util.cu:73 (argParse)] dset = "citation" (std::string)
[..1271/PA4/src/data.cu:5 (load_graph)] loading
[..71/PA4/test/main.cpp:17 (main)] kLen = 128 (int)
[==========] Running 3 tests from 1 test case.
[----------] Global test environment set-up.
[----------] 3 tests from SpMMTest
[ RUN      ] SpMMTest.validation
[       OK ] SpMMTest.validation (1466 ms)
[ RUN      ] SpMMTest.cusparse_performance
[..A4/test/test_spmm.cu:66 (TestBody)] measured_time / times = 0.0392896 (double)
[       OK ] SpMMTest.cusparse_performance (1092 ms)
[ RUN      ] SpMMTest.opt_performance
[..A4/test/test_spmm.cu:88 (TestBody)] measured_time / times = 0.0510933 (double)
[       OK ] SpMMTest.opt_performance (1096 ms)
[----------] 3 tests from SpMMTest (3654 ms total)

[----------] Global test environment tear-down
[==========] 3 tests from 1 test case ran. (3654 ms total)
[  PASSED  ] 3 tests.
[..1271/PA4/src/util.cu:73 (argParse)] dset = "ddi" (std::string)
[..1271/PA4/src/data.cu:5 (load_graph)] loading
[..71/PA4/test/main.cpp:17 (main)] kLen = 128 (int)
[==========] Running 3 tests from 1 test case.
[----------] Global test environment set-up.
[----------] 3 tests from SpMMTest
[ RUN      ] SpMMTest.validation
[       OK ] SpMMTest.validation (54 ms)
[ RUN      ] SpMMTest.cusparse_performance
[..A4/test/test_spmm.cu:66 (TestBody)] measured_time / times = 0.000840978 (double)
[       OK ] SpMMTest.cusparse_performance (227 ms)
[ RUN      ] SpMMTest.opt_performance
[..A4/test/test_spmm.cu:88 (TestBody)] measured_time / times = 0.000896748 (double)
[       OK ] SpMMTest.opt_performance (20 ms)
[----------] 3 tests from SpMMTest (301 ms total)

[----------] Global test environment tear-down
[==========] 3 tests from 1 test case ran. (301 ms total)
[  PASSED  ] 3 tests.
[..1271/PA4/src/util.cu:73 (argParse)] dset = "protein" (std::string)
[..1271/PA4/src/data.cu:5 (load_graph)] loading
[..71/PA4/test/main.cpp:17 (main)] kLen = 128 (int)
[==========] Running 3 tests from 1 test case.
[----------] Global test environment set-up.
[----------] 3 tests from SpMMTest
[ RUN      ] SpMMTest.validation
[       OK ] SpMMTest.validation (3568 ms)
[ RUN      ] SpMMTest.cusparse_performance
[..A4/test/test_spmm.cu:66 (TestBody)] measured_time / times = 0.0425175 (double)
[       OK ] SpMMTest.cusparse_performance (1080 ms)
[ RUN      ] SpMMTest.opt_performance
[..A4/test/test_spmm.cu:88 (TestBody)] measured_time / times = 0.0336754 (double)
[       OK ] SpMMTest.opt_performance (695 ms)
[----------] 3 tests from SpMMTest (5344 ms total)

[----------] Global test environment tear-down
[==========] 3 tests from 1 test case ran. (5344 ms total)
[  PASSED  ] 3 tests.
[..1271/PA4/src/util.cu:73 (argParse)] dset = "ppa" (std::string)
[..1271/PA4/src/data.cu:5 (load_graph)] loading
[..71/PA4/test/main.cpp:17 (main)] kLen = 128 (int)
[==========] Running 3 tests from 1 test case.
[----------] Global test environment set-up.
[----------] 3 tests from SpMMTest
[ RUN      ] SpMMTest.validation
[       OK ] SpMMTest.validation (1925 ms)
[ RUN      ] SpMMTest.cusparse_performance
[..A4/test/test_spmm.cu:66 (TestBody)] measured_time / times = 0.0424514 (double)
[       OK ] SpMMTest.cusparse_performance (1091 ms)
[ RUN      ] SpMMTest.opt_performance
[..A4/test/test_spmm.cu:88 (TestBody)] measured_time / times = 0.0422712 (double)
[       OK ] SpMMTest.opt_performance (882 ms)
[----------] 3 tests from SpMMTest (3898 ms total)

[----------] Global test environment tear-down
[==========] 3 tests from 1 test case ran. (3898 ms total)
[  PASSED  ] 3 tests.
[..1271/PA4/src/util.cu:73 (argParse)] dset = "reddit.dgl" (std::string)
[..1271/PA4/src/data.cu:5 (load_graph)] loading
[..71/PA4/test/main.cpp:17 (main)] kLen = 128 (int)
[==========] Running 3 tests from 1 test case.
[----------] Global test environment set-up.
[----------] 3 tests from SpMMTest
[ RUN      ] SpMMTest.validation
[       OK ] SpMMTest.validation (4972 ms)
[ RUN      ] SpMMTest.cusparse_performance
[..A4/test/test_spmm.cu:66 (TestBody)] measured_time / times = 0.101815 (double)
[       OK ] SpMMTest.cusparse_performance (2277 ms)
[ RUN      ] SpMMTest.opt_performance
[..A4/test/test_spmm.cu:88 (TestBody)] measured_time / times = 0.0863396 (double)
[       OK ] SpMMTest.opt_performance (1759 ms)
[----------] 3 tests from SpMMTest (9008 ms total)

[----------] Global test environment tear-down
[==========] 3 tests from 1 test case ran. (9008 ms total)
[  PASSED  ] 3 tests.
[..1271/PA4/src/util.cu:73 (argParse)] dset = "products" (std::string)
[..1271/PA4/src/data.cu:5 (load_graph)] loading
[..71/PA4/test/main.cpp:17 (main)] kLen = 128 (int)
[==========] Running 3 tests from 1 test case.
[----------] Global test environment set-up.
[----------] 3 tests from SpMMTest
[ RUN      ] SpMMTest.validation
[       OK ] SpMMTest.validation (5655 ms)
[ RUN      ] SpMMTest.cusparse_performance
[..A4/test/test_spmm.cu:66 (TestBody)] measured_time / times = 0.129175 (double)
[       OK ] SpMMTest.cusparse_performance (2889 ms)
[ RUN      ] SpMMTest.opt_performance
[..A4/test/test_spmm.cu:88 (TestBody)] measured_time / times = 0.135508 (double)
[       OK ] SpMMTest.opt_performance (2784 ms)
[----------] 3 tests from SpMMTest (11328 ms total)

[----------] Global test environment tear-down
[==========] 3 tests from 1 test case ran. (11328 ms total)
[  PASSED  ] 3 tests.
[..1271/PA4/src/util.cu:73 (argParse)] dset = "youtube" (std::string)
[..1271/PA4/src/data.cu:5 (load_graph)] loading
[..71/PA4/test/main.cpp:17 (main)] kLen = 128 (int)
[==========] Running 3 tests from 1 test case.
[----------] Global test environment set-up.
[----------] 3 tests from SpMMTest
[ RUN      ] SpMMTest.validation
[       OK ] SpMMTest.validation (613 ms)
[ RUN      ] SpMMTest.cusparse_performance
[..A4/test/test_spmm.cu:66 (TestBody)] measured_time / times = 0.00721812 (double)
[       OK ] SpMMTest.cusparse_performance (400 ms)
[ RUN      ] SpMMTest.opt_performance
[..A4/test/test_spmm.cu:88 (TestBody)] measured_time / times = 0.0157442 (double)
[       OK ] SpMMTest.opt_performance (359 ms)
[----------] 3 tests from SpMMTest (1372 ms total)

[----------] Global test environment tear-down
[==========] 3 tests from 1 test case ran. (1372 ms total)
[  PASSED  ] 3 tests.
[..1271/PA4/src/util.cu:73 (argParse)] dset = "amazon_cogdl" (std::string)
[..1271/PA4/src/data.cu:5 (load_graph)] loading
[..71/PA4/test/main.cpp:17 (main)] kLen = 128 (int)
[==========] Running 3 tests from 1 test case.
[----------] Global test environment set-up.
[----------] 3 tests from SpMMTest
[ RUN      ] SpMMTest.validation
[       OK ] SpMMTest.validation (10970 ms)
[ RUN      ] SpMMTest.cusparse_performance
[..A4/test/test_spmm.cu:66 (TestBody)] measured_time / times = 0.258992 (double)
[       OK ] SpMMTest.cusparse_performance (5473 ms)
[ RUN      ] SpMMTest.opt_performance
[..A4/test/test_spmm.cu:88 (TestBody)] measured_time / times = 0.213059 (double)
[       OK ] SpMMTest.opt_performance (4328 ms)
[----------] 3 tests from SpMMTest (20771 ms total)

[----------] Global test environment tear-down
[==========] 3 tests from 1 test case ran. (20771 ms total)
[  PASSED  ] 3 tests.
[..1271/PA4/src/util.cu:73 (argParse)] dset = "yelp" (std::string)
[..1271/PA4/src/data.cu:5 (load_graph)] loading
[..71/PA4/test/main.cpp:17 (main)] kLen = 128 (int)
[==========] Running 3 tests from 1 test case.
[----------] Global test environment set-up.
[----------] 3 tests from SpMMTest
[ RUN      ] SpMMTest.validation
[       OK ] SpMMTest.validation (662 ms)
[ RUN      ] SpMMTest.cusparse_performance
[..A4/test/test_spmm.cu:66 (TestBody)] measured_time / times = 0.0149269 (double)
[       OK ] SpMMTest.cusparse_performance (545 ms)
[ RUN      ] SpMMTest.opt_performance
[..A4/test/test_spmm.cu:88 (TestBody)] measured_time / times = 0.0170805 (double)
[       OK ] SpMMTest.opt_performance (375 ms)
[----------] 3 tests from SpMMTest (1582 ms total)

[----------] Global test environment tear-down
[==========] 3 tests from 1 test case ran. (1582 ms total)
[  PASSED  ] 3 tests.
[..1271/PA4/src/util.cu:73 (argParse)] dset = "wikikg2" (std::string)
[..1271/PA4/src/data.cu:5 (load_graph)] loading
[..71/PA4/test/main.cpp:17 (main)] kLen = 128 (int)
[==========] Running 3 tests from 1 test case.
[----------] Global test environment set-up.
[----------] 3 tests from SpMMTest
[ RUN      ] SpMMTest.validation
[       OK ] SpMMTest.validation (248 ms)
[ RUN      ] SpMMTest.cusparse_performance
[..A4/test/test_spmm.cu:66 (TestBody)] measured_time / times = 0.00836165 (double)
[       OK ] SpMMTest.cusparse_performance (468 ms)
[ RUN      ] SpMMTest.opt_performance
[..A4/test/test_spmm.cu:88 (TestBody)] measured_time / times = 0.0270669 (double)
[       OK ] SpMMTest.opt_performance (606 ms)
[----------] 3 tests from SpMMTest (1322 ms total)

[----------] Global test environment tear-down
[==========] 3 tests from 1 test case ran. (1322 ms total)
[  PASSED  ] 3 tests.
[..1271/PA4/src/util.cu:73 (argParse)] dset = "am" (std::string)
[..1271/PA4/src/data.cu:5 (load_graph)] loading
[..71/PA4/test/main.cpp:17 (main)] kLen = 128 (int)
[==========] Running 3 tests from 1 test case.
[----------] Global test environment set-up.
[----------] 3 tests from SpMMTest
[ RUN      ] SpMMTest.validation
[       OK ] SpMMTest.validation (2475 ms)
[ RUN      ] SpMMTest.cusparse_performance
[..A4/test/test_spmm.cu:66 (TestBody)] measured_time / times = 0.00681262 (double)
[       OK ] SpMMTest.cusparse_performance (386 ms)
[ RUN      ] SpMMTest.opt_performance
[..A4/test/test_spmm.cu:88 (TestBody)] measured_time / times = 0.020427 (double)
[       OK ] SpMMTest.opt_performance (451 ms)
[----------] 3 tests from SpMMTest (3312 ms total)

[----------] Global test environment tear-down
[==========] 3 tests from 1 test case ran. (3313 ms total)
[  PASSED  ] 3 tests.
[..1271/PA4/src/util.cu:73 (argParse)] dset = "arxiv" (std::string)
[..1271/PA4/src/data.cu:5 (load_graph)] loading
[..71/PA4/test/main.cpp:17 (main)] kLen = 256 (int)
[==========] Running 3 tests from 1 test case.
[----------] Global test environment set-up.
[----------] 3 tests from SpMMTest
[ RUN      ] SpMMTest.validation
[       OK ] SpMMTest.validation (406 ms)
[ RUN      ] SpMMTest.cusparse_performance
[..A4/test/test_spmm.cu:66 (TestBody)] measured_time / times = 0.00299544 (double)
[       OK ] SpMMTest.cusparse_performance (288 ms)
[ RUN      ] SpMMTest.opt_performance
[..A4/test/test_spmm.cu:88 (TestBody)] measured_time / times = 0.00470558 (double)
[       OK ] SpMMTest.opt_performance (119 ms)
[----------] 3 tests from SpMMTest (813 ms total)

[----------] Global test environment tear-down
[==========] 3 tests from 1 test case ran. (813 ms total)
[  PASSED  ] 3 tests.
[..1271/PA4/src/util.cu:73 (argParse)] dset = "collab" (std::string)
[..1271/PA4/src/data.cu:5 (load_graph)] loading
[..71/PA4/test/main.cpp:17 (main)] kLen = 256 (int)
[==========] Running 3 tests from 1 test case.
[----------] Global test environment set-up.
[----------] 3 tests from SpMMTest
[ RUN      ] SpMMTest.validation
[       OK ] SpMMTest.validation (225 ms)
[ RUN      ] SpMMTest.cusparse_performance
[..A4/test/test_spmm.cu:66 (TestBody)] measured_time / times = 0.00520071 (double)
[       OK ] SpMMTest.cusparse_performance (340 ms)
[ RUN      ] SpMMTest.opt_performance
[..A4/test/test_spmm.cu:88 (TestBody)] measured_time / times = 0.00776572 (double)
[       OK ] SpMMTest.opt_performance (185 ms)
[----------] 3 tests from SpMMTest (750 ms total)

[----------] Global test environment tear-down
[==========] 3 tests from 1 test case ran. (750 ms total)
[  PASSED  ] 3 tests.
[..1271/PA4/src/util.cu:73 (argParse)] dset = "citation" (std::string)
[..1271/PA4/src/data.cu:5 (load_graph)] loading
[..71/PA4/test/main.cpp:17 (main)] kLen = 256 (int)
[==========] Running 3 tests from 1 test case.
[----------] Global test environment set-up.
[----------] 3 tests from SpMMTest
[ RUN      ] SpMMTest.validation
[       OK ] SpMMTest.validation (2992 ms)
[ RUN      ] SpMMTest.cusparse_performance
[..A4/test/test_spmm.cu:66 (TestBody)] measured_time / times = 0.0788182 (double)
[       OK ] SpMMTest.cusparse_performance (2075 ms)
[ RUN      ] SpMMTest.opt_performance
[..A4/test/test_spmm.cu:88 (TestBody)] measured_time / times = 0.108371 (double)
[       OK ] SpMMTest.opt_performance (2446 ms)
[----------] 3 tests from SpMMTest (7513 ms total)

[----------] Global test environment tear-down
[==========] 3 tests from 1 test case ran. (7513 ms total)
[  PASSED  ] 3 tests.
[..1271/PA4/src/util.cu:73 (argParse)] dset = "ddi" (std::string)
[..1271/PA4/src/data.cu:5 (load_graph)] loading
[..71/PA4/test/main.cpp:17 (main)] kLen = 256 (int)
[==========] Running 3 tests from 1 test case.
[----------] Global test environment set-up.
[----------] 3 tests from SpMMTest
[ RUN      ] SpMMTest.validation
[       OK ] SpMMTest.validation (105 ms)
[ RUN      ] SpMMTest.cusparse_performance
[..A4/test/test_spmm.cu:66 (TestBody)] measured_time / times = 0.00155222 (double)
[       OK ] SpMMTest.cusparse_performance (249 ms)
[ RUN      ] SpMMTest.opt_performance
[..A4/test/test_spmm.cu:88 (TestBody)] measured_time / times = 0.00172264 (double)
[       OK ] SpMMTest.opt_performance (36 ms)
[----------] 3 tests from SpMMTest (390 ms total)

[----------] Global test environment tear-down
[==========] 3 tests from 1 test case ran. (390 ms total)
[  PASSED  ] 3 tests.
[..1271/PA4/src/util.cu:73 (argParse)] dset = "protein" (std::string)
[..1271/PA4/src/data.cu:5 (load_graph)] loading
[..71/PA4/test/main.cpp:17 (main)] kLen = 256 (int)
[==========] Running 3 tests from 1 test case.
[----------] Global test environment set-up.
[----------] 3 tests from SpMMTest
[ RUN      ] SpMMTest.validation
[       OK ] SpMMTest.validation (7305 ms)
[ RUN      ] SpMMTest.cusparse_performance
[..A4/test/test_spmm.cu:66 (TestBody)] measured_time / times = 0.0808278 (double)
[       OK ] SpMMTest.cusparse_performance (1848 ms)
[ RUN      ] SpMMTest.opt_performance
[..A4/test/test_spmm.cu:88 (TestBody)] measured_time / times = 0.0667298 (double)
[       OK ] SpMMTest.opt_performance (1364 ms)
[----------] 3 tests from SpMMTest (10518 ms total)

[----------] Global test environment tear-down
[==========] 3 tests from 1 test case ran. (10518 ms total)
[  PASSED  ] 3 tests.
[..1271/PA4/src/util.cu:73 (argParse)] dset = "ppa" (std::string)
[..1271/PA4/src/data.cu:5 (load_graph)] loading
[..71/PA4/test/main.cpp:17 (main)] kLen = 256 (int)
[==========] Running 3 tests from 1 test case.
[----------] Global test environment set-up.
[----------] 3 tests from SpMMTest
[ RUN      ] SpMMTest.validation
[       OK ] SpMMTest.validation (3844 ms)
[ RUN      ] SpMMTest.cusparse_performance
[..A4/test/test_spmm.cu:66 (TestBody)] measured_time / times = 0.0849672 (double)
[       OK ] SpMMTest.cusparse_performance (1953 ms)
[ RUN      ] SpMMTest.opt_performance
[..A4/test/test_spmm.cu:88 (TestBody)] measured_time / times = 0.0847859 (double)
[       OK ] SpMMTest.opt_performance (1743 ms)
[----------] 3 tests from SpMMTest (7540 ms total)

[----------] Global test environment tear-down
[==========] 3 tests from 1 test case ran. (7540 ms total)
[  PASSED  ] 3 tests.
[..1271/PA4/src/util.cu:73 (argParse)] dset = "reddit.dgl" (std::string)
[..1271/PA4/src/data.cu:5 (load_graph)] loading
[..71/PA4/test/main.cpp:17 (main)] kLen = 256 (int)
[==========] Running 3 tests from 1 test case.
[----------] Global test environment set-up.
[----------] 3 tests from SpMMTest
[ RUN      ] SpMMTest.validation
[       OK ] SpMMTest.validation (10219 ms)
[ RUN      ] SpMMTest.cusparse_performance
[..A4/test/test_spmm.cu:66 (TestBody)] measured_time / times = 0.20231 (double)
[       OK ] SpMMTest.cusparse_performance (4289 ms)
[ RUN      ] SpMMTest.opt_performance
[..A4/test/test_spmm.cu:88 (TestBody)] measured_time / times = 0.173462 (double)
[       OK ] SpMMTest.opt_performance (3510 ms)
[----------] 3 tests from SpMMTest (18018 ms total)

[----------] Global test environment tear-down
[==========] 3 tests from 1 test case ran. (18018 ms total)
[  PASSED  ] 3 tests.
[..1271/PA4/src/util.cu:73 (argParse)] dset = "products" (std::string)
[..1271/PA4/src/data.cu:5 (load_graph)] loading
[..71/PA4/test/main.cpp:17 (main)] kLen = 256 (int)
[==========] Running 3 tests from 1 test case.
[----------] Global test environment set-up.
[----------] 3 tests from SpMMTest
[ RUN      ] SpMMTest.validation
[       OK ] SpMMTest.validation (11353 ms)
[ RUN      ] SpMMTest.cusparse_performance
[..A4/test/test_spmm.cu:66 (TestBody)] measured_time / times = 0.258396 (double)
[       OK ] SpMMTest.cusparse_performance (5555 ms)
[ RUN      ] SpMMTest.opt_performance
[..A4/test/test_spmm.cu:88 (TestBody)] measured_time / times = 0.27354 (double)
[       OK ] SpMMTest.opt_performance (5695 ms)
[----------] 3 tests from SpMMTest (22603 ms total)

[----------] Global test environment tear-down
[==========] 3 tests from 1 test case ran. (22603 ms total)
[  PASSED  ] 3 tests.
[..1271/PA4/src/util.cu:73 (argParse)] dset = "youtube" (std::string)
[..1271/PA4/src/data.cu:5 (load_graph)] loading
[..71/PA4/test/main.cpp:17 (main)] kLen = 256 (int)
[==========] Running 3 tests from 1 test case.
[----------] Global test environment set-up.
[----------] 3 tests from SpMMTest
[ RUN      ] SpMMTest.validation
[       OK ] SpMMTest.validation (1263 ms)
[ RUN      ] SpMMTest.cusparse_performance
[..A4/test/test_spmm.cu:66 (TestBody)] measured_time / times = 0.0144357 (double)
[       OK ] SpMMTest.cusparse_performance (580 ms)
[ RUN      ] SpMMTest.opt_performance
[..A4/test/test_spmm.cu:88 (TestBody)] measured_time / times = 0.0316635 (double)
[       OK ] SpMMTest.opt_performance (692 ms)
[----------] 3 tests from SpMMTest (2535 ms total)

[----------] Global test environment tear-down
[==========] 3 tests from 1 test case ran. (2535 ms total)
[  PASSED  ] 3 tests.
[..1271/PA4/src/util.cu:73 (argParse)] dset = "amazon_cogdl" (std::string)
[..1271/PA4/src/data.cu:5 (load_graph)] loading
[..71/PA4/test/main.cpp:17 (main)] kLen = 256 (int)
[==========] Running 3 tests from 1 test case.
[----------] Global test environment set-up.
[----------] 3 tests from SpMMTest
[ RUN      ] SpMMTest.validation
[       OK ] SpMMTest.validation (22172 ms)
[ RUN      ] SpMMTest.cusparse_performance
[..A4/test/test_spmm.cu:66 (TestBody)] measured_time / times = 0.517234 (double)
[       OK ] SpMMTest.cusparse_performance (10684 ms)
[ RUN      ] SpMMTest.opt_performance
[..A4/test/test_spmm.cu:88 (TestBody)] measured_time / times = 0.425084 (double)
[       OK ] SpMMTest.opt_performance (8601 ms)
[----------] 3 tests from SpMMTest (41457 ms total)

[----------] Global test environment tear-down
[==========] 3 tests from 1 test case ran. (41457 ms total)
[  PASSED  ] 3 tests.
[..1271/PA4/src/util.cu:73 (argParse)] dset = "yelp" (std::string)
[..1271/PA4/src/data.cu:5 (load_graph)] loading
[..71/PA4/test/main.cpp:17 (main)] kLen = 256 (int)
[==========] Running 3 tests from 1 test case.
[----------] Global test environment set-up.
[----------] 3 tests from SpMMTest
[ RUN      ] SpMMTest.validation
[       OK ] SpMMTest.validation (1344 ms)
[ RUN      ] SpMMTest.cusparse_performance
[..A4/test/test_spmm.cu:66 (TestBody)] measured_time / times = 0.0299814 (double)
[       OK ] SpMMTest.cusparse_performance (868 ms)
[ RUN      ] SpMMTest.opt_performance
[..A4/test/test_spmm.cu:88 (TestBody)] measured_time / times = 0.0342202 (double)
[       OK ] SpMMTest.opt_performance (732 ms)
[----------] 3 tests from SpMMTest (2944 ms total)

[----------] Global test environment tear-down
[==========] 3 tests from 1 test case ran. (2944 ms total)
[  PASSED  ] 3 tests.
[..1271/PA4/src/util.cu:73 (argParse)] dset = "wikikg2" (std::string)
[..1271/PA4/src/data.cu:5 (load_graph)] loading
[..71/PA4/test/main.cpp:17 (main)] kLen = 256 (int)
[==========] Running 3 tests from 1 test case.
[----------] Global test environment set-up.
[----------] 3 tests from SpMMTest
[ RUN      ] SpMMTest.validation
[       OK ] SpMMTest.validation (604 ms)
[ RUN      ] SpMMTest.cusparse_performance
[..A4/test/test_spmm.cu:66 (TestBody)] measured_time / times = 0.0166457 (double)
[       OK ] SpMMTest.cusparse_performance (702 ms)
[ RUN      ] SpMMTest.opt_performance
[..A4/test/test_spmm.cu:88 (TestBody)] measured_time / times = 0.0543676 (double)
[       OK ] SpMMTest.opt_performance (1312 ms)
[----------] 3 tests from SpMMTest (2618 ms total)

[----------] Global test environment tear-down
[==========] 3 tests from 1 test case ran. (2618 ms total)
[  PASSED  ] 3 tests.
[..1271/PA4/src/util.cu:73 (argParse)] dset = "am" (std::string)
[..1271/PA4/src/data.cu:5 (load_graph)] loading
[..71/PA4/test/main.cpp:17 (main)] kLen = 256 (int)
[==========] Running 3 tests from 1 test case.
[----------] Global test environment set-up.
[----------] 3 tests from SpMMTest
[ RUN      ] SpMMTest.validation
[       OK ] SpMMTest.validation (4953 ms)
[ RUN      ] SpMMTest.cusparse_performance
[..A4/test/test_spmm.cu:66 (TestBody)] measured_time / times = 0.0134161 (double)
[       OK ] SpMMTest.cusparse_performance (544 ms)
[ RUN      ] SpMMTest.opt_performance
[..A4/test/test_spmm.cu:88 (TestBody)] measured_time / times = 0.033222 (double)
[       OK ] SpMMTest.opt_performance (720 ms)
[----------] 3 tests from SpMMTest (6217 ms total)

[----------] Global test environment tear-down
[==========] 3 tests from 1 test case ran. (6217 ms total)
[  PASSED  ] 3 tests.
[..1271/PA4/src/util.cu:73 (argParse)] dset = "arxiv" (std::string)
[..1271/PA4/src/data.cu:5 (load_graph)] loading
[..71/PA4/test/main.cpp:17 (main)] kLen = 512 (int)
[==========] Running 3 tests from 1 test case.
[----------] Global test environment set-up.
[----------] 3 tests from SpMMTest
[ RUN      ] SpMMTest.validation
[       OK ] SpMMTest.validation (796 ms)
[ RUN      ] SpMMTest.cusparse_performance
[..A4/test/test_spmm.cu:66 (TestBody)] measured_time / times = 0.00596749 (double)
[       OK ] SpMMTest.cusparse_performance (364 ms)
[ RUN      ] SpMMTest.opt_performance
[..A4/test/test_spmm.cu:88 (TestBody)] measured_time / times = 0.00898435 (double)
[       OK ] SpMMTest.opt_performance (215 ms)
[----------] 3 tests from SpMMTest (1375 ms total)

[----------] Global test environment tear-down
[==========] 3 tests from 1 test case ran. (1375 ms total)
[  PASSED  ] 3 tests.
[..1271/PA4/src/util.cu:73 (argParse)] dset = "collab" (std::string)
[..1271/PA4/src/data.cu:5 (load_graph)] loading
[..71/PA4/test/main.cpp:17 (main)] kLen = 512 (int)
[==========] Running 3 tests from 1 test case.
[----------] Global test environment set-up.
[----------] 3 tests from SpMMTest
[ RUN      ] SpMMTest.validation
[       OK ] SpMMTest.validation (435 ms)
[ RUN      ] SpMMTest.cusparse_performance
[..A4/test/test_spmm.cu:66 (TestBody)] measured_time / times = 0.0104878 (double)
[       OK ] SpMMTest.cusparse_performance (462 ms)
[ RUN      ] SpMMTest.opt_performance
[..A4/test/test_spmm.cu:88 (TestBody)] measured_time / times = 0.0156864 (double)
[       OK ] SpMMTest.opt_performance (359 ms)
[----------] 3 tests from SpMMTest (1257 ms total)

[----------] Global test environment tear-down
[==========] 3 tests from 1 test case ran. (1257 ms total)
[  PASSED  ] 3 tests.
[..1271/PA4/src/util.cu:73 (argParse)] dset = "citation" (std::string)
[..1271/PA4/src/data.cu:5 (load_graph)] loading
[..71/PA4/test/main.cpp:17 (main)] kLen = 512 (int)
[==========] Running 3 tests from 1 test case.
[----------] Global test environment set-up.
[----------] 3 tests from SpMMTest
[ RUN      ] SpMMTest.validation
Cuda failure: 2
/home/course/hpc/users/2018011271/PA4/./include/data.h:28
Aborting...
[..1271/PA4/src/util.cu:73 (argParse)] dset = "ddi" (std::string)
[..1271/PA4/src/data.cu:5 (load_graph)] loading
[..71/PA4/test/main.cpp:17 (main)] kLen = 512 (int)
[==========] Running 3 tests from 1 test case.
[----------] Global test environment set-up.
[----------] 3 tests from SpMMTest
[ RUN      ] SpMMTest.validation
[       OK ] SpMMTest.validation (214 ms)
[ RUN      ] SpMMTest.cusparse_performance
[..A4/test/test_spmm.cu:66 (TestBody)] measured_time / times = 0.00350305 (double)
[       OK ] SpMMTest.cusparse_performance (277 ms)
[ RUN      ] SpMMTest.opt_performance
[..A4/test/test_spmm.cu:88 (TestBody)] measured_time / times = 0.00336609 (double)
[       OK ] SpMMTest.opt_performance (69 ms)
[----------] 3 tests from SpMMTest (560 ms total)

[----------] Global test environment tear-down
[==========] 3 tests from 1 test case ran. (560 ms total)
[  PASSED  ] 3 tests.
[..1271/PA4/src/util.cu:73 (argParse)] dset = "protein" (std::string)
[..1271/PA4/src/data.cu:5 (load_graph)] loading
[..71/PA4/test/main.cpp:17 (main)] kLen = 512 (int)
[==========] Running 3 tests from 1 test case.
[----------] Global test environment set-up.
[----------] 3 tests from SpMMTest
[ RUN      ] SpMMTest.validation
[       OK ] SpMMTest.validation (14891 ms)
[ RUN      ] SpMMTest.cusparse_performance
[..A4/test/test_spmm.cu:66 (TestBody)] measured_time / times = 0.167155 (double)
[       OK ] SpMMTest.cusparse_performance (3592 ms)
[ RUN      ] SpMMTest.opt_performance
[..A4/test/test_spmm.cu:88 (TestBody)] measured_time / times = 0.132393 (double)
[       OK ] SpMMTest.opt_performance (2689 ms)
[----------] 3 tests from SpMMTest (21172 ms total)

[----------] Global test environment tear-down
[==========] 3 tests from 1 test case ran. (21172 ms total)
[  PASSED  ] 3 tests.
[..1271/PA4/src/util.cu:73 (argParse)] dset = "ppa" (std::string)
[..1271/PA4/src/data.cu:5 (load_graph)] loading
[..71/PA4/test/main.cpp:17 (main)] kLen = 512 (int)
[==========] Running 3 tests from 1 test case.
[----------] Global test environment set-up.
[----------] 3 tests from SpMMTest
[ RUN      ] SpMMTest.validation
[       OK ] SpMMTest.validation (7692 ms)
[ RUN      ] SpMMTest.cusparse_performance
[..A4/test/test_spmm.cu:66 (TestBody)] measured_time / times = 0.170927 (double)
[       OK ] SpMMTest.cusparse_performance (3709 ms)
[ RUN      ] SpMMTest.opt_performance
[..A4/test/test_spmm.cu:88 (TestBody)] measured_time / times = 0.170477 (double)
[       OK ] SpMMTest.opt_performance (3474 ms)
[----------] 3 tests from SpMMTest (14875 ms total)

[----------] Global test environment tear-down
[==========] 3 tests from 1 test case ran. (14875 ms total)
[  PASSED  ] 3 tests.
[..1271/PA4/src/util.cu:73 (argParse)] dset = "reddit.dgl" (std::string)
[..1271/PA4/src/data.cu:5 (load_graph)] loading
[..71/PA4/test/main.cpp:17 (main)] kLen = 512 (int)
[==========] Running 3 tests from 1 test case.
[----------] Global test environment set-up.
[----------] 3 tests from SpMMTest
[ RUN      ] SpMMTest.validation
[       OK ] SpMMTest.validation (20379 ms)
[ RUN      ] SpMMTest.cusparse_performance
[..A4/test/test_spmm.cu:66 (TestBody)] measured_time / times = 0.409057 (double)
[       OK ] SpMMTest.cusparse_performance (8447 ms)
[ RUN      ] SpMMTest.opt_performance
[..A4/test/test_spmm.cu:88 (TestBody)] measured_time / times = 0.346483 (double)
[       OK ] SpMMTest.opt_performance (6974 ms)
[----------] 3 tests from SpMMTest (35800 ms total)

[----------] Global test environment tear-down
[==========] 3 tests from 1 test case ran. (35800 ms total)
[  PASSED  ] 3 tests.
[..1271/PA4/src/util.cu:73 (argParse)] dset = "products" (std::string)
[..1271/PA4/src/data.cu:5 (load_graph)] loading
[..71/PA4/test/main.cpp:17 (main)] kLen = 512 (int)
[==========] Running 3 tests from 1 test case.
[----------] Global test environment set-up.
[----------] 3 tests from SpMMTest
[ RUN      ] SpMMTest.validation
[       OK ] SpMMTest.validation (30311 ms)
[ RUN      ] SpMMTest.cusparse_performance
[..A4/test/test_spmm.cu:66 (TestBody)] measured_time / times = 0.524757 (double)
[       OK ] SpMMTest.cusparse_performance (11305 ms)
[ RUN      ] SpMMTest.opt_performance
[..A4/test/test_spmm.cu:88 (TestBody)] measured_time / times = 0.716215 (double)
[       OK ] SpMMTest.opt_performance (14907 ms)
[----------] 3 tests from SpMMTest (56523 ms total)

[----------] Global test environment tear-down
[==========] 3 tests from 1 test case ran. (56523 ms total)
[  PASSED  ] 3 tests.
[..1271/PA4/src/util.cu:73 (argParse)] dset = "youtube" (std::string)
[..1271/PA4/src/data.cu:5 (load_graph)] loading
[..71/PA4/test/main.cpp:17 (main)] kLen = 512 (int)
[==========] Running 3 tests from 1 test case.
[----------] Global test environment set-up.
[----------] 3 tests from SpMMTest
[ RUN      ] SpMMTest.validation
[       OK ] SpMMTest.validation (2473 ms)
[ RUN      ] SpMMTest.cusparse_performance
[..A4/test/test_spmm.cu:66 (TestBody)] measured_time / times = 0.0290408 (double)
[       OK ] SpMMTest.cusparse_performance (951 ms)
[ RUN      ] SpMMTest.opt_performance
[..A4/test/test_spmm.cu:88 (TestBody)] measured_time / times = 0.0638996 (double)
[       OK ] SpMMTest.opt_performance (1376 ms)
[----------] 3 tests from SpMMTest (4800 ms total)

[----------] Global test environment tear-down
[==========] 3 tests from 1 test case ran. (4800 ms total)
[  PASSED  ] 3 tests.
[..1271/PA4/src/util.cu:73 (argParse)] dset = "amazon_cogdl" (std::string)
[..1271/PA4/src/data.cu:5 (load_graph)] loading
[..71/PA4/test/main.cpp:17 (main)] kLen = 512 (int)
[==========] Running 3 tests from 1 test case.
[----------] Global test environment set-up.
[----------] 3 tests from SpMMTest
[ RUN      ] SpMMTest.validation
[       OK ] SpMMTest.validation (53236 ms)
[ RUN      ] SpMMTest.cusparse_performance
[..A4/test/test_spmm.cu:66 (TestBody)] measured_time / times = 1.04715 (double)
[       OK ] SpMMTest.cusparse_performance (21479 ms)
[ RUN      ] SpMMTest.opt_performance
[..A4/test/test_spmm.cu:88 (TestBody)] measured_time / times = 0.891728 (double)
[       OK ] SpMMTest.opt_performance (18187 ms)
[----------] 3 tests from SpMMTest (92902 ms total)

[----------] Global test environment tear-down
[==========] 3 tests from 1 test case ran. (92902 ms total)
[  PASSED  ] 3 tests.
[..1271/PA4/src/util.cu:73 (argParse)] dset = "yelp" (std::string)
[..1271/PA4/src/data.cu:5 (load_graph)] loading
[..71/PA4/test/main.cpp:17 (main)] kLen = 512 (int)
[==========] Running 3 tests from 1 test case.
[----------] Global test environment set-up.
[----------] 3 tests from SpMMTest
[ RUN      ] SpMMTest.validation
[       OK ] SpMMTest.validation (2645 ms)
[ RUN      ] SpMMTest.cusparse_performance
[..A4/test/test_spmm.cu:66 (TestBody)] measured_time / times = 0.0609166 (double)
[       OK ] SpMMTest.cusparse_performance (1538 ms)
[ RUN      ] SpMMTest.opt_performance
[..A4/test/test_spmm.cu:88 (TestBody)] measured_time / times = 0.0694366 (double)
[       OK ] SpMMTest.opt_performance (1464 ms)
[----------] 3 tests from SpMMTest (5647 ms total)

[----------] Global test environment tear-down
[==========] 3 tests from 1 test case ran. (5647 ms total)
[  PASSED  ] 3 tests.
[..1271/PA4/src/util.cu:73 (argParse)] dset = "wikikg2" (std::string)
[..1271/PA4/src/data.cu:5 (load_graph)] loading
[..71/PA4/test/main.cpp:17 (main)] kLen = 512 (int)
[==========] Running 3 tests from 1 test case.
[----------] Global test environment set-up.
[----------] 3 tests from SpMMTest
[ RUN      ] SpMMTest.validation
[       OK ] SpMMTest.validation (955 ms)
[ RUN      ] SpMMTest.cusparse_performance
[..A4/test/test_spmm.cu:66 (TestBody)] measured_time / times = 0.033308 (double)
[       OK ] SpMMTest.cusparse_performance (1471 ms)
[ RUN      ] SpMMTest.opt_performance
[..A4/test/test_spmm.cu:88 (TestBody)] measured_time / times = 0.108845 (double)
[       OK ] SpMMTest.opt_performance (2758 ms)
[----------] 3 tests from SpMMTest (5184 ms total)

[----------] Global test environment tear-down
[==========] 3 tests from 1 test case ran. (5184 ms total)
[  PASSED  ] 3 tests.
[..1271/PA4/src/util.cu:73 (argParse)] dset = "am" (std::string)
[..1271/PA4/src/data.cu:5 (load_graph)] loading
[..71/PA4/test/main.cpp:17 (main)] kLen = 512 (int)
[==========] Running 3 tests from 1 test case.
[----------] Global test environment set-up.
[----------] 3 tests from SpMMTest
[ RUN      ] SpMMTest.validation
[       OK ] SpMMTest.validation (9814 ms)
[ RUN      ] SpMMTest.cusparse_performance
[..A4/test/test_spmm.cu:66 (TestBody)] measured_time / times = 0.0269662 (double)
[       OK ] SpMMTest.cusparse_performance (870 ms)
[ RUN      ] SpMMTest.opt_performance
[..A4/test/test_spmm.cu:88 (TestBody)] measured_time / times = 0.0593805 (double)
[       OK ] SpMMTest.opt_performance (1274 ms)
[----------] 3 tests from SpMMTest (11958 ms total)

[----------] Global test environment tear-down
[==========] 3 tests from 1 test case ran. (11958 ms total)
[  PASSED  ] 3 tests.
