[..1271/PA4/src/util.cu:73 (argParse)] dset = "arxiv" (std::string)
[..1271/PA4/src/data.cu:5 (load_graph)] loading
[..71/PA4/test/main.cpp:17 (main)] kLen = 32 (int)
[==========] Running 3 tests from 1 test case.
[----------] Global test environment set-up.
[----------] 3 tests from SpMMTest
[ RUN      ] SpMMTest.validation
[       OK ] SpMMTest.validation (56 ms)
[ RUN      ] SpMMTest.cusparse_performance
[..A4/test/test_spmm.cu:66 (TestBody)] measured_time / times = 0.000769577 (double)
[       OK ] SpMMTest.cusparse_performance (1128 ms)
[ RUN      ] SpMMTest.opt_performance
[..A4/test/test_spmm.cu:88 (TestBody)] measured_time / times = 0.00112632 (double)
[       OK ] SpMMTest.opt_performance (26 ms)
[----------] 3 tests from SpMMTest (1211 ms total)

[----------] Global test environment tear-down
[==========] 3 tests from 1 test case ran. (1211 ms total)
[  PASSED  ] 3 tests.
[..1271/PA4/src/util.cu:73 (argParse)] dset = "collab" (std::string)
[..1271/PA4/src/data.cu:5 (load_graph)] loading
[..71/PA4/test/main.cpp:17 (main)] kLen = 32 (int)
[==========] Running 3 tests from 1 test case.
[----------] Global test environment set-up.
[----------] 3 tests from SpMMTest
[ RUN      ] SpMMTest.validation
[       OK ] SpMMTest.validation (31 ms)
[ RUN      ] SpMMTest.cusparse_performance
[..A4/test/test_spmm.cu:66 (TestBody)] measured_time / times = 0.0013306 (double)
[       OK ] SpMMTest.cusparse_performance (242 ms)
[ RUN      ] SpMMTest.opt_performance
[..A4/test/test_spmm.cu:88 (TestBody)] measured_time / times = 0.00108744 (double)
[       OK ] SpMMTest.opt_performance (26 ms)
[----------] 3 tests from SpMMTest (300 ms total)

[----------] Global test environment tear-down
[==========] 3 tests from 1 test case ran. (300 ms total)
[  PASSED  ] 3 tests.
[..1271/PA4/src/util.cu:73 (argParse)] dset = "citation" (std::string)
[..1271/PA4/src/data.cu:5 (load_graph)] loading
[..71/PA4/test/main.cpp:17 (main)] kLen = 32 (int)
[==========] Running 3 tests from 1 test case.
[----------] Global test environment set-up.
[----------] 3 tests from SpMMTest
[ RUN      ] SpMMTest.validation
[       OK ] SpMMTest.validation (367 ms)
[ RUN      ] SpMMTest.cusparse_performance
[..A4/test/test_spmm.cu:66 (TestBody)] measured_time / times = 0.0164627 (double)
[       OK ] SpMMTest.cusparse_performance (596 ms)
[ RUN      ] SpMMTest.opt_performance
[..A4/test/test_spmm.cu:88 (TestBody)] measured_time / times = 0.0129383 (double)
[       OK ] SpMMTest.opt_performance (297 ms)
[----------] 3 tests from SpMMTest (1260 ms total)

[----------] Global test environment tear-down
[==========] 3 tests from 1 test case ran. (1260 ms total)
[  PASSED  ] 3 tests.
[..1271/PA4/src/util.cu:73 (argParse)] dset = "ddi" (std::string)
[..1271/PA4/src/data.cu:5 (load_graph)] loading
[..71/PA4/test/main.cpp:17 (main)] kLen = 32 (int)
[==========] Running 3 tests from 1 test case.
[----------] Global test environment set-up.
[----------] 3 tests from SpMMTest
[ RUN      ] SpMMTest.validation
[       OK ] SpMMTest.validation (17 ms)
[ RUN      ] SpMMTest.cusparse_performance
[..A4/test/test_spmm.cu:66 (TestBody)] measured_time / times = 0.000641624 (double)
[       OK ] SpMMTest.cusparse_performance (232 ms)
[ RUN      ] SpMMTest.opt_performance
[..A4/test/test_spmm.cu:88 (TestBody)] measured_time / times = 0.000326583 (double)
[       OK ] SpMMTest.opt_performance (7 ms)
[----------] 3 tests from SpMMTest (256 ms total)

[----------] Global test environment tear-down
[==========] 3 tests from 1 test case ran. (256 ms total)
[  PASSED  ] 3 tests.
[..1271/PA4/src/util.cu:73 (argParse)] dset = "protein" (std::string)
[..1271/PA4/src/data.cu:5 (load_graph)] loading
[..71/PA4/test/main.cpp:17 (main)] kLen = 32 (int)
[==========] Running 3 tests from 1 test case.
[----------] Global test environment set-up.
[----------] 3 tests from SpMMTest
[ RUN      ] SpMMTest.validation
[       OK ] SpMMTest.validation (788 ms)
[ RUN      ] SpMMTest.cusparse_performance
[..A4/test/test_spmm.cu:66 (TestBody)] measured_time / times = 0.0246524 (double)
[       OK ] SpMMTest.cusparse_performance (711 ms)
[ RUN      ] SpMMTest.opt_performance
[..A4/test/test_spmm.cu:88 (TestBody)] measured_time / times = 0.00855612 (double)
[       OK ] SpMMTest.opt_performance (187 ms)
[----------] 3 tests from SpMMTest (1686 ms total)

[----------] Global test environment tear-down
[==========] 3 tests from 1 test case ran. (1686 ms total)
[  PASSED  ] 3 tests.
[..1271/PA4/src/util.cu:73 (argParse)] dset = "ppa" (std::string)
[..1271/PA4/src/data.cu:5 (load_graph)] loading
[..71/PA4/test/main.cpp:17 (main)] kLen = 32 (int)
[==========] Running 3 tests from 1 test case.
[----------] Global test environment set-up.
[----------] 3 tests from SpMMTest
[ RUN      ] SpMMTest.validation
[       OK ] SpMMTest.validation (469 ms)
[ RUN      ] SpMMTest.cusparse_performance
[..A4/test/test_spmm.cu:66 (TestBody)] measured_time / times = 0.0183847 (double)
[       OK ] SpMMTest.cusparse_performance (593 ms)
[ RUN      ] SpMMTest.opt_performance
[..A4/test/test_spmm.cu:88 (TestBody)] measured_time / times = 0.0105667 (double)
[       OK ] SpMMTest.opt_performance (228 ms)
[----------] 3 tests from SpMMTest (1290 ms total)

[----------] Global test environment tear-down
[==========] 3 tests from 1 test case ran. (1290 ms total)
[  PASSED  ] 3 tests.
[..1271/PA4/src/util.cu:73 (argParse)] dset = "reddit.dgl" (std::string)
[..1271/PA4/src/data.cu:5 (load_graph)] loading
[..71/PA4/test/main.cpp:17 (main)] kLen = 32 (int)
[==========] Running 3 tests from 1 test case.
[----------] Global test environment set-up.
[----------] 3 tests from SpMMTest
[ RUN      ] SpMMTest.validation
[       OK ] SpMMTest.validation (1140 ms)
[ RUN      ] SpMMTest.cusparse_performance
[..A4/test/test_spmm.cu:66 (TestBody)] measured_time / times = 0.0486495 (double)
[       OK ] SpMMTest.cusparse_performance (1206 ms)
[ RUN      ] SpMMTest.opt_performance
[..A4/test/test_spmm.cu:88 (TestBody)] measured_time / times = 0.0214964 (double)
[       OK ] SpMMTest.opt_performance (453 ms)
[----------] 3 tests from SpMMTest (2799 ms total)

[----------] Global test environment tear-down
[==========] 3 tests from 1 test case ran. (2799 ms total)
[  PASSED  ] 3 tests.
[..1271/PA4/src/util.cu:73 (argParse)] dset = "products" (std::string)
[..1271/PA4/src/data.cu:5 (load_graph)] loading
[..71/PA4/test/main.cpp:17 (main)] kLen = 32 (int)
[==========] Running 3 tests from 1 test case.
[----------] Global test environment set-up.
[----------] 3 tests from SpMMTest
[ RUN      ] SpMMTest.validation
[       OK ] SpMMTest.validation (1399 ms)
[ RUN      ] SpMMTest.cusparse_performance
[..A4/test/test_spmm.cu:66 (TestBody)] measured_time / times = 0.055814 (double)
[       OK ] SpMMTest.cusparse_performance (1369 ms)
[ RUN      ] SpMMTest.opt_performance
[..A4/test/test_spmm.cu:88 (TestBody)] measured_time / times = 0.0339247 (double)
[       OK ] SpMMTest.opt_performance (723 ms)
[----------] 3 tests from SpMMTest (3491 ms total)

[----------] Global test environment tear-down
[==========] 3 tests from 1 test case ran. (3491 ms total)
[  PASSED  ] 3 tests.
[..1271/PA4/src/util.cu:73 (argParse)] dset = "youtube" (std::string)
[..1271/PA4/src/data.cu:5 (load_graph)] loading
[..71/PA4/test/main.cpp:17 (main)] kLen = 32 (int)
[==========] Running 3 tests from 1 test case.
[----------] Global test environment set-up.
[----------] 3 tests from SpMMTest
[ RUN      ] SpMMTest.validation
[       OK ] SpMMTest.validation (158 ms)
[ RUN      ] SpMMTest.cusparse_performance
[..A4/test/test_spmm.cu:66 (TestBody)] measured_time / times = 0.00364465 (double)
[       OK ] SpMMTest.cusparse_performance (305 ms)
[ RUN      ] SpMMTest.opt_performance
[..A4/test/test_spmm.cu:88 (TestBody)] measured_time / times = 0.00398317 (double)
[       OK ] SpMMTest.opt_performance (98 ms)
[----------] 3 tests from SpMMTest (561 ms total)

[----------] Global test environment tear-down
[==========] 3 tests from 1 test case ran. (561 ms total)
[  PASSED  ] 3 tests.
[..1271/PA4/src/util.cu:73 (argParse)] dset = "amazon_cogdl" (std::string)
[..1271/PA4/src/data.cu:5 (load_graph)] loading
[..71/PA4/test/main.cpp:17 (main)] kLen = 32 (int)
[==========] Running 3 tests from 1 test case.
[----------] Global test environment set-up.
[----------] 3 tests from SpMMTest
[ RUN      ] SpMMTest.validation
[       OK ] SpMMTest.validation (2544 ms)
[ RUN      ] SpMMTest.cusparse_performance
[..A4/test/test_spmm.cu:66 (TestBody)] measured_time / times = 0.125361 (double)
[       OK ] SpMMTest.cusparse_performance (2760 ms)
[ RUN      ] SpMMTest.opt_performance
[..A4/test/test_spmm.cu:88 (TestBody)] measured_time / times = 0.0542503 (double)
[       OK ] SpMMTest.opt_performance (1133 ms)
[----------] 3 tests from SpMMTest (6437 ms total)

[----------] Global test environment tear-down
[==========] 3 tests from 1 test case ran. (6437 ms total)
[  PASSED  ] 3 tests.
[..1271/PA4/src/util.cu:73 (argParse)] dset = "yelp" (std::string)
[..1271/PA4/src/data.cu:5 (load_graph)] loading
[..71/PA4/test/main.cpp:17 (main)] kLen = 32 (int)
[==========] Running 3 tests from 1 test case.
[----------] Global test environment set-up.
[----------] 3 tests from SpMMTest
[ RUN      ] SpMMTest.validation
[       OK ] SpMMTest.validation (160 ms)
[ RUN      ] SpMMTest.cusparse_performance
[..A4/test/test_spmm.cu:66 (TestBody)] measured_time / times = 0.00657493 (double)
[       OK ] SpMMTest.cusparse_performance (357 ms)
[ RUN      ] SpMMTest.opt_performance
[..A4/test/test_spmm.cu:88 (TestBody)] measured_time / times = 0.00463125 (double)
[       OK ] SpMMTest.opt_performance (107 ms)
[----------] 3 tests from SpMMTest (624 ms total)

[----------] Global test environment tear-down
[==========] 3 tests from 1 test case ran. (624 ms total)
[  PASSED  ] 3 tests.
[..1271/PA4/src/util.cu:73 (argParse)] dset = "wikikg2" (std::string)
[..1271/PA4/src/data.cu:5 (load_graph)] loading
[..71/PA4/test/main.cpp:17 (main)] kLen = 32 (int)
[==========] Running 3 tests from 1 test case.
[----------] Global test environment set-up.
[----------] 3 tests from SpMMTest
[ RUN      ] SpMMTest.validation
[       OK ] SpMMTest.validation (71 ms)
[ RUN      ] SpMMTest.cusparse_performance
[..A4/test/test_spmm.cu:66 (TestBody)] measured_time / times = 0.00714682 (double)
[       OK ] SpMMTest.cusparse_performance (392 ms)
[ RUN      ] SpMMTest.opt_performance
[..A4/test/test_spmm.cu:88 (TestBody)] measured_time / times = 0.00643485 (double)
[       OK ] SpMMTest.opt_performance (158 ms)
[----------] 3 tests from SpMMTest (621 ms total)

[----------] Global test environment tear-down
[==========] 3 tests from 1 test case ran. (621 ms total)
[  PASSED  ] 3 tests.
[..1271/PA4/src/util.cu:73 (argParse)] dset = "am" (std::string)
[..1271/PA4/src/data.cu:5 (load_graph)] loading
[..71/PA4/test/main.cpp:17 (main)] kLen = 32 (int)
[==========] Running 3 tests from 1 test case.
[----------] Global test environment set-up.
[----------] 3 tests from SpMMTest
[ RUN      ] SpMMTest.validation
[       OK ] SpMMTest.validation (633 ms)
[ RUN      ] SpMMTest.cusparse_performance
[..A4/test/test_spmm.cu:66 (TestBody)] measured_time / times = 0.0037412 (double)
[       OK ] SpMMTest.cusparse_performance (297 ms)
[ RUN      ] SpMMTest.opt_performance
[..A4/test/test_spmm.cu:88 (TestBody)] measured_time / times = 0.0110094 (double)
[       OK ] SpMMTest.opt_performance (235 ms)
[----------] 3 tests from SpMMTest (1165 ms total)

[----------] Global test environment tear-down
[==========] 3 tests from 1 test case ran. (1165 ms total)
[  PASSED  ] 3 tests.
[..1271/PA4/src/util.cu:73 (argParse)] dset = "arxiv" (std::string)
[..1271/PA4/src/data.cu:5 (load_graph)] loading
[..71/PA4/test/main.cpp:17 (main)] kLen = 64 (int)
[==========] Running 3 tests from 1 test case.
[----------] Global test environment set-up.
[----------] 3 tests from SpMMTest
[ RUN      ] SpMMTest.validation
[       OK ] SpMMTest.validation (103 ms)
[ RUN      ] SpMMTest.cusparse_performance
[..A4/test/test_spmm.cu:66 (TestBody)] measured_time / times = 0.000956647 (double)
[       OK ] SpMMTest.cusparse_performance (239 ms)
[ RUN      ] SpMMTest.opt_performance
[..A4/test/test_spmm.cu:88 (TestBody)] measured_time / times = 0.00157998 (double)
[       OK ] SpMMTest.opt_performance (38 ms)
[----------] 3 tests from SpMMTest (380 ms total)

[----------] Global test environment tear-down
[==========] 3 tests from 1 test case ran. (380 ms total)
[  PASSED  ] 3 tests.
[..1271/PA4/src/util.cu:73 (argParse)] dset = "collab" (std::string)
[..1271/PA4/src/data.cu:5 (load_graph)] loading
[..71/PA4/test/main.cpp:17 (main)] kLen = 64 (int)
[==========] Running 3 tests from 1 test case.
[----------] Global test environment set-up.
[----------] 3 tests from SpMMTest
[ RUN      ] SpMMTest.validation
[       OK ] SpMMTest.validation (58 ms)
[ RUN      ] SpMMTest.cusparse_performance
[..A4/test/test_spmm.cu:66 (TestBody)] measured_time / times = 0.00159442 (double)
[       OK ] SpMMTest.cusparse_performance (248 ms)
[ RUN      ] SpMMTest.opt_performance
[..A4/test/test_spmm.cu:88 (TestBody)] measured_time / times = 0.00206884 (double)
[       OK ] SpMMTest.opt_performance (50 ms)
[----------] 3 tests from SpMMTest (356 ms total)

[----------] Global test environment tear-down
[==========] 3 tests from 1 test case ran. (356 ms total)
[  PASSED  ] 3 tests.
[..1271/PA4/src/util.cu:73 (argParse)] dset = "citation" (std::string)
[..1271/PA4/src/data.cu:5 (load_graph)] loading
[..71/PA4/test/main.cpp:17 (main)] kLen = 64 (int)
[==========] Running 3 tests from 1 test case.
[----------] Global test environment set-up.
[----------] 3 tests from SpMMTest
[ RUN      ] SpMMTest.validation
[       OK ] SpMMTest.validation (739 ms)
[ RUN      ] SpMMTest.cusparse_performance
[..A4/test/test_spmm.cu:66 (TestBody)] measured_time / times = 0.0220676 (double)
[       OK ] SpMMTest.cusparse_performance (708 ms)
[ RUN      ] SpMMTest.opt_performance
[..A4/test/test_spmm.cu:88 (TestBody)] measured_time / times = 0.0260839 (double)
[       OK ] SpMMTest.opt_performance (570 ms)
[----------] 3 tests from SpMMTest (2017 ms total)

[----------] Global test environment tear-down
[==========] 3 tests from 1 test case ran. (2017 ms total)
[  PASSED  ] 3 tests.
[..1271/PA4/src/util.cu:73 (argParse)] dset = "ddi" (std::string)
[..1271/PA4/src/data.cu:5 (load_graph)] loading
[..71/PA4/test/main.cpp:17 (main)] kLen = 64 (int)
[==========] Running 3 tests from 1 test case.
[----------] Global test environment set-up.
[----------] 3 tests from SpMMTest
[ RUN      ] SpMMTest.validation
[       OK ] SpMMTest.validation (29 ms)
[ RUN      ] SpMMTest.cusparse_performance
[..A4/test/test_spmm.cu:66 (TestBody)] measured_time / times = 0.000683869 (double)
[       OK ] SpMMTest.cusparse_performance (228 ms)
[ RUN      ] SpMMTest.opt_performance
[..A4/test/test_spmm.cu:88 (TestBody)] measured_time / times = 0.000504114 (double)
[       OK ] SpMMTest.opt_performance (11 ms)
[----------] 3 tests from SpMMTest (269 ms total)

[----------] Global test environment tear-down
[==========] 3 tests from 1 test case ran. (269 ms total)
[  PASSED  ] 3 tests.
[..1271/PA4/src/util.cu:73 (argParse)] dset = "protein" (std::string)
[..1271/PA4/src/data.cu:5 (load_graph)] loading
[..71/PA4/test/main.cpp:17 (main)] kLen = 64 (int)
[==========] Running 3 tests from 1 test case.
[----------] Global test environment set-up.
[----------] 3 tests from SpMMTest
[ RUN      ] SpMMTest.validation
[       OK ] SpMMTest.validation (1664 ms)
[ RUN      ] SpMMTest.cusparse_performance
[..A4/test/test_spmm.cu:66 (TestBody)] measured_time / times = 0.0308714 (double)
[       OK ] SpMMTest.cusparse_performance (839 ms)
[ RUN      ] SpMMTest.opt_performance
[..A4/test/test_spmm.cu:88 (TestBody)] measured_time / times = 0.0168302 (double)
[       OK ] SpMMTest.opt_performance (354 ms)
[----------] 3 tests from SpMMTest (2857 ms total)

[----------] Global test environment tear-down
[==========] 3 tests from 1 test case ran. (2857 ms total)
[  PASSED  ] 3 tests.
[..1271/PA4/src/util.cu:73 (argParse)] dset = "ppa" (std::string)
[..1271/PA4/src/data.cu:5 (load_graph)] loading
[..71/PA4/test/main.cpp:17 (main)] kLen = 64 (int)
[==========] Running 3 tests from 1 test case.
[----------] Global test environment set-up.
[----------] 3 tests from SpMMTest
[ RUN      ] SpMMTest.validation
[       OK ] SpMMTest.validation (955 ms)
[ RUN      ] SpMMTest.cusparse_performance
[..A4/test/test_spmm.cu:66 (TestBody)] measured_time / times = 0.0245003 (double)
[       OK ] SpMMTest.cusparse_performance (719 ms)
[ RUN      ] SpMMTest.opt_performance
[..A4/test/test_spmm.cu:88 (TestBody)] measured_time / times = 0.0211636 (double)
[       OK ] SpMMTest.opt_performance (446 ms)
[----------] 3 tests from SpMMTest (2120 ms total)

[----------] Global test environment tear-down
[==========] 3 tests from 1 test case ran. (2120 ms total)
[  PASSED  ] 3 tests.
[..1271/PA4/src/util.cu:73 (argParse)] dset = "reddit.dgl" (std::string)
[..1271/PA4/src/data.cu:5 (load_graph)] loading
[..71/PA4/test/main.cpp:17 (main)] kLen = 64 (int)
[==========] Running 3 tests from 1 test case.
[----------] Global test environment set-up.
[----------] 3 tests from SpMMTest
[ RUN      ] SpMMTest.validation
[       OK ] SpMMTest.validation (2414 ms)
[ RUN      ] SpMMTest.cusparse_performance
[..A4/test/test_spmm.cu:66 (TestBody)] measured_time / times = 0.065872 (double)
[       OK ] SpMMTest.cusparse_performance (1551 ms)
[ RUN      ] SpMMTest.opt_performance
[..A4/test/test_spmm.cu:88 (TestBody)] measured_time / times = 0.0430071 (double)
[       OK ] SpMMTest.opt_performance (887 ms)
[----------] 3 tests from SpMMTest (4852 ms total)

[----------] Global test environment tear-down
[==========] 3 tests from 1 test case ran. (4852 ms total)
[  PASSED  ] 3 tests.
[..1271/PA4/src/util.cu:73 (argParse)] dset = "products" (std::string)
[..1271/PA4/src/data.cu:5 (load_graph)] loading
[..71/PA4/test/main.cpp:17 (main)] kLen = 64 (int)
[==========] Running 3 tests from 1 test case.
[----------] Global test environment set-up.
[----------] 3 tests from SpMMTest
[ RUN      ] SpMMTest.validation
[       OK ] SpMMTest.validation (2834 ms)
[ RUN      ] SpMMTest.cusparse_performance
[..A4/test/test_spmm.cu:66 (TestBody)] measured_time / times = 0.0747989 (double)
[       OK ] SpMMTest.cusparse_performance (1769 ms)
[ RUN      ] SpMMTest.opt_performance
[..A4/test/test_spmm.cu:88 (TestBody)] measured_time / times = 0.068022 (double)
[       OK ] SpMMTest.opt_performance (1416 ms)
[----------] 3 tests from SpMMTest (6019 ms total)

[----------] Global test environment tear-down
[==========] 3 tests from 1 test case ran. (6019 ms total)
[  PASSED  ] 3 tests.
[..1271/PA4/src/util.cu:73 (argParse)] dset = "youtube" (std::string)
[..1271/PA4/src/data.cu:5 (load_graph)] loading
[..71/PA4/test/main.cpp:17 (main)] kLen = 64 (int)
[==========] Running 3 tests from 1 test case.
[----------] Global test environment set-up.
[----------] 3 tests from SpMMTest
[ RUN      ] SpMMTest.validation
[       OK ] SpMMTest.validation (319 ms)
[ RUN      ] SpMMTest.cusparse_performance
[..A4/test/test_spmm.cu:66 (TestBody)] measured_time / times = 0.0044649 (double)
[       OK ] SpMMTest.cusparse_performance (325 ms)
[ RUN      ] SpMMTest.opt_performance
[..A4/test/test_spmm.cu:88 (TestBody)] measured_time / times = 0.00794406 (double)
[       OK ] SpMMTest.opt_performance (188 ms)
[----------] 3 tests from SpMMTest (832 ms total)

[----------] Global test environment tear-down
[==========] 3 tests from 1 test case ran. (832 ms total)
[  PASSED  ] 3 tests.
[..1271/PA4/src/util.cu:73 (argParse)] dset = "amazon_cogdl" (std::string)
[..1271/PA4/src/data.cu:5 (load_graph)] loading
[..71/PA4/test/main.cpp:17 (main)] kLen = 64 (int)
[==========] Running 3 tests from 1 test case.
[----------] Global test environment set-up.
[----------] 3 tests from SpMMTest
[ RUN      ] SpMMTest.validation
[       OK ] SpMMTest.validation (5349 ms)
[ RUN      ] SpMMTest.cusparse_performance
[..A4/test/test_spmm.cu:66 (TestBody)] measured_time / times = 0.179622 (double)
[       OK ] SpMMTest.cusparse_performance (3863 ms)
[ RUN      ] SpMMTest.opt_performance
[..A4/test/test_spmm.cu:88 (TestBody)] measured_time / times = 0.106873 (double)
[       OK ] SpMMTest.opt_performance (2191 ms)
[----------] 3 tests from SpMMTest (11403 ms total)

[----------] Global test environment tear-down
[==========] 3 tests from 1 test case ran. (11403 ms total)
[  PASSED  ] 3 tests.
[..1271/PA4/src/util.cu:73 (argParse)] dset = "yelp" (std::string)
[..1271/PA4/src/data.cu:5 (load_graph)] loading
[..71/PA4/test/main.cpp:17 (main)] kLen = 64 (int)
[==========] Running 3 tests from 1 test case.
[----------] Global test environment set-up.
[----------] 3 tests from SpMMTest
[ RUN      ] SpMMTest.validation
[       OK ] SpMMTest.validation (328 ms)
[ RUN      ] SpMMTest.cusparse_performance
[..A4/test/test_spmm.cu:66 (TestBody)] measured_time / times = 0.00867305 (double)
[       OK ] SpMMTest.cusparse_performance (404 ms)
[ RUN      ] SpMMTest.opt_performance
[..A4/test/test_spmm.cu:88 (TestBody)] measured_time / times = 0.00911149 (double)
[       OK ] SpMMTest.opt_performance (208 ms)
[----------] 3 tests from SpMMTest (940 ms total)

[----------] Global test environment tear-down
[==========] 3 tests from 1 test case ran. (940 ms total)
[  PASSED  ] 3 tests.
[..1271/PA4/src/util.cu:73 (argParse)] dset = "wikikg2" (std::string)
[..1271/PA4/src/data.cu:5 (load_graph)] loading
[..71/PA4/test/main.cpp:17 (main)] kLen = 64 (int)
[==========] Running 3 tests from 1 test case.
[----------] Global test environment set-up.
[----------] 3 tests from SpMMTest
[ RUN      ] SpMMTest.validation
[       OK ] SpMMTest.validation (131 ms)
[ RUN      ] SpMMTest.cusparse_performance
[..A4/test/test_spmm.cu:66 (TestBody)] measured_time / times = 0.00717887 (double)
[       OK ] SpMMTest.cusparse_performance (406 ms)
[ RUN      ] SpMMTest.opt_performance
[..A4/test/test_spmm.cu:88 (TestBody)] measured_time / times = 0.0127944 (double)
[       OK ] SpMMTest.opt_performance (302 ms)
[----------] 3 tests from SpMMTest (839 ms total)

[----------] Global test environment tear-down
[==========] 3 tests from 1 test case ran. (839 ms total)
[  PASSED  ] 3 tests.
[..1271/PA4/src/util.cu:73 (argParse)] dset = "am" (std::string)
[..1271/PA4/src/data.cu:5 (load_graph)] loading
[..71/PA4/test/main.cpp:17 (main)] kLen = 64 (int)
[==========] Running 3 tests from 1 test case.
[----------] Global test environment set-up.
[----------] 3 tests from SpMMTest
[ RUN      ] SpMMTest.validation
[       OK ] SpMMTest.validation (1242 ms)
[ RUN      ] SpMMTest.cusparse_performance
[..A4/test/test_spmm.cu:66 (TestBody)] measured_time / times = 0.00514672 (double)
[       OK ] SpMMTest.cusparse_performance (337 ms)
[ RUN      ] SpMMTest.opt_performance
[..A4/test/test_spmm.cu:88 (TestBody)] measured_time / times = 0.0138272 (double)
[       OK ] SpMMTest.opt_performance (303 ms)
[----------] 3 tests from SpMMTest (1882 ms total)

[----------] Global test environment tear-down
[==========] 3 tests from 1 test case ran. (1883 ms total)
[  PASSED  ] 3 tests.
[..1271/PA4/src/util.cu:73 (argParse)] dset = "arxiv" (std::string)
[..1271/PA4/src/data.cu:5 (load_graph)] loading
[..71/PA4/test/main.cpp:17 (main)] kLen = 128 (int)
[==========] Running 3 tests from 1 test case.
[----------] Global test environment set-up.
[----------] 3 tests from SpMMTest
[ RUN      ] SpMMTest.validation
[       OK ] SpMMTest.validation (206 ms)
[ RUN      ] SpMMTest.cusparse_performance
[..A4/test/test_spmm.cu:66 (TestBody)] measured_time / times = 0.00152121 (double)
[       OK ] SpMMTest.cusparse_performance (250 ms)
[ RUN      ] SpMMTest.opt_performance
[..A4/test/test_spmm.cu:88 (TestBody)] measured_time / times = 0.00266529 (double)
[       OK ] SpMMTest.opt_performance (65 ms)
[----------] 3 tests from SpMMTest (521 ms total)

[----------] Global test environment tear-down
[==========] 3 tests from 1 test case ran. (521 ms total)
[  PASSED  ] 3 tests.
[..1271/PA4/src/util.cu:73 (argParse)] dset = "collab" (std::string)
[..1271/PA4/src/data.cu:5 (load_graph)] loading
[..71/PA4/test/main.cpp:17 (main)] kLen = 128 (int)
[==========] Running 3 tests from 1 test case.
[----------] Global test environment set-up.
[----------] 3 tests from SpMMTest
[ RUN      ] SpMMTest.validation
[       OK ] SpMMTest.validation (116 ms)
[ RUN      ] SpMMTest.cusparse_performance
[..A4/test/test_spmm.cu:66 (TestBody)] measured_time / times = 0.00259781 (double)
[       OK ] SpMMTest.cusparse_performance (272 ms)
[ RUN      ] SpMMTest.opt_performance
[..A4/test/test_spmm.cu:88 (TestBody)] measured_time / times = 0.00413485 (double)
[       OK ] SpMMTest.opt_performance (98 ms)
[----------] 3 tests from SpMMTest (486 ms total)

[----------] Global test environment tear-down
[==========] 3 tests from 1 test case ran. (486 ms total)
[  PASSED  ] 3 tests.
[..1271/PA4/src/util.cu:73 (argParse)] dset = "citation" (std::string)
[..1271/PA4/src/data.cu:5 (load_graph)] loading
[..71/PA4/test/main.cpp:17 (main)] kLen = 128 (int)
[==========] Running 3 tests from 1 test case.
[----------] Global test environment set-up.
[----------] 3 tests from SpMMTest
[ RUN      ] SpMMTest.validation
[       OK ] SpMMTest.validation (1468 ms)
[ RUN      ] SpMMTest.cusparse_performance
[..A4/test/test_spmm.cu:66 (TestBody)] measured_time / times = 0.0392908 (double)
[       OK ] SpMMTest.cusparse_performance (1090 ms)
[ RUN      ] SpMMTest.opt_performance
[..A4/test/test_spmm.cu:88 (TestBody)] measured_time / times = 0.0525169 (double)
[       OK ] SpMMTest.opt_performance (1123 ms)
[----------] 3 tests from SpMMTest (3681 ms total)

[----------] Global test environment tear-down
[==========] 3 tests from 1 test case ran. (3681 ms total)
[  PASSED  ] 3 tests.
[..1271/PA4/src/util.cu:73 (argParse)] dset = "ddi" (std::string)
[..1271/PA4/src/data.cu:5 (load_graph)] loading
[..71/PA4/test/main.cpp:17 (main)] kLen = 128 (int)
[==========] Running 3 tests from 1 test case.
[----------] Global test environment set-up.
[----------] 3 tests from SpMMTest
[ RUN      ] SpMMTest.validation
[       OK ] SpMMTest.validation (54 ms)
[ RUN      ] SpMMTest.cusparse_performance
[..A4/test/test_spmm.cu:66 (TestBody)] measured_time / times = 0.000840547 (double)
[       OK ] SpMMTest.cusparse_performance (235 ms)
[ RUN      ] SpMMTest.opt_performance
[..A4/test/test_spmm.cu:88 (TestBody)] measured_time / times = 0.000912166 (double)
[       OK ] SpMMTest.opt_performance (20 ms)
[----------] 3 tests from SpMMTest (309 ms total)

[----------] Global test environment tear-down
[==========] 3 tests from 1 test case ran. (309 ms total)
[  PASSED  ] 3 tests.
[..1271/PA4/src/util.cu:73 (argParse)] dset = "protein" (std::string)
[..1271/PA4/src/data.cu:5 (load_graph)] loading
[..71/PA4/test/main.cpp:17 (main)] kLen = 128 (int)
[==========] Running 3 tests from 1 test case.
[----------] Global test environment set-up.
[----------] 3 tests from SpMMTest
[ RUN      ] SpMMTest.validation
[       OK ] SpMMTest.validation (3499 ms)
[ RUN      ] SpMMTest.cusparse_performance
[..A4/test/test_spmm.cu:66 (TestBody)] measured_time / times = 0.0425273 (double)
[       OK ] SpMMTest.cusparse_performance (1081 ms)
[ RUN      ] SpMMTest.opt_performance
[..A4/test/test_spmm.cu:88 (TestBody)] measured_time / times = 0.034009 (double)
[       OK ] SpMMTest.opt_performance (702 ms)
[----------] 3 tests from SpMMTest (5282 ms total)

[----------] Global test environment tear-down
[==========] 3 tests from 1 test case ran. (5282 ms total)
[  PASSED  ] 3 tests.
[..1271/PA4/src/util.cu:73 (argParse)] dset = "ppa" (std::string)
[..1271/PA4/src/data.cu:5 (load_graph)] loading
[..71/PA4/test/main.cpp:17 (main)] kLen = 128 (int)
[==========] Running 3 tests from 1 test case.
[----------] Global test environment set-up.
[----------] 3 tests from SpMMTest
[ RUN      ] SpMMTest.validation
[       OK ] SpMMTest.validation (1922 ms)
[ RUN      ] SpMMTest.cusparse_performance
[..A4/test/test_spmm.cu:66 (TestBody)] measured_time / times = 0.0424547 (double)
[       OK ] SpMMTest.cusparse_performance (1090 ms)
[ RUN      ] SpMMTest.opt_performance
[..A4/test/test_spmm.cu:88 (TestBody)] measured_time / times = 0.0424508 (double)
[       OK ] SpMMTest.opt_performance (880 ms)
[----------] 3 tests from SpMMTest (3892 ms total)

[----------] Global test environment tear-down
[==========] 3 tests from 1 test case ran. (3892 ms total)
[  PASSED  ] 3 tests.
[..1271/PA4/src/util.cu:73 (argParse)] dset = "reddit.dgl" (std::string)
[..1271/PA4/src/data.cu:5 (load_graph)] loading
[..71/PA4/test/main.cpp:17 (main)] kLen = 128 (int)
[==========] Running 3 tests from 1 test case.
[----------] Global test environment set-up.
[----------] 3 tests from SpMMTest
[ RUN      ] SpMMTest.validation
[       OK ] SpMMTest.validation (5001 ms)
[ RUN      ] SpMMTest.cusparse_performance
[..A4/test/test_spmm.cu:66 (TestBody)] measured_time / times = 0.101821 (double)
[       OK ] SpMMTest.cusparse_performance (2275 ms)
[ RUN      ] SpMMTest.opt_performance
[..A4/test/test_spmm.cu:88 (TestBody)] measured_time / times = 0.0862798 (double)
[       OK ] SpMMTest.opt_performance (1757 ms)
[----------] 3 tests from SpMMTest (9033 ms total)

[----------] Global test environment tear-down
[==========] 3 tests from 1 test case ran. (9033 ms total)
[  PASSED  ] 3 tests.
[..1271/PA4/src/util.cu:73 (argParse)] dset = "products" (std::string)
[..1271/PA4/src/data.cu:5 (load_graph)] loading
[..71/PA4/test/main.cpp:17 (main)] kLen = 128 (int)
[==========] Running 3 tests from 1 test case.
[----------] Global test environment set-up.
[----------] 3 tests from SpMMTest
[ RUN      ] SpMMTest.validation
[       OK ] SpMMTest.validation (5653 ms)
[ RUN      ] SpMMTest.cusparse_performance
[..A4/test/test_spmm.cu:66 (TestBody)] measured_time / times = 0.129171 (double)
[       OK ] SpMMTest.cusparse_performance (2889 ms)
[ RUN      ] SpMMTest.opt_performance
[..A4/test/test_spmm.cu:88 (TestBody)] measured_time / times = 0.136568 (double)
[       OK ] SpMMTest.opt_performance (2805 ms)
[----------] 3 tests from SpMMTest (11348 ms total)

[----------] Global test environment tear-down
[==========] 3 tests from 1 test case ran. (11348 ms total)
[  PASSED  ] 3 tests.
[..1271/PA4/src/util.cu:73 (argParse)] dset = "youtube" (std::string)
[..1271/PA4/src/data.cu:5 (load_graph)] loading
[..71/PA4/test/main.cpp:17 (main)] kLen = 128 (int)
[==========] Running 3 tests from 1 test case.
[----------] Global test environment set-up.
[----------] 3 tests from SpMMTest
[ RUN      ] SpMMTest.validation
[       OK ] SpMMTest.validation (611 ms)
[ RUN      ] SpMMTest.cusparse_performance
[..A4/test/test_spmm.cu:66 (TestBody)] measured_time / times = 0.00721492 (double)
[       OK ] SpMMTest.cusparse_performance (398 ms)
[ RUN      ] SpMMTest.opt_performance
[..A4/test/test_spmm.cu:88 (TestBody)] measured_time / times = 0.0158386 (double)
[       OK ] SpMMTest.opt_performance (360 ms)
[----------] 3 tests from SpMMTest (1369 ms total)

[----------] Global test environment tear-down
[==========] 3 tests from 1 test case ran. (1369 ms total)
[  PASSED  ] 3 tests.
[..1271/PA4/src/util.cu:73 (argParse)] dset = "amazon_cogdl" (std::string)
[..1271/PA4/src/data.cu:5 (load_graph)] loading
[..71/PA4/test/main.cpp:17 (main)] kLen = 128 (int)
[==========] Running 3 tests from 1 test case.
[----------] Global test environment set-up.
[----------] 3 tests from SpMMTest
[ RUN      ] SpMMTest.validation
[       OK ] SpMMTest.validation (10871 ms)
[ RUN      ] SpMMTest.cusparse_performance
[..A4/test/test_spmm.cu:66 (TestBody)] measured_time / times = 0.258968 (double)
[       OK ] SpMMTest.cusparse_performance (5480 ms)
[ RUN      ] SpMMTest.opt_performance
[..A4/test/test_spmm.cu:88 (TestBody)] measured_time / times = 0.212105 (double)
[       OK ] SpMMTest.opt_performance (4309 ms)
[----------] 3 tests from SpMMTest (20660 ms total)

[----------] Global test environment tear-down
[==========] 3 tests from 1 test case ran. (20660 ms total)
[  PASSED  ] 3 tests.
[..1271/PA4/src/util.cu:73 (argParse)] dset = "yelp" (std::string)
[..1271/PA4/src/data.cu:5 (load_graph)] loading
[..71/PA4/test/main.cpp:17 (main)] kLen = 128 (int)
[==========] Running 3 tests from 1 test case.
[----------] Global test environment set-up.
[----------] 3 tests from SpMMTest
[ RUN      ] SpMMTest.validation
[       OK ] SpMMTest.validation (671 ms)
[ RUN      ] SpMMTest.cusparse_performance
[..A4/test/test_spmm.cu:66 (TestBody)] measured_time / times = 0.0149259 (double)
[       OK ] SpMMTest.cusparse_performance (542 ms)
[ RUN      ] SpMMTest.opt_performance
[..A4/test/test_spmm.cu:88 (TestBody)] measured_time / times = 0.0181291 (double)
[       OK ] SpMMTest.opt_performance (396 ms)
[----------] 3 tests from SpMMTest (1609 ms total)

[----------] Global test environment tear-down
[==========] 3 tests from 1 test case ran. (1609 ms total)
[  PASSED  ] 3 tests.
[..1271/PA4/src/util.cu:73 (argParse)] dset = "wikikg2" (std::string)
[..1271/PA4/src/data.cu:5 (load_graph)] loading
[..71/PA4/test/main.cpp:17 (main)] kLen = 128 (int)
[==========] Running 3 tests from 1 test case.
[----------] Global test environment set-up.
[----------] 3 tests from SpMMTest
[ RUN      ] SpMMTest.validation
[       OK ] SpMMTest.validation (247 ms)
[ RUN      ] SpMMTest.cusparse_performance
[..A4/test/test_spmm.cu:66 (TestBody)] measured_time / times = 0.00835747 (double)
[       OK ] SpMMTest.cusparse_performance (468 ms)
[ RUN      ] SpMMTest.opt_performance
[..A4/test/test_spmm.cu:88 (TestBody)] measured_time / times = 0.0255767 (double)
[       OK ] SpMMTest.opt_performance (576 ms)
[----------] 3 tests from SpMMTest (1291 ms total)

[----------] Global test environment tear-down
[==========] 3 tests from 1 test case ran. (1291 ms total)
[  PASSED  ] 3 tests.
[..1271/PA4/src/util.cu:73 (argParse)] dset = "am" (std::string)
[..1271/PA4/src/data.cu:5 (load_graph)] loading
[..71/PA4/test/main.cpp:17 (main)] kLen = 128 (int)
[==========] Running 3 tests from 1 test case.
[----------] Global test environment set-up.
[----------] 3 tests from SpMMTest
[ RUN      ] SpMMTest.validation
[       OK ] SpMMTest.validation (2475 ms)
[ RUN      ] SpMMTest.cusparse_performance
[..A4/test/test_spmm.cu:66 (TestBody)] measured_time / times = 0.00680393 (double)
[       OK ] SpMMTest.cusparse_performance (391 ms)
[ RUN      ] SpMMTest.opt_performance
[..A4/test/test_spmm.cu:88 (TestBody)] measured_time / times = 0.0199369 (double)
[       OK ] SpMMTest.opt_performance (442 ms)
[----------] 3 tests from SpMMTest (3308 ms total)

[----------] Global test environment tear-down
[==========] 3 tests from 1 test case ran. (3308 ms total)
[  PASSED  ] 3 tests.
[..1271/PA4/src/util.cu:73 (argParse)] dset = "arxiv" (std::string)
[..1271/PA4/src/data.cu:5 (load_graph)] loading
[..71/PA4/test/main.cpp:17 (main)] kLen = 256 (int)
[==========] Running 3 tests from 1 test case.
[----------] Global test environment set-up.
[----------] 3 tests from SpMMTest
[ RUN      ] SpMMTest.validation
[       OK ] SpMMTest.validation (407 ms)
[ RUN      ] SpMMTest.cusparse_performance
[..A4/test/test_spmm.cu:66 (TestBody)] measured_time / times = 0.00299284 (double)
[       OK ] SpMMTest.cusparse_performance (286 ms)
[ RUN      ] SpMMTest.opt_performance
[..A4/test/test_spmm.cu:88 (TestBody)] measured_time / times = 0.00487432 (double)
[       OK ] SpMMTest.opt_performance (118 ms)
[----------] 3 tests from SpMMTest (811 ms total)

[----------] Global test environment tear-down
[==========] 3 tests from 1 test case ran. (811 ms total)
[  PASSED  ] 3 tests.
[..1271/PA4/src/util.cu:73 (argParse)] dset = "collab" (std::string)
[..1271/PA4/src/data.cu:5 (load_graph)] loading
[..71/PA4/test/main.cpp:17 (main)] kLen = 256 (int)
[==========] Running 3 tests from 1 test case.
[----------] Global test environment set-up.
[----------] 3 tests from SpMMTest
[ RUN      ] SpMMTest.validation
[       OK ] SpMMTest.validation (229 ms)
[ RUN      ] SpMMTest.cusparse_performance
[..A4/test/test_spmm.cu:66 (TestBody)] measured_time / times = 0.00520248 (double)
[       OK ] SpMMTest.cusparse_performance (342 ms)
[ RUN      ] SpMMTest.opt_performance
[..A4/test/test_spmm.cu:88 (TestBody)] measured_time / times = 0.00827107 (double)
[       OK ] SpMMTest.opt_performance (194 ms)
[----------] 3 tests from SpMMTest (765 ms total)

[----------] Global test environment tear-down
[==========] 3 tests from 1 test case ran. (765 ms total)
[  PASSED  ] 3 tests.
[..1271/PA4/src/util.cu:73 (argParse)] dset = "citation" (std::string)
[..1271/PA4/src/data.cu:5 (load_graph)] loading
[..71/PA4/test/main.cpp:17 (main)] kLen = 256 (int)
[==========] Running 3 tests from 1 test case.
[----------] Global test environment set-up.
[----------] 3 tests from SpMMTest
[ RUN      ] SpMMTest.validation
[       OK ] SpMMTest.validation (2986 ms)
[ RUN      ] SpMMTest.cusparse_performance
[..A4/test/test_spmm.cu:66 (TestBody)] measured_time / times = 0.078821 (double)
[       OK ] SpMMTest.cusparse_performance (2077 ms)
[ RUN      ] SpMMTest.opt_performance
[..A4/test/test_spmm.cu:88 (TestBody)] measured_time / times = 0.111202 (double)
[       OK ] SpMMTest.opt_performance (2502 ms)
[----------] 3 tests from SpMMTest (7565 ms total)

[----------] Global test environment tear-down
[==========] 3 tests from 1 test case ran. (7565 ms total)
[  PASSED  ] 3 tests.
[..1271/PA4/src/util.cu:73 (argParse)] dset = "ddi" (std::string)
[..1271/PA4/src/data.cu:5 (load_graph)] loading
[..71/PA4/test/main.cpp:17 (main)] kLen = 256 (int)
[==========] Running 3 tests from 1 test case.
[----------] Global test environment set-up.
[----------] 3 tests from SpMMTest
[ RUN      ] SpMMTest.validation
[       OK ] SpMMTest.validation (104 ms)
[ RUN      ] SpMMTest.cusparse_performance
[..A4/test/test_spmm.cu:66 (TestBody)] measured_time / times = 0.00155541 (double)
[       OK ] SpMMTest.cusparse_performance (240 ms)
[ RUN      ] SpMMTest.opt_performance
[..A4/test/test_spmm.cu:88 (TestBody)] measured_time / times = 0.0017506 (double)
[       OK ] SpMMTest.opt_performance (37 ms)
[----------] 3 tests from SpMMTest (381 ms total)

[----------] Global test environment tear-down
[==========] 3 tests from 1 test case ran. (381 ms total)
[  PASSED  ] 3 tests.
[..1271/PA4/src/util.cu:73 (argParse)] dset = "protein" (std::string)
[..1271/PA4/src/data.cu:5 (load_graph)] loading
[..71/PA4/test/main.cpp:17 (main)] kLen = 256 (int)
[==========] Running 3 tests from 1 test case.
[----------] Global test environment set-up.
[----------] 3 tests from SpMMTest
[ RUN      ] SpMMTest.validation
[       OK ] SpMMTest.validation (7342 ms)
[ RUN      ] SpMMTest.cusparse_performance
[..A4/test/test_spmm.cu:66 (TestBody)] measured_time / times = 0.080806 (double)
[       OK ] SpMMTest.cusparse_performance (1850 ms)
[ RUN      ] SpMMTest.opt_performance
[..A4/test/test_spmm.cu:88 (TestBody)] measured_time / times = 0.0673558 (double)
[       OK ] SpMMTest.opt_performance (1377 ms)
[----------] 3 tests from SpMMTest (10569 ms total)

[----------] Global test environment tear-down
[==========] 3 tests from 1 test case ran. (10569 ms total)
[  PASSED  ] 3 tests.
[..1271/PA4/src/util.cu:73 (argParse)] dset = "ppa" (std::string)
[..1271/PA4/src/data.cu:5 (load_graph)] loading
[..71/PA4/test/main.cpp:17 (main)] kLen = 256 (int)
[==========] Running 3 tests from 1 test case.
[----------] Global test environment set-up.
[----------] 3 tests from SpMMTest
[ RUN      ] SpMMTest.validation
[       OK ] SpMMTest.validation (3859 ms)
[ RUN      ] SpMMTest.cusparse_performance
[..A4/test/test_spmm.cu:66 (TestBody)] measured_time / times = 0.084959 (double)
[       OK ] SpMMTest.cusparse_performance (1960 ms)
[ RUN      ] SpMMTest.opt_performance
[..A4/test/test_spmm.cu:88 (TestBody)] measured_time / times = 0.0850839 (double)
[       OK ] SpMMTest.opt_performance (1747 ms)
[----------] 3 tests from SpMMTest (7566 ms total)

[----------] Global test environment tear-down
[==========] 3 tests from 1 test case ran. (7566 ms total)
[  PASSED  ] 3 tests.
[..1271/PA4/src/util.cu:73 (argParse)] dset = "reddit.dgl" (std::string)
[..1271/PA4/src/data.cu:5 (load_graph)] loading
[..71/PA4/test/main.cpp:17 (main)] kLen = 256 (int)
[==========] Running 3 tests from 1 test case.
[----------] Global test environment set-up.
[----------] 3 tests from SpMMTest
[ RUN      ] SpMMTest.validation
[       OK ] SpMMTest.validation (10220 ms)
[ RUN      ] SpMMTest.cusparse_performance
[..A4/test/test_spmm.cu:66 (TestBody)] measured_time / times = 0.202335 (double)
[       OK ] SpMMTest.cusparse_performance (4297 ms)
[ RUN      ] SpMMTest.opt_performance
[..A4/test/test_spmm.cu:88 (TestBody)] measured_time / times = 0.173208 (double)
[       OK ] SpMMTest.opt_performance (3507 ms)
[----------] 3 tests from SpMMTest (18024 ms total)

[----------] Global test environment tear-down
[==========] 3 tests from 1 test case ran. (18024 ms total)
[  PASSED  ] 3 tests.
[..1271/PA4/src/util.cu:73 (argParse)] dset = "products" (std::string)
[..1271/PA4/src/data.cu:5 (load_graph)] loading
[..71/PA4/test/main.cpp:17 (main)] kLen = 256 (int)
[==========] Running 3 tests from 1 test case.
[----------] Global test environment set-up.
[----------] 3 tests from SpMMTest
[ RUN      ] SpMMTest.validation
[       OK ] SpMMTest.validation (11368 ms)
[ RUN      ] SpMMTest.cusparse_performance
[..A4/test/test_spmm.cu:66 (TestBody)] measured_time / times = 0.258351 (double)
[       OK ] SpMMTest.cusparse_performance (5562 ms)
[ RUN      ] SpMMTest.opt_performance
[..A4/test/test_spmm.cu:88 (TestBody)] measured_time / times = 0.27597 (double)
[       OK ] SpMMTest.opt_performance (5741 ms)
[----------] 3 tests from SpMMTest (22671 ms total)

[----------] Global test environment tear-down
[==========] 3 tests from 1 test case ran. (22671 ms total)
[  PASSED  ] 3 tests.
[..1271/PA4/src/util.cu:73 (argParse)] dset = "youtube" (std::string)
[..1271/PA4/src/data.cu:5 (load_graph)] loading
[..71/PA4/test/main.cpp:17 (main)] kLen = 256 (int)
[==========] Running 3 tests from 1 test case.
[----------] Global test environment set-up.
[----------] 3 tests from SpMMTest
[ RUN      ] SpMMTest.validation
[       OK ] SpMMTest.validation (1258 ms)
[ RUN      ] SpMMTest.cusparse_performance
[..A4/test/test_spmm.cu:66 (TestBody)] measured_time / times = 0.0144333 (double)
[       OK ] SpMMTest.cusparse_performance (574 ms)
[ RUN      ] SpMMTest.opt_performance
[..A4/test/test_spmm.cu:88 (TestBody)] measured_time / times = 0.0317952 (double)
[       OK ] SpMMTest.opt_performance (695 ms)
[----------] 3 tests from SpMMTest (2527 ms total)

[----------] Global test environment tear-down
[==========] 3 tests from 1 test case ran. (2527 ms total)
[  PASSED  ] 3 tests.
[..1271/PA4/src/util.cu:73 (argParse)] dset = "amazon_cogdl" (std::string)
[..1271/PA4/src/data.cu:5 (load_graph)] loading
[..71/PA4/test/main.cpp:17 (main)] kLen = 256 (int)
[==========] Running 3 tests from 1 test case.
[----------] Global test environment set-up.
[----------] 3 tests from SpMMTest
[ RUN      ] SpMMTest.validation
[       OK ] SpMMTest.validation (22184 ms)
[ RUN      ] SpMMTest.cusparse_performance
[..A4/test/test_spmm.cu:66 (TestBody)] measured_time / times = 0.517172 (double)
[       OK ] SpMMTest.cusparse_performance (10690 ms)
[ RUN      ] SpMMTest.opt_performance
[..A4/test/test_spmm.cu:88 (TestBody)] measured_time / times = 0.423239 (double)
[       OK ] SpMMTest.opt_performance (8561 ms)
[----------] 3 tests from SpMMTest (41436 ms total)

[----------] Global test environment tear-down
[==========] 3 tests from 1 test case ran. (41436 ms total)
[  PASSED  ] 3 tests.
[..1271/PA4/src/util.cu:73 (argParse)] dset = "yelp" (std::string)
[..1271/PA4/src/data.cu:5 (load_graph)] loading
[..71/PA4/test/main.cpp:17 (main)] kLen = 256 (int)
[==========] Running 3 tests from 1 test case.
[----------] Global test environment set-up.
[----------] 3 tests from SpMMTest
[ RUN      ] SpMMTest.validation
[       OK ] SpMMTest.validation (1344 ms)
[ RUN      ] SpMMTest.cusparse_performance
[..A4/test/test_spmm.cu:66 (TestBody)] measured_time / times = 0.0299799 (double)
[       OK ] SpMMTest.cusparse_performance (861 ms)
[ RUN      ] SpMMTest.opt_performance
[..A4/test/test_spmm.cu:88 (TestBody)] measured_time / times = 0.0363169 (double)
[       OK ] SpMMTest.opt_performance (774 ms)
[----------] 3 tests from SpMMTest (2979 ms total)

[----------] Global test environment tear-down
[==========] 3 tests from 1 test case ran. (2979 ms total)
[  PASSED  ] 3 tests.
[..1271/PA4/src/util.cu:73 (argParse)] dset = "wikikg2" (std::string)
[..1271/PA4/src/data.cu:5 (load_graph)] loading
[..71/PA4/test/main.cpp:17 (main)] kLen = 256 (int)
[==========] Running 3 tests from 1 test case.
[----------] Global test environment set-up.
[----------] 3 tests from SpMMTest
[ RUN      ] SpMMTest.validation
[       OK ] SpMMTest.validation (601 ms)
[ RUN      ] SpMMTest.cusparse_performance
[..A4/test/test_spmm.cu:66 (TestBody)] measured_time / times = 0.0166513 (double)
[       OK ] SpMMTest.cusparse_performance (710 ms)
[ RUN      ] SpMMTest.opt_performance
[..A4/test/test_spmm.cu:88 (TestBody)] measured_time / times = 0.0511893 (double)
[       OK ] SpMMTest.opt_performance (1247 ms)
[----------] 3 tests from SpMMTest (2558 ms total)

[----------] Global test environment tear-down
[==========] 3 tests from 1 test case ran. (2558 ms total)
[  PASSED  ] 3 tests.
[..1271/PA4/src/util.cu:73 (argParse)] dset = "am" (std::string)
[..1271/PA4/src/data.cu:5 (load_graph)] loading
[..71/PA4/test/main.cpp:17 (main)] kLen = 256 (int)
[==========] Running 3 tests from 1 test case.
[----------] Global test environment set-up.
[----------] 3 tests from SpMMTest
[ RUN      ] SpMMTest.validation
[       OK ] SpMMTest.validation (4967 ms)
[ RUN      ] SpMMTest.cusparse_performance
[..A4/test/test_spmm.cu:66 (TestBody)] measured_time / times = 0.0134138 (double)
[       OK ] SpMMTest.cusparse_performance (543 ms)
[ RUN      ] SpMMTest.opt_performance
[..A4/test/test_spmm.cu:88 (TestBody)] measured_time / times = 0.0325454 (double)
[       OK ] SpMMTest.opt_performance (707 ms)
[----------] 3 tests from SpMMTest (6217 ms total)

[----------] Global test environment tear-down
[==========] 3 tests from 1 test case ran. (6217 ms total)
[  PASSED  ] 3 tests.
[..1271/PA4/src/util.cu:73 (argParse)] dset = "arxiv" (std::string)
[..1271/PA4/src/data.cu:5 (load_graph)] loading
[..71/PA4/test/main.cpp:17 (main)] kLen = 512 (int)
[==========] Running 3 tests from 1 test case.
[----------] Global test environment set-up.
[----------] 3 tests from SpMMTest
[ RUN      ] SpMMTest.validation
[       OK ] SpMMTest.validation (809 ms)
[ RUN      ] SpMMTest.cusparse_performance
[..A4/test/test_spmm.cu:66 (TestBody)] measured_time / times = 0.0059671 (double)
[       OK ] SpMMTest.cusparse_performance (367 ms)
[ RUN      ] SpMMTest.opt_performance
[..A4/test/test_spmm.cu:88 (TestBody)] measured_time / times = 0.00932125 (double)
[       OK ] SpMMTest.opt_performance (225 ms)
[----------] 3 tests from SpMMTest (1401 ms total)

[----------] Global test environment tear-down
[==========] 3 tests from 1 test case ran. (1401 ms total)
[  PASSED  ] 3 tests.
[..1271/PA4/src/util.cu:73 (argParse)] dset = "collab" (std::string)
[..1271/PA4/src/data.cu:5 (load_graph)] loading
[..71/PA4/test/main.cpp:17 (main)] kLen = 512 (int)
[==========] Running 3 tests from 1 test case.
[----------] Global test environment set-up.
[----------] 3 tests from SpMMTest
[ RUN      ] SpMMTest.validation
[       OK ] SpMMTest.validation (437 ms)
[ RUN      ] SpMMTest.cusparse_performance
[..A4/test/test_spmm.cu:66 (TestBody)] measured_time / times = 0.0104878 (double)
[       OK ] SpMMTest.cusparse_performance (466 ms)
[ RUN      ] SpMMTest.opt_performance
[..A4/test/test_spmm.cu:88 (TestBody)] measured_time / times = 0.016669 (double)
[       OK ] SpMMTest.opt_performance (379 ms)
[----------] 3 tests from SpMMTest (1282 ms total)

[----------] Global test environment tear-down
[==========] 3 tests from 1 test case ran. (1282 ms total)
[  PASSED  ] 3 tests.
[..1271/PA4/src/util.cu:73 (argParse)] dset = "ddi" (std::string)
[..1271/PA4/src/data.cu:5 (load_graph)] loading
[..71/PA4/test/main.cpp:17 (main)] kLen = 512 (int)
[==========] Running 3 tests from 1 test case.
[----------] Global test environment set-up.
[----------] 3 tests from SpMMTest
[ RUN      ] SpMMTest.validation
[       OK ] SpMMTest.validation (214 ms)
[ RUN      ] SpMMTest.cusparse_performance
[..A4/test/test_spmm.cu:66 (TestBody)] measured_time / times = 0.00350488 (double)
[       OK ] SpMMTest.cusparse_performance (281 ms)
[ RUN      ] SpMMTest.opt_performance
[..A4/test/test_spmm.cu:88 (TestBody)] measured_time / times = 0.00339345 (double)
[       OK ] SpMMTest.opt_performance (70 ms)
[----------] 3 tests from SpMMTest (565 ms total)

[----------] Global test environment tear-down
[==========] 3 tests from 1 test case ran. (565 ms total)
[  PASSED  ] 3 tests.
[..1271/PA4/src/util.cu:73 (argParse)] dset = "protein" (std::string)
[..1271/PA4/src/data.cu:5 (load_graph)] loading
[..71/PA4/test/main.cpp:17 (main)] kLen = 512 (int)
[==========] Running 3 tests from 1 test case.
[----------] Global test environment set-up.
[----------] 3 tests from SpMMTest
[ RUN      ] SpMMTest.validation
[       OK ] SpMMTest.validation (14820 ms)
[ RUN      ] SpMMTest.cusparse_performance
[..A4/test/test_spmm.cu:66 (TestBody)] measured_time / times = 0.167112 (double)
[       OK ] SpMMTest.cusparse_performance (3587 ms)
[ RUN      ] SpMMTest.opt_performance
[..A4/test/test_spmm.cu:88 (TestBody)] measured_time / times = 0.133594 (double)
[       OK ] SpMMTest.opt_performance (2708 ms)
[----------] 3 tests from SpMMTest (21115 ms total)

[----------] Global test environment tear-down
[==========] 3 tests from 1 test case ran. (21115 ms total)
[  PASSED  ] 3 tests.
[..1271/PA4/src/util.cu:73 (argParse)] dset = "ppa" (std::string)
[..1271/PA4/src/data.cu:5 (load_graph)] loading
[..71/PA4/test/main.cpp:17 (main)] kLen = 512 (int)
[==========] Running 3 tests from 1 test case.
[----------] Global test environment set-up.
[----------] 3 tests from SpMMTest
[ RUN      ] SpMMTest.validation
[       OK ] SpMMTest.validation (7690 ms)
[ RUN      ] SpMMTest.cusparse_performance
[..A4/test/test_spmm.cu:66 (TestBody)] measured_time / times = 0.170945 (double)
[       OK ] SpMMTest.cusparse_performance (3712 ms)
[ RUN      ] SpMMTest.opt_performance
[..A4/test/test_spmm.cu:88 (TestBody)] measured_time / times = 0.171222 (double)
[       OK ] SpMMTest.opt_performance (3489 ms)
[----------] 3 tests from SpMMTest (14891 ms total)

[----------] Global test environment tear-down
[==========] 3 tests from 1 test case ran. (14891 ms total)
[  PASSED  ] 3 tests.
[..1271/PA4/src/util.cu:73 (argParse)] dset = "reddit.dgl" (std::string)
[..1271/PA4/src/data.cu:5 (load_graph)] loading
[..71/PA4/test/main.cpp:17 (main)] kLen = 512 (int)
[==========] Running 3 tests from 1 test case.
[----------] Global test environment set-up.
[----------] 3 tests from SpMMTest
[ RUN      ] SpMMTest.validation
[       OK ] SpMMTest.validation (20481 ms)
[ RUN      ] SpMMTest.cusparse_performance
[..A4/test/test_spmm.cu:66 (TestBody)] measured_time / times = 0.409106 (double)
[       OK ] SpMMTest.cusparse_performance (8450 ms)
[ RUN      ] SpMMTest.opt_performance
[..A4/test/test_spmm.cu:88 (TestBody)] measured_time / times = 0.34597 (double)
[       OK ] SpMMTest.opt_performance (6972 ms)
[----------] 3 tests from SpMMTest (35903 ms total)

[----------] Global test environment tear-down
[==========] 3 tests from 1 test case ran. (35905 ms total)
[  PASSED  ] 3 tests.
[..1271/PA4/src/util.cu:73 (argParse)] dset = "products" (std::string)
[..1271/PA4/src/data.cu:5 (load_graph)] loading
[..71/PA4/test/main.cpp:17 (main)] kLen = 512 (int)
[==========] Running 3 tests from 1 test case.
[----------] Global test environment set-up.
[----------] 3 tests from SpMMTest
[ RUN      ] SpMMTest.validation
[       OK ] SpMMTest.validation (30347 ms)
[ RUN      ] SpMMTest.cusparse_performance
[..A4/test/test_spmm.cu:66 (TestBody)] measured_time / times = 0.524743 (double)
[       OK ] SpMMTest.cusparse_performance (11306 ms)
[ RUN      ] SpMMTest.opt_performance
[..A4/test/test_spmm.cu:88 (TestBody)] measured_time / times = 0.718466 (double)
[       OK ] SpMMTest.opt_performance (14953 ms)
[----------] 3 tests from SpMMTest (56606 ms total)

[----------] Global test environment tear-down
[==========] 3 tests from 1 test case ran. (56606 ms total)
[  PASSED  ] 3 tests.
[..1271/PA4/src/util.cu:73 (argParse)] dset = "youtube" (std::string)
[..1271/PA4/src/data.cu:5 (load_graph)] loading
[..71/PA4/test/main.cpp:17 (main)] kLen = 512 (int)
[==========] Running 3 tests from 1 test case.
[----------] Global test environment set-up.
[----------] 3 tests from SpMMTest
[ RUN      ] SpMMTest.validation
[       OK ] SpMMTest.validation (2464 ms)
[ RUN      ] SpMMTest.cusparse_performance
[..A4/test/test_spmm.cu:66 (TestBody)] measured_time / times = 0.0290498 (double)
[       OK ] SpMMTest.cusparse_performance (956 ms)
[ RUN      ] SpMMTest.opt_performance
[..A4/test/test_spmm.cu:88 (TestBody)] measured_time / times = 0.0640703 (double)
[       OK ] SpMMTest.opt_performance (1379 ms)
[----------] 3 tests from SpMMTest (4799 ms total)

[----------] Global test environment tear-down
[==========] 3 tests from 1 test case ran. (4799 ms total)
[  PASSED  ] 3 tests.
[..1271/PA4/src/util.cu:73 (argParse)] dset = "amazon_cogdl" (std::string)
[..1271/PA4/src/data.cu:5 (load_graph)] loading
[..71/PA4/test/main.cpp:17 (main)] kLen = 512 (int)
[==========] Running 3 tests from 1 test case.
[----------] Global test environment set-up.
[----------] 3 tests from SpMMTest
[ RUN      ] SpMMTest.validation
[       OK ] SpMMTest.validation (52628 ms)
[ RUN      ] SpMMTest.cusparse_performance
[..A4/test/test_spmm.cu:66 (TestBody)] measured_time / times = 1.04709 (double)
[       OK ] SpMMTest.cusparse_performance (21489 ms)
[ RUN      ] SpMMTest.opt_performance
[..A4/test/test_spmm.cu:88 (TestBody)] measured_time / times = 0.882408 (double)
[       OK ] SpMMTest.opt_performance (17995 ms)
[----------] 3 tests from SpMMTest (92112 ms total)

[----------] Global test environment tear-down
[==========] 3 tests from 1 test case ran. (92112 ms total)
[  PASSED  ] 3 tests.
[..1271/PA4/src/util.cu:73 (argParse)] dset = "yelp" (std::string)
[..1271/PA4/src/data.cu:5 (load_graph)] loading
[..71/PA4/test/main.cpp:17 (main)] kLen = 512 (int)
[==========] Running 3 tests from 1 test case.
[----------] Global test environment set-up.
[----------] 3 tests from SpMMTest
[ RUN      ] SpMMTest.validation
[       OK ] SpMMTest.validation (2665 ms)
[ RUN      ] SpMMTest.cusparse_performance
[..A4/test/test_spmm.cu:66 (TestBody)] measured_time / times = 0.0609142 (double)
[       OK ] SpMMTest.cusparse_performance (1525 ms)
[ RUN      ] SpMMTest.opt_performance
[..A4/test/test_spmm.cu:88 (TestBody)] measured_time / times = 0.073496 (double)
[       OK ] SpMMTest.opt_performance (1542 ms)
[----------] 3 tests from SpMMTest (5732 ms total)

[----------] Global test environment tear-down
[==========] 3 tests from 1 test case ran. (5732 ms total)
[  PASSED  ] 3 tests.
[..1271/PA4/src/util.cu:73 (argParse)] dset = "wikikg2" (std::string)
[..1271/PA4/src/data.cu:5 (load_graph)] loading
[..71/PA4/test/main.cpp:17 (main)] kLen = 512 (int)
[==========] Running 3 tests from 1 test case.
[----------] Global test environment set-up.
[----------] 3 tests from SpMMTest
[ RUN      ] SpMMTest.validation
[       OK ] SpMMTest.validation (948 ms)
[ RUN      ] SpMMTest.cusparse_performance
[..A4/test/test_spmm.cu:66 (TestBody)] measured_time / times = 0.0333023 (double)
[       OK ] SpMMTest.cusparse_performance (1477 ms)
[ RUN      ] SpMMTest.opt_performance
[..A4/test/test_spmm.cu:88 (TestBody)] measured_time / times = 0.102967 (double)
[       OK ] SpMMTest.opt_performance (2637 ms)
[----------] 3 tests from SpMMTest (5063 ms total)

[----------] Global test environment tear-down
[==========] 3 tests from 1 test case ran. (5063 ms total)
[  PASSED  ] 3 tests.
[..1271/PA4/src/util.cu:73 (argParse)] dset = "am" (std::string)
[..1271/PA4/src/data.cu:5 (load_graph)] loading
[..71/PA4/test/main.cpp:17 (main)] kLen = 512 (int)
[==========] Running 3 tests from 1 test case.
[----------] Global test environment set-up.
[----------] 3 tests from SpMMTest
[ RUN      ] SpMMTest.validation
[       OK ] SpMMTest.validation (9827 ms)
[ RUN      ] SpMMTest.cusparse_performance
[..A4/test/test_spmm.cu:66 (TestBody)] measured_time / times = 0.0269649 (double)
[       OK ] SpMMTest.cusparse_performance (866 ms)
[ RUN      ] SpMMTest.opt_performance
[..A4/test/test_spmm.cu:88 (TestBody)] measured_time / times = 0.0580926 (double)
[       OK ] SpMMTest.opt_performance (1247 ms)
[----------] 3 tests from SpMMTest (11940 ms total)

[----------] Global test environment tear-down
[==========] 3 tests from 1 test case ran. (11940 ms total)
[  PASSED  ] 3 tests.
