[..1271/PA4/src/util.cu:73 (argParse)] dset = "arxiv" (std::string)
[..1271/PA4/src/data.cu:5 (load_graph)] loading
[..71/PA4/test/main.cpp:17 (main)] kLen = 32 (int)
[==========] Running 3 tests from 1 test case.
[----------] Global test environment set-up.
[----------] 3 tests from SpMMTest
[ RUN      ] SpMMTest.validation
[       OK ] SpMMTest.validation (56 ms)
[ RUN      ] SpMMTest.cusparse_performance
[..A4/test/test_spmm.cu:66 (TestBody)] measured_time / times = 0.000771968 (double)
[       OK ] SpMMTest.cusparse_performance (1143 ms)
[ RUN      ] SpMMTest.opt_performance
[..A4/test/test_spmm.cu:88 (TestBody)] measured_time / times = 0.00112591 (double)
[       OK ] SpMMTest.opt_performance (27 ms)
[----------] 3 tests from SpMMTest (1226 ms total)

[----------] Global test environment tear-down
[==========] 3 tests from 1 test case ran. (1226 ms total)
[  PASSED  ] 3 tests.
[..1271/PA4/src/util.cu:73 (argParse)] dset = "collab" (std::string)
[..1271/PA4/src/data.cu:5 (load_graph)] loading
[..71/PA4/test/main.cpp:17 (main)] kLen = 32 (int)
[==========] Running 3 tests from 1 test case.
[----------] Global test environment set-up.
[----------] 3 tests from SpMMTest
[ RUN      ] SpMMTest.validation
[       OK ] SpMMTest.validation (31 ms)
[ RUN      ] SpMMTest.cusparse_performance
[..A4/test/test_spmm.cu:66 (TestBody)] measured_time / times = 0.00133111 (double)
[       OK ] SpMMTest.cusparse_performance (250 ms)
[ RUN      ] SpMMTest.opt_performance
[..A4/test/test_spmm.cu:88 (TestBody)] measured_time / times = 0.00101591 (double)
[       OK ] SpMMTest.opt_performance (25 ms)
[----------] 3 tests from SpMMTest (306 ms total)

[----------] Global test environment tear-down
[==========] 3 tests from 1 test case ran. (306 ms total)
[  PASSED  ] 3 tests.
[..1271/PA4/src/util.cu:73 (argParse)] dset = "citation" (std::string)
[..1271/PA4/src/data.cu:5 (load_graph)] loading
[..71/PA4/test/main.cpp:17 (main)] kLen = 32 (int)
[==========] Running 3 tests from 1 test case.
[----------] Global test environment set-up.
[----------] 3 tests from SpMMTest
[ RUN      ] SpMMTest.validation
[       OK ] SpMMTest.validation (366 ms)
[ RUN      ] SpMMTest.cusparse_performance
[..A4/test/test_spmm.cu:66 (TestBody)] measured_time / times = 0.0164488 (double)
[       OK ] SpMMTest.cusparse_performance (574 ms)
[ RUN      ] SpMMTest.opt_performance
[..A4/test/test_spmm.cu:88 (TestBody)] measured_time / times = 0.0125698 (double)
[       OK ] SpMMTest.opt_performance (290 ms)
[----------] 3 tests from SpMMTest (1230 ms total)

[----------] Global test environment tear-down
[==========] 3 tests from 1 test case ran. (1230 ms total)
[  PASSED  ] 3 tests.
[..1271/PA4/src/util.cu:73 (argParse)] dset = "ddi" (std::string)
[..1271/PA4/src/data.cu:5 (load_graph)] loading
[..71/PA4/test/main.cpp:17 (main)] kLen = 32 (int)
[==========] Running 3 tests from 1 test case.
[----------] Global test environment set-up.
[----------] 3 tests from SpMMTest
[ RUN      ] SpMMTest.validation
[       OK ] SpMMTest.validation (17 ms)
[ RUN      ] SpMMTest.cusparse_performance
[..A4/test/test_spmm.cu:66 (TestBody)] measured_time / times = 0.000641186 (double)
[       OK ] SpMMTest.cusparse_performance (221 ms)
[ RUN      ] SpMMTest.opt_performance
[..A4/test/test_spmm.cu:88 (TestBody)] measured_time / times = 0.000287641 (double)
[       OK ] SpMMTest.opt_performance (6 ms)
[----------] 3 tests from SpMMTest (244 ms total)

[----------] Global test environment tear-down
[==========] 3 tests from 1 test case ran. (244 ms total)
[  PASSED  ] 3 tests.
[..1271/PA4/src/util.cu:73 (argParse)] dset = "protein" (std::string)
[..1271/PA4/src/data.cu:5 (load_graph)] loading
[..71/PA4/test/main.cpp:17 (main)] kLen = 32 (int)
[==========] Running 3 tests from 1 test case.
[----------] Global test environment set-up.
[----------] 3 tests from SpMMTest
[ RUN      ] SpMMTest.validation
[       OK ] SpMMTest.validation (804 ms)
[ RUN      ] SpMMTest.cusparse_performance
[..A4/test/test_spmm.cu:66 (TestBody)] measured_time / times = 0.0247379 (double)
[       OK ] SpMMTest.cusparse_performance (719 ms)
[ RUN      ] SpMMTest.opt_performance
[..A4/test/test_spmm.cu:88 (TestBody)] measured_time / times = 0.00845672 (double)
[       OK ] SpMMTest.opt_performance (185 ms)
[----------] 3 tests from SpMMTest (1708 ms total)

[----------] Global test environment tear-down
[==========] 3 tests from 1 test case ran. (1708 ms total)
[  PASSED  ] 3 tests.
[..1271/PA4/src/util.cu:73 (argParse)] dset = "ppa" (std::string)
[..1271/PA4/src/data.cu:5 (load_graph)] loading
[..71/PA4/test/main.cpp:17 (main)] kLen = 32 (int)
[==========] Running 3 tests from 1 test case.
[----------] Global test environment set-up.
[----------] 3 tests from SpMMTest
[ RUN      ] SpMMTest.validation
[       OK ] SpMMTest.validation (469 ms)
[ RUN      ] SpMMTest.cusparse_performance
[..A4/test/test_spmm.cu:66 (TestBody)] measured_time / times = 0.0183862 (double)
[       OK ] SpMMTest.cusparse_performance (595 ms)
[ RUN      ] SpMMTest.opt_performance
[..A4/test/test_spmm.cu:88 (TestBody)] measured_time / times = 0.0105184 (double)
[       OK ] SpMMTest.opt_performance (227 ms)
[----------] 3 tests from SpMMTest (1291 ms total)

[----------] Global test environment tear-down
[==========] 3 tests from 1 test case ran. (1291 ms total)
[  PASSED  ] 3 tests.
[..1271/PA4/src/util.cu:73 (argParse)] dset = "reddit.dgl" (std::string)
[..1271/PA4/src/data.cu:5 (load_graph)] loading
[..71/PA4/test/main.cpp:17 (main)] kLen = 32 (int)
[==========] Running 3 tests from 1 test case.
[----------] Global test environment set-up.
[----------] 3 tests from SpMMTest
[ RUN      ] SpMMTest.validation
[       OK ] SpMMTest.validation (1132 ms)
[ RUN      ] SpMMTest.cusparse_performance
[..A4/test/test_spmm.cu:66 (TestBody)] measured_time / times = 0.0486504 (double)
[       OK ] SpMMTest.cusparse_performance (1203 ms)
[ RUN      ] SpMMTest.opt_performance
[..A4/test/test_spmm.cu:88 (TestBody)] measured_time / times = 0.0214491 (double)
[       OK ] SpMMTest.opt_performance (452 ms)
[----------] 3 tests from SpMMTest (2787 ms total)

[----------] Global test environment tear-down
[==========] 3 tests from 1 test case ran. (2787 ms total)
[  PASSED  ] 3 tests.
[..1271/PA4/src/util.cu:73 (argParse)] dset = "products" (std::string)
[..1271/PA4/src/data.cu:5 (load_graph)] loading
[..71/PA4/test/main.cpp:17 (main)] kLen = 32 (int)
[==========] Running 3 tests from 1 test case.
[----------] Global test environment set-up.
[----------] 3 tests from SpMMTest
[ RUN      ] SpMMTest.validation
[       OK ] SpMMTest.validation (1408 ms)
[ RUN      ] SpMMTest.cusparse_performance
[..A4/test/test_spmm.cu:66 (TestBody)] measured_time / times = 0.0558193 (double)
[       OK ] SpMMTest.cusparse_performance (1370 ms)
[ RUN      ] SpMMTest.opt_performance
[..A4/test/test_spmm.cu:88 (TestBody)] measured_time / times = 0.0336002 (double)
[       OK ] SpMMTest.opt_performance (716 ms)
[----------] 3 tests from SpMMTest (3494 ms total)

[----------] Global test environment tear-down
[==========] 3 tests from 1 test case ran. (3494 ms total)
[  PASSED  ] 3 tests.
[..1271/PA4/src/util.cu:73 (argParse)] dset = "youtube" (std::string)
[..1271/PA4/src/data.cu:5 (load_graph)] loading
[..71/PA4/test/main.cpp:17 (main)] kLen = 32 (int)
[==========] Running 3 tests from 1 test case.
[----------] Global test environment set-up.
[----------] 3 tests from SpMMTest
[ RUN      ] SpMMTest.validation
[       OK ] SpMMTest.validation (158 ms)
[ RUN      ] SpMMTest.cusparse_performance
[..A4/test/test_spmm.cu:66 (TestBody)] measured_time / times = 0.00364389 (double)
[       OK ] SpMMTest.cusparse_performance (303 ms)
[ RUN      ] SpMMTest.opt_performance
[..A4/test/test_spmm.cu:88 (TestBody)] measured_time / times = 0.0040113 (double)
[       OK ] SpMMTest.opt_performance (100 ms)
[----------] 3 tests from SpMMTest (561 ms total)

[----------] Global test environment tear-down
[==========] 3 tests from 1 test case ran. (561 ms total)
[  PASSED  ] 3 tests.
[..1271/PA4/src/util.cu:73 (argParse)] dset = "amazon_cogdl" (std::string)
[..1271/PA4/src/data.cu:5 (load_graph)] loading
[..71/PA4/test/main.cpp:17 (main)] kLen = 32 (int)
[==========] Running 3 tests from 1 test case.
[----------] Global test environment set-up.
[----------] 3 tests from SpMMTest
[ RUN      ] SpMMTest.validation
[       OK ] SpMMTest.validation (2556 ms)
[ RUN      ] SpMMTest.cusparse_performance
[..A4/test/test_spmm.cu:66 (TestBody)] measured_time / times = 0.125349 (double)
[       OK ] SpMMTest.cusparse_performance (2763 ms)
[ RUN      ] SpMMTest.opt_performance
[..A4/test/test_spmm.cu:88 (TestBody)] measured_time / times = 0.0544377 (double)
[       OK ] SpMMTest.opt_performance (1136 ms)
[----------] 3 tests from SpMMTest (6455 ms total)

[----------] Global test environment tear-down
[==========] 3 tests from 1 test case ran. (6455 ms total)
[  PASSED  ] 3 tests.
[..1271/PA4/src/util.cu:73 (argParse)] dset = "yelp" (std::string)
[..1271/PA4/src/data.cu:5 (load_graph)] loading
[..71/PA4/test/main.cpp:17 (main)] kLen = 32 (int)
[==========] Running 3 tests from 1 test case.
[----------] Global test environment set-up.
[----------] 3 tests from SpMMTest
[ RUN      ] SpMMTest.validation
[       OK ] SpMMTest.validation (161 ms)
[ RUN      ] SpMMTest.cusparse_performance
[..A4/test/test_spmm.cu:66 (TestBody)] measured_time / times = 0.006576 (double)
[       OK ] SpMMTest.cusparse_performance (357 ms)
[ RUN      ] SpMMTest.opt_performance
[..A4/test/test_spmm.cu:88 (TestBody)] measured_time / times = 0.00435948 (double)
[       OK ] SpMMTest.opt_performance (102 ms)
[----------] 3 tests from SpMMTest (620 ms total)

[----------] Global test environment tear-down
[==========] 3 tests from 1 test case ran. (620 ms total)
[  PASSED  ] 3 tests.
[..1271/PA4/src/util.cu:73 (argParse)] dset = "wikikg2" (std::string)
[..1271/PA4/src/data.cu:5 (load_graph)] loading
[..71/PA4/test/main.cpp:17 (main)] kLen = 32 (int)
[==========] Running 3 tests from 1 test case.
[----------] Global test environment set-up.
[----------] 3 tests from SpMMTest
[ RUN      ] SpMMTest.validation
[       OK ] SpMMTest.validation (71 ms)
[ RUN      ] SpMMTest.cusparse_performance
[..A4/test/test_spmm.cu:66 (TestBody)] measured_time / times = 0.00713964 (double)
[       OK ] SpMMTest.cusparse_performance (391 ms)
[ RUN      ] SpMMTest.opt_performance
[..A4/test/test_spmm.cu:88 (TestBody)] measured_time / times = 0.00684722 (double)
[       OK ] SpMMTest.opt_performance (173 ms)
[----------] 3 tests from SpMMTest (635 ms total)

[----------] Global test environment tear-down
[==========] 3 tests from 1 test case ran. (635 ms total)
[  PASSED  ] 3 tests.
[..1271/PA4/src/util.cu:73 (argParse)] dset = "am" (std::string)
[..1271/PA4/src/data.cu:5 (load_graph)] loading
[..71/PA4/test/main.cpp:17 (main)] kLen = 32 (int)
[==========] Running 3 tests from 1 test case.
[----------] Global test environment set-up.
[----------] 3 tests from SpMMTest
[ RUN      ] SpMMTest.validation
[       OK ] SpMMTest.validation (632 ms)
[ RUN      ] SpMMTest.cusparse_performance
[..A4/test/test_spmm.cu:66 (TestBody)] measured_time / times = 0.00374066 (double)
[       OK ] SpMMTest.cusparse_performance (297 ms)
[ RUN      ] SpMMTest.opt_performance
[..A4/test/test_spmm.cu:88 (TestBody)] measured_time / times = 0.0111529 (double)
[       OK ] SpMMTest.opt_performance (238 ms)
[----------] 3 tests from SpMMTest (1167 ms total)

[----------] Global test environment tear-down
[==========] 3 tests from 1 test case ran. (1167 ms total)
[  PASSED  ] 3 tests.
[..1271/PA4/src/util.cu:73 (argParse)] dset = "arxiv" (std::string)
[..1271/PA4/src/data.cu:5 (load_graph)] loading
[..71/PA4/test/main.cpp:17 (main)] kLen = 64 (int)
[==========] Running 3 tests from 1 test case.
[----------] Global test environment set-up.
[----------] 3 tests from SpMMTest
[ RUN      ] SpMMTest.validation
[       OK ] SpMMTest.validation (105 ms)
[ RUN      ] SpMMTest.cusparse_performance
[..A4/test/test_spmm.cu:66 (TestBody)] measured_time / times = 0.000956355 (double)
[       OK ] SpMMTest.cusparse_performance (234 ms)
[ RUN      ] SpMMTest.opt_performance
[..A4/test/test_spmm.cu:88 (TestBody)] measured_time / times = 0.00155192 (double)
[       OK ] SpMMTest.opt_performance (37 ms)
[----------] 3 tests from SpMMTest (376 ms total)

[----------] Global test environment tear-down
[==========] 3 tests from 1 test case ran. (376 ms total)
[  PASSED  ] 3 tests.
[..1271/PA4/src/util.cu:73 (argParse)] dset = "collab" (std::string)
[..1271/PA4/src/data.cu:5 (load_graph)] loading
[..71/PA4/test/main.cpp:17 (main)] kLen = 64 (int)
[==========] Running 3 tests from 1 test case.
[----------] Global test environment set-up.
[----------] 3 tests from SpMMTest
[ RUN      ] SpMMTest.validation
[       OK ] SpMMTest.validation (59 ms)
[ RUN      ] SpMMTest.cusparse_performance
[..A4/test/test_spmm.cu:66 (TestBody)] measured_time / times = 0.0015954 (double)
[       OK ] SpMMTest.cusparse_performance (255 ms)
[ RUN      ] SpMMTest.opt_performance
[..A4/test/test_spmm.cu:88 (TestBody)] measured_time / times = 0.00194087 (double)
[       OK ] SpMMTest.opt_performance (47 ms)
[----------] 3 tests from SpMMTest (361 ms total)

[----------] Global test environment tear-down
[==========] 3 tests from 1 test case ran. (361 ms total)
[  PASSED  ] 3 tests.
[..1271/PA4/src/util.cu:73 (argParse)] dset = "citation" (std::string)
[..1271/PA4/src/data.cu:5 (load_graph)] loading
[..71/PA4/test/main.cpp:17 (main)] kLen = 64 (int)
[==========] Running 3 tests from 1 test case.
[----------] Global test environment set-up.
[----------] 3 tests from SpMMTest
[ RUN      ] SpMMTest.validation
[       OK ] SpMMTest.validation (739 ms)
[ RUN      ] SpMMTest.cusparse_performance
[..A4/test/test_spmm.cu:66 (TestBody)] measured_time / times = 0.0220656 (double)
[       OK ] SpMMTest.cusparse_performance (713 ms)
[ RUN      ] SpMMTest.opt_performance
[..A4/test/test_spmm.cu:88 (TestBody)] measured_time / times = 0.0253502 (double)
[       OK ] SpMMTest.opt_performance (555 ms)
[----------] 3 tests from SpMMTest (2007 ms total)

[----------] Global test environment tear-down
[==========] 3 tests from 1 test case ran. (2007 ms total)
[  PASSED  ] 3 tests.
[..1271/PA4/src/util.cu:73 (argParse)] dset = "ddi" (std::string)
[..1271/PA4/src/data.cu:5 (load_graph)] loading
[..71/PA4/test/main.cpp:17 (main)] kLen = 64 (int)
[==========] Running 3 tests from 1 test case.
[----------] Global test environment set-up.
[----------] 3 tests from SpMMTest
[ RUN      ] SpMMTest.validation
[       OK ] SpMMTest.validation (29 ms)
[ RUN      ] SpMMTest.cusparse_performance
[..A4/test/test_spmm.cu:66 (TestBody)] measured_time / times = 0.000683895 (double)
[       OK ] SpMMTest.cusparse_performance (232 ms)
[ RUN      ] SpMMTest.opt_performance
[..A4/test/test_spmm.cu:88 (TestBody)] measured_time / times = 0.000486816 (double)
[       OK ] SpMMTest.opt_performance (11 ms)
[----------] 3 tests from SpMMTest (272 ms total)

[----------] Global test environment tear-down
[==========] 3 tests from 1 test case ran. (273 ms total)
[  PASSED  ] 3 tests.
[..1271/PA4/src/util.cu:73 (argParse)] dset = "protein" (std::string)
[..1271/PA4/src/data.cu:5 (load_graph)] loading
[..71/PA4/test/main.cpp:17 (main)] kLen = 64 (int)
[==========] Running 3 tests from 1 test case.
[----------] Global test environment set-up.
[----------] 3 tests from SpMMTest
[ RUN      ] SpMMTest.validation
[       OK ] SpMMTest.validation (1702 ms)
[ RUN      ] SpMMTest.cusparse_performance
[..A4/test/test_spmm.cu:66 (TestBody)] measured_time / times = 0.0308509 (double)
[       OK ] SpMMTest.cusparse_performance (839 ms)
[ RUN      ] SpMMTest.opt_performance
[..A4/test/test_spmm.cu:88 (TestBody)] measured_time / times = 0.0166844 (double)
[       OK ] SpMMTest.opt_performance (351 ms)
[----------] 3 tests from SpMMTest (2892 ms total)

[----------] Global test environment tear-down
[==========] 3 tests from 1 test case ran. (2892 ms total)
[  PASSED  ] 3 tests.
[..1271/PA4/src/util.cu:73 (argParse)] dset = "ppa" (std::string)
[..1271/PA4/src/data.cu:5 (load_graph)] loading
[..71/PA4/test/main.cpp:17 (main)] kLen = 64 (int)
[==========] Running 3 tests from 1 test case.
[----------] Global test environment set-up.
[----------] 3 tests from SpMMTest
[ RUN      ] SpMMTest.validation
[       OK ] SpMMTest.validation (951 ms)
[ RUN      ] SpMMTest.cusparse_performance
[..A4/test/test_spmm.cu:66 (TestBody)] measured_time / times = 0.0244982 (double)
[       OK ] SpMMTest.cusparse_performance (719 ms)
[ RUN      ] SpMMTest.opt_performance
[..A4/test/test_spmm.cu:88 (TestBody)] measured_time / times = 0.021072 (double)
[       OK ] SpMMTest.opt_performance (447 ms)
[----------] 3 tests from SpMMTest (2117 ms total)

[----------] Global test environment tear-down
[==========] 3 tests from 1 test case ran. (2117 ms total)
[  PASSED  ] 3 tests.
[..1271/PA4/src/util.cu:73 (argParse)] dset = "reddit.dgl" (std::string)
[..1271/PA4/src/data.cu:5 (load_graph)] loading
[..71/PA4/test/main.cpp:17 (main)] kLen = 64 (int)
[==========] Running 3 tests from 1 test case.
[----------] Global test environment set-up.
[----------] 3 tests from SpMMTest
[ RUN      ] SpMMTest.validation
[       OK ] SpMMTest.validation (2417 ms)
[ RUN      ] SpMMTest.cusparse_performance
[..A4/test/test_spmm.cu:66 (TestBody)] measured_time / times = 0.0658467 (double)
[       OK ] SpMMTest.cusparse_performance (1552 ms)
[ RUN      ] SpMMTest.opt_performance
[..A4/test/test_spmm.cu:88 (TestBody)] measured_time / times = 0.0430171 (double)
[       OK ] SpMMTest.opt_performance (884 ms)
[----------] 3 tests from SpMMTest (4853 ms total)

[----------] Global test environment tear-down
[==========] 3 tests from 1 test case ran. (4853 ms total)
[  PASSED  ] 3 tests.
[..1271/PA4/src/util.cu:73 (argParse)] dset = "products" (std::string)
[..1271/PA4/src/data.cu:5 (load_graph)] loading
[..71/PA4/test/main.cpp:17 (main)] kLen = 64 (int)
[==========] Running 3 tests from 1 test case.
[----------] Global test environment set-up.
[----------] 3 tests from SpMMTest
[ RUN      ] SpMMTest.validation
[       OK ] SpMMTest.validation (2835 ms)
[ RUN      ] SpMMTest.cusparse_performance
[..A4/test/test_spmm.cu:66 (TestBody)] measured_time / times = 0.074804 (double)
[       OK ] SpMMTest.cusparse_performance (1762 ms)
[ RUN      ] SpMMTest.opt_performance
[..A4/test/test_spmm.cu:88 (TestBody)] measured_time / times = 0.067464 (double)
[       OK ] SpMMTest.opt_performance (1405 ms)
[----------] 3 tests from SpMMTest (6002 ms total)

[----------] Global test environment tear-down
[==========] 3 tests from 1 test case ran. (6002 ms total)
[  PASSED  ] 3 tests.
[..1271/PA4/src/util.cu:73 (argParse)] dset = "youtube" (std::string)
[..1271/PA4/src/data.cu:5 (load_graph)] loading
[..71/PA4/test/main.cpp:17 (main)] kLen = 64 (int)
[==========] Running 3 tests from 1 test case.
[----------] Global test environment set-up.
[----------] 3 tests from SpMMTest
[ RUN      ] SpMMTest.validation
[       OK ] SpMMTest.validation (310 ms)
[ RUN      ] SpMMTest.cusparse_performance
[..A4/test/test_spmm.cu:66 (TestBody)] measured_time / times = 0.0044641 (double)
[       OK ] SpMMTest.cusparse_performance (324 ms)
[ RUN      ] SpMMTest.opt_performance
[..A4/test/test_spmm.cu:88 (TestBody)] measured_time / times = 0.00793298 (double)
[       OK ] SpMMTest.opt_performance (188 ms)
[----------] 3 tests from SpMMTest (823 ms total)

[----------] Global test environment tear-down
[==========] 3 tests from 1 test case ran. (823 ms total)
[  PASSED  ] 3 tests.
[..1271/PA4/src/util.cu:73 (argParse)] dset = "amazon_cogdl" (std::string)
[..1271/PA4/src/data.cu:5 (load_graph)] loading
[..71/PA4/test/main.cpp:17 (main)] kLen = 64 (int)
[==========] Running 3 tests from 1 test case.
[----------] Global test environment set-up.
[----------] 3 tests from SpMMTest
[ RUN      ] SpMMTest.validation
[       OK ] SpMMTest.validation (5323 ms)
[ RUN      ] SpMMTest.cusparse_performance
[..A4/test/test_spmm.cu:66 (TestBody)] measured_time / times = 0.179687 (double)
[       OK ] SpMMTest.cusparse_performance (3864 ms)
[ RUN      ] SpMMTest.opt_performance
[..A4/test/test_spmm.cu:88 (TestBody)] measured_time / times = 0.107328 (double)
[       OK ] SpMMTest.opt_performance (2200 ms)
[----------] 3 tests from SpMMTest (11387 ms total)

[----------] Global test environment tear-down
[==========] 3 tests from 1 test case ran. (11387 ms total)
[  PASSED  ] 3 tests.
[..1271/PA4/src/util.cu:73 (argParse)] dset = "yelp" (std::string)
[..1271/PA4/src/data.cu:5 (load_graph)] loading
[..71/PA4/test/main.cpp:17 (main)] kLen = 64 (int)
[==========] Running 3 tests from 1 test case.
[----------] Global test environment set-up.
[----------] 3 tests from SpMMTest
[ RUN      ] SpMMTest.validation
[       OK ] SpMMTest.validation (327 ms)
[ RUN      ] SpMMTest.cusparse_performance
[..A4/test/test_spmm.cu:66 (TestBody)] measured_time / times = 0.00867061 (double)
[       OK ] SpMMTest.cusparse_performance (402 ms)
[ RUN      ] SpMMTest.opt_performance
[..A4/test/test_spmm.cu:88 (TestBody)] measured_time / times = 0.00857399 (double)
[       OK ] SpMMTest.opt_performance (196 ms)
[----------] 3 tests from SpMMTest (926 ms total)

[----------] Global test environment tear-down
[==========] 3 tests from 1 test case ran. (927 ms total)
[  PASSED  ] 3 tests.
[..1271/PA4/src/util.cu:73 (argParse)] dset = "wikikg2" (std::string)
[..1271/PA4/src/data.cu:5 (load_graph)] loading
[..71/PA4/test/main.cpp:17 (main)] kLen = 64 (int)
[==========] Running 3 tests from 1 test case.
[----------] Global test environment set-up.
[----------] 3 tests from SpMMTest
[ RUN      ] SpMMTest.validation
[       OK ] SpMMTest.validation (132 ms)
[ RUN      ] SpMMTest.cusparse_performance
[..A4/test/test_spmm.cu:66 (TestBody)] measured_time / times = 0.00717837 (double)
[       OK ] SpMMTest.cusparse_performance (405 ms)
[ RUN      ] SpMMTest.opt_performance
[..A4/test/test_spmm.cu:88 (TestBody)] measured_time / times = 0.01355 (double)
[       OK ] SpMMTest.opt_performance (315 ms)
[----------] 3 tests from SpMMTest (852 ms total)

[----------] Global test environment tear-down
[==========] 3 tests from 1 test case ran. (852 ms total)
[  PASSED  ] 3 tests.
[..1271/PA4/src/util.cu:73 (argParse)] dset = "am" (std::string)
[..1271/PA4/src/data.cu:5 (load_graph)] loading
[..71/PA4/test/main.cpp:17 (main)] kLen = 64 (int)
[==========] Running 3 tests from 1 test case.
[----------] Global test environment set-up.
[----------] 3 tests from SpMMTest
[ RUN      ] SpMMTest.validation
[       OK ] SpMMTest.validation (1240 ms)
[ RUN      ] SpMMTest.cusparse_performance
[..A4/test/test_spmm.cu:66 (TestBody)] measured_time / times = 0.00513767 (double)
[       OK ] SpMMTest.cusparse_performance (339 ms)
[ RUN      ] SpMMTest.opt_performance
[..A4/test/test_spmm.cu:88 (TestBody)] measured_time / times = 0.0140667 (double)
[       OK ] SpMMTest.opt_performance (307 ms)
[----------] 3 tests from SpMMTest (1886 ms total)

[----------] Global test environment tear-down
[==========] 3 tests from 1 test case ran. (1886 ms total)
[  PASSED  ] 3 tests.
[..1271/PA4/src/util.cu:73 (argParse)] dset = "arxiv" (std::string)
[..1271/PA4/src/data.cu:5 (load_graph)] loading
[..71/PA4/test/main.cpp:17 (main)] kLen = 128 (int)
[==========] Running 3 tests from 1 test case.
[----------] Global test environment set-up.
[----------] 3 tests from SpMMTest
[ RUN      ] SpMMTest.validation
[       OK ] SpMMTest.validation (207 ms)
[ RUN      ] SpMMTest.cusparse_performance
[..A4/test/test_spmm.cu:66 (TestBody)] measured_time / times = 0.00151971 (double)
[       OK ] SpMMTest.cusparse_performance (251 ms)
[ RUN      ] SpMMTest.opt_performance
[..A4/test/test_spmm.cu:88 (TestBody)] measured_time / times = 0.00259539 (double)
[       OK ] SpMMTest.opt_performance (64 ms)
[----------] 3 tests from SpMMTest (522 ms total)

[----------] Global test environment tear-down
[==========] 3 tests from 1 test case ran. (522 ms total)
[  PASSED  ] 3 tests.
[..1271/PA4/src/util.cu:73 (argParse)] dset = "collab" (std::string)
[..1271/PA4/src/data.cu:5 (load_graph)] loading
[..71/PA4/test/main.cpp:17 (main)] kLen = 128 (int)
[==========] Running 3 tests from 1 test case.
[----------] Global test environment set-up.
[----------] 3 tests from SpMMTest
[ RUN      ] SpMMTest.validation
[       OK ] SpMMTest.validation (116 ms)
[ RUN      ] SpMMTest.cusparse_performance
[..A4/test/test_spmm.cu:66 (TestBody)] measured_time / times = 0.0025975 (double)
[       OK ] SpMMTest.cusparse_performance (275 ms)
[ RUN      ] SpMMTest.opt_performance
[..A4/test/test_spmm.cu:88 (TestBody)] measured_time / times = 0.00388818 (double)
[       OK ] SpMMTest.opt_performance (93 ms)
[----------] 3 tests from SpMMTest (484 ms total)

[----------] Global test environment tear-down
[==========] 3 tests from 1 test case ran. (484 ms total)
[  PASSED  ] 3 tests.
[..1271/PA4/src/util.cu:73 (argParse)] dset = "citation" (std::string)
[..1271/PA4/src/data.cu:5 (load_graph)] loading
[..71/PA4/test/main.cpp:17 (main)] kLen = 128 (int)
[==========] Running 3 tests from 1 test case.
[----------] Global test environment set-up.
[----------] 3 tests from SpMMTest
[ RUN      ] SpMMTest.validation
[       OK ] SpMMTest.validation (1466 ms)
[ RUN      ] SpMMTest.cusparse_performance
[..A4/test/test_spmm.cu:66 (TestBody)] measured_time / times = 0.0392928 (double)
[       OK ] SpMMTest.cusparse_performance (1095 ms)
[ RUN      ] SpMMTest.opt_performance
[..A4/test/test_spmm.cu:88 (TestBody)] measured_time / times = 0.0510923 (double)
[       OK ] SpMMTest.opt_performance (1095 ms)
[----------] 3 tests from SpMMTest (3656 ms total)

[----------] Global test environment tear-down
[==========] 3 tests from 1 test case ran. (3656 ms total)
[  PASSED  ] 3 tests.
[..1271/PA4/src/util.cu:73 (argParse)] dset = "ddi" (std::string)
[..1271/PA4/src/data.cu:5 (load_graph)] loading
[..71/PA4/test/main.cpp:17 (main)] kLen = 128 (int)
[==========] Running 3 tests from 1 test case.
[----------] Global test environment set-up.
[----------] 3 tests from SpMMTest
[ RUN      ] SpMMTest.validation
[       OK ] SpMMTest.validation (54 ms)
[ RUN      ] SpMMTest.cusparse_performance
[..A4/test/test_spmm.cu:66 (TestBody)] measured_time / times = 0.000841086 (double)
[       OK ] SpMMTest.cusparse_performance (232 ms)
[ RUN      ] SpMMTest.opt_performance
[..A4/test/test_spmm.cu:88 (TestBody)] measured_time / times = 0.000898313 (double)
[       OK ] SpMMTest.opt_performance (20 ms)
[----------] 3 tests from SpMMTest (306 ms total)

[----------] Global test environment tear-down
[==========] 3 tests from 1 test case ran. (306 ms total)
[  PASSED  ] 3 tests.
[..1271/PA4/src/util.cu:73 (argParse)] dset = "protein" (std::string)
[..1271/PA4/src/data.cu:5 (load_graph)] loading
[..71/PA4/test/main.cpp:17 (main)] kLen = 128 (int)
[==========] Running 3 tests from 1 test case.
[----------] Global test environment set-up.
[----------] 3 tests from SpMMTest
[ RUN      ] SpMMTest.validation
[       OK ] SpMMTest.validation (3568 ms)
[ RUN      ] SpMMTest.cusparse_performance
[..A4/test/test_spmm.cu:66 (TestBody)] measured_time / times = 0.0425222 (double)
[       OK ] SpMMTest.cusparse_performance (1082 ms)
[ RUN      ] SpMMTest.opt_performance
[..A4/test/test_spmm.cu:88 (TestBody)] measured_time / times = 0.0336701 (double)
[       OK ] SpMMTest.opt_performance (694 ms)
[----------] 3 tests from SpMMTest (5344 ms total)

[----------] Global test environment tear-down
[==========] 3 tests from 1 test case ran. (5344 ms total)
[  PASSED  ] 3 tests.
[..1271/PA4/src/util.cu:73 (argParse)] dset = "ppa" (std::string)
[..1271/PA4/src/data.cu:5 (load_graph)] loading
[..71/PA4/test/main.cpp:17 (main)] kLen = 128 (int)
[==========] Running 3 tests from 1 test case.
[----------] Global test environment set-up.
[----------] 3 tests from SpMMTest
[ RUN      ] SpMMTest.validation
[       OK ] SpMMTest.validation (1931 ms)
[ RUN      ] SpMMTest.cusparse_performance
[..A4/test/test_spmm.cu:66 (TestBody)] measured_time / times = 0.0424559 (double)
[       OK ] SpMMTest.cusparse_performance (1090 ms)
[ RUN      ] SpMMTest.opt_performance
[..A4/test/test_spmm.cu:88 (TestBody)] measured_time / times = 0.0422899 (double)
[       OK ] SpMMTest.opt_performance (877 ms)
[----------] 3 tests from SpMMTest (3898 ms total)

[----------] Global test environment tear-down
[==========] 3 tests from 1 test case ran. (3898 ms total)
[  PASSED  ] 3 tests.
[..1271/PA4/src/util.cu:73 (argParse)] dset = "reddit.dgl" (std::string)
[..1271/PA4/src/data.cu:5 (load_graph)] loading
[..71/PA4/test/main.cpp:17 (main)] kLen = 128 (int)
[==========] Running 3 tests from 1 test case.
[----------] Global test environment set-up.
[----------] 3 tests from SpMMTest
[ RUN      ] SpMMTest.validation
[       OK ] SpMMTest.validation (4995 ms)
[ RUN      ] SpMMTest.cusparse_performance
[..A4/test/test_spmm.cu:66 (TestBody)] measured_time / times = 0.101819 (double)
[       OK ] SpMMTest.cusparse_performance (2275 ms)
[ RUN      ] SpMMTest.opt_performance
[..A4/test/test_spmm.cu:88 (TestBody)] measured_time / times = 0.0863246 (double)
[       OK ] SpMMTest.opt_performance (1758 ms)
[----------] 3 tests from SpMMTest (9029 ms total)

[----------] Global test environment tear-down
[==========] 3 tests from 1 test case ran. (9029 ms total)
[  PASSED  ] 3 tests.
[..1271/PA4/src/util.cu:73 (argParse)] dset = "products" (std::string)
[..1271/PA4/src/data.cu:5 (load_graph)] loading
[..71/PA4/test/main.cpp:17 (main)] kLen = 128 (int)
[==========] Running 3 tests from 1 test case.
[----------] Global test environment set-up.
[----------] 3 tests from SpMMTest
[ RUN      ] SpMMTest.validation
[       OK ] SpMMTest.validation (5617 ms)
[ RUN      ] SpMMTest.cusparse_performance
[..A4/test/test_spmm.cu:66 (TestBody)] measured_time / times = 0.129173 (double)
[       OK ] SpMMTest.cusparse_performance (2895 ms)
[ RUN      ] SpMMTest.opt_performance
[..A4/test/test_spmm.cu:88 (TestBody)] measured_time / times = 0.135513 (double)
[       OK ] SpMMTest.opt_performance (2784 ms)
[----------] 3 tests from SpMMTest (11296 ms total)

[----------] Global test environment tear-down
[==========] 3 tests from 1 test case ran. (11296 ms total)
[  PASSED  ] 3 tests.
[..1271/PA4/src/util.cu:73 (argParse)] dset = "youtube" (std::string)
[..1271/PA4/src/data.cu:5 (load_graph)] loading
[..71/PA4/test/main.cpp:17 (main)] kLen = 128 (int)
[==========] Running 3 tests from 1 test case.
[----------] Global test environment set-up.
[----------] 3 tests from SpMMTest
[ RUN      ] SpMMTest.validation
[       OK ] SpMMTest.validation (611 ms)
[ RUN      ] SpMMTest.cusparse_performance
[..A4/test/test_spmm.cu:66 (TestBody)] measured_time / times = 0.00721608 (double)
[       OK ] SpMMTest.cusparse_performance (403 ms)
[ RUN      ] SpMMTest.opt_performance
[..A4/test/test_spmm.cu:88 (TestBody)] measured_time / times = 0.0157736 (double)
[       OK ] SpMMTest.opt_performance (359 ms)
[----------] 3 tests from SpMMTest (1373 ms total)

[----------] Global test environment tear-down
[==========] 3 tests from 1 test case ran. (1373 ms total)
[  PASSED  ] 3 tests.
[..1271/PA4/src/util.cu:73 (argParse)] dset = "amazon_cogdl" (std::string)
[..1271/PA4/src/data.cu:5 (load_graph)] loading
[..71/PA4/test/main.cpp:17 (main)] kLen = 128 (int)
[==========] Running 3 tests from 1 test case.
[----------] Global test environment set-up.
[----------] 3 tests from SpMMTest
[ RUN      ] SpMMTest.validation
[       OK ] SpMMTest.validation (10904 ms)
[ RUN      ] SpMMTest.cusparse_performance
[..A4/test/test_spmm.cu:66 (TestBody)] measured_time / times = 0.259004 (double)
[       OK ] SpMMTest.cusparse_performance (5471 ms)
[ RUN      ] SpMMTest.opt_performance
[..A4/test/test_spmm.cu:88 (TestBody)] measured_time / times = 0.212977 (double)
[       OK ] SpMMTest.opt_performance (4327 ms)
[----------] 3 tests from SpMMTest (20702 ms total)

[----------] Global test environment tear-down
[==========] 3 tests from 1 test case ran. (20702 ms total)
[  PASSED  ] 3 tests.
[..1271/PA4/src/util.cu:73 (argParse)] dset = "yelp" (std::string)
[..1271/PA4/src/data.cu:5 (load_graph)] loading
[..71/PA4/test/main.cpp:17 (main)] kLen = 128 (int)
[==========] Running 3 tests from 1 test case.
[----------] Global test environment set-up.
[----------] 3 tests from SpMMTest
[ RUN      ] SpMMTest.validation
[       OK ] SpMMTest.validation (663 ms)
[ RUN      ] SpMMTest.cusparse_performance
[..A4/test/test_spmm.cu:66 (TestBody)] measured_time / times = 0.0149264 (double)
[       OK ] SpMMTest.cusparse_performance (543 ms)
[ RUN      ] SpMMTest.opt_performance
[..A4/test/test_spmm.cu:88 (TestBody)] measured_time / times = 0.0170833 (double)
[       OK ] SpMMTest.opt_performance (378 ms)
[----------] 3 tests from SpMMTest (1584 ms total)

[----------] Global test environment tear-down
[==========] 3 tests from 1 test case ran. (1584 ms total)
[  PASSED  ] 3 tests.
[..1271/PA4/src/util.cu:73 (argParse)] dset = "wikikg2" (std::string)
[..1271/PA4/src/data.cu:5 (load_graph)] loading
[..71/PA4/test/main.cpp:17 (main)] kLen = 128 (int)
[==========] Running 3 tests from 1 test case.
[----------] Global test environment set-up.
[----------] 3 tests from SpMMTest
[ RUN      ] SpMMTest.validation
[       OK ] SpMMTest.validation (248 ms)
[ RUN      ] SpMMTest.cusparse_performance
[..A4/test/test_spmm.cu:66 (TestBody)] measured_time / times = 0.00835984 (double)
[       OK ] SpMMTest.cusparse_performance (474 ms)
[ RUN      ] SpMMTest.opt_performance
[..A4/test/test_spmm.cu:88 (TestBody)] measured_time / times = 0.0270661 (double)
[       OK ] SpMMTest.opt_performance (605 ms)
[----------] 3 tests from SpMMTest (1327 ms total)

[----------] Global test environment tear-down
[==========] 3 tests from 1 test case ran. (1327 ms total)
[  PASSED  ] 3 tests.
[..1271/PA4/src/util.cu:73 (argParse)] dset = "am" (std::string)
[..1271/PA4/src/data.cu:5 (load_graph)] loading
[..71/PA4/test/main.cpp:17 (main)] kLen = 128 (int)
[==========] Running 3 tests from 1 test case.
[----------] Global test environment set-up.
[----------] 3 tests from SpMMTest
[ RUN      ] SpMMTest.validation
[       OK ] SpMMTest.validation (2474 ms)
[ RUN      ] SpMMTest.cusparse_performance
[..A4/test/test_spmm.cu:66 (TestBody)] measured_time / times = 0.00680591 (double)
[       OK ] SpMMTest.cusparse_performance (389 ms)
[ RUN      ] SpMMTest.opt_performance
[..A4/test/test_spmm.cu:88 (TestBody)] measured_time / times = 0.0202905 (double)
[       OK ] SpMMTest.opt_performance (451 ms)
[----------] 3 tests from SpMMTest (3314 ms total)

[----------] Global test environment tear-down
[==========] 3 tests from 1 test case ran. (3314 ms total)
[  PASSED  ] 3 tests.
[..1271/PA4/src/util.cu:73 (argParse)] dset = "arxiv" (std::string)
[..1271/PA4/src/data.cu:5 (load_graph)] loading
[..71/PA4/test/main.cpp:17 (main)] kLen = 256 (int)
[==========] Running 3 tests from 1 test case.
[----------] Global test environment set-up.
[----------] 3 tests from SpMMTest
[ RUN      ] SpMMTest.validation
[       OK ] SpMMTest.validation (410 ms)
[ RUN      ] SpMMTest.cusparse_performance
[..A4/test/test_spmm.cu:66 (TestBody)] measured_time / times = 0.00299575 (double)
[       OK ] SpMMTest.cusparse_performance (291 ms)
[ RUN      ] SpMMTest.opt_performance
[..A4/test/test_spmm.cu:88 (TestBody)] measured_time / times = 0.00471586 (double)
[       OK ] SpMMTest.opt_performance (116 ms)
[----------] 3 tests from SpMMTest (817 ms total)

[----------] Global test environment tear-down
[==========] 3 tests from 1 test case ran. (817 ms total)
[  PASSED  ] 3 tests.
[..1271/PA4/src/util.cu:73 (argParse)] dset = "collab" (std::string)
[..1271/PA4/src/data.cu:5 (load_graph)] loading
[..71/PA4/test/main.cpp:17 (main)] kLen = 256 (int)
[==========] Running 3 tests from 1 test case.
[----------] Global test environment set-up.
[----------] 3 tests from SpMMTest
[ RUN      ] SpMMTest.validation
[       OK ] SpMMTest.validation (228 ms)
[ RUN      ] SpMMTest.cusparse_performance
[..A4/test/test_spmm.cu:66 (TestBody)] measured_time / times = 0.00520326 (double)
[       OK ] SpMMTest.cusparse_performance (340 ms)
[ RUN      ] SpMMTest.opt_performance
[..A4/test/test_spmm.cu:88 (TestBody)] measured_time / times = 0.00776748 (double)
[       OK ] SpMMTest.opt_performance (183 ms)
[----------] 3 tests from SpMMTest (751 ms total)

[----------] Global test environment tear-down
[==========] 3 tests from 1 test case ran. (751 ms total)
[  PASSED  ] 3 tests.
[..1271/PA4/src/util.cu:73 (argParse)] dset = "citation" (std::string)
[..1271/PA4/src/data.cu:5 (load_graph)] loading
[..71/PA4/test/main.cpp:17 (main)] kLen = 256 (int)
[==========] Running 3 tests from 1 test case.
[----------] Global test environment set-up.
[----------] 3 tests from SpMMTest
[ RUN      ] SpMMTest.validation
[       OK ] SpMMTest.validation (2990 ms)
[ RUN      ] SpMMTest.cusparse_performance
[..A4/test/test_spmm.cu:66 (TestBody)] measured_time / times = 0.0788168 (double)
[       OK ] SpMMTest.cusparse_performance (2063 ms)
[ RUN      ] SpMMTest.opt_performance
[..A4/test/test_spmm.cu:88 (TestBody)] measured_time / times = 0.108354 (double)
[       OK ] SpMMTest.opt_performance (2450 ms)
[----------] 3 tests from SpMMTest (7503 ms total)

[----------] Global test environment tear-down
[==========] 3 tests from 1 test case ran. (7503 ms total)
[  PASSED  ] 3 tests.
[..1271/PA4/src/util.cu:73 (argParse)] dset = "ddi" (std::string)
[..1271/PA4/src/data.cu:5 (load_graph)] loading
[..71/PA4/test/main.cpp:17 (main)] kLen = 256 (int)
[==========] Running 3 tests from 1 test case.
[----------] Global test environment set-up.
[----------] 3 tests from SpMMTest
[ RUN      ] SpMMTest.validation
[       OK ] SpMMTest.validation (105 ms)
[ RUN      ] SpMMTest.cusparse_performance
[..A4/test/test_spmm.cu:66 (TestBody)] measured_time / times = 0.00155377 (double)
[       OK ] SpMMTest.cusparse_performance (248 ms)
[ RUN      ] SpMMTest.opt_performance
[..A4/test/test_spmm.cu:88 (TestBody)] measured_time / times = 0.00171901 (double)
[       OK ] SpMMTest.opt_performance (36 ms)
[----------] 3 tests from SpMMTest (389 ms total)

[----------] Global test environment tear-down
[==========] 3 tests from 1 test case ran. (389 ms total)
[  PASSED  ] 3 tests.
[..1271/PA4/src/util.cu:73 (argParse)] dset = "protein" (std::string)
[..1271/PA4/src/data.cu:5 (load_graph)] loading
[..71/PA4/test/main.cpp:17 (main)] kLen = 256 (int)
[==========] Running 3 tests from 1 test case.
[----------] Global test environment set-up.
[----------] 3 tests from SpMMTest
[ RUN      ] SpMMTest.validation
[       OK ] SpMMTest.validation (7318 ms)
[ RUN      ] SpMMTest.cusparse_performance
[..A4/test/test_spmm.cu:66 (TestBody)] measured_time / times = 0.0808265 (double)
[       OK ] SpMMTest.cusparse_performance (1849 ms)
[ RUN      ] SpMMTest.opt_performance
[..A4/test/test_spmm.cu:88 (TestBody)] measured_time / times = 0.0667382 (double)
[       OK ] SpMMTest.opt_performance (1362 ms)
[----------] 3 tests from SpMMTest (10529 ms total)

[----------] Global test environment tear-down
[==========] 3 tests from 1 test case ran. (10529 ms total)
[  PASSED  ] 3 tests.
[..1271/PA4/src/util.cu:73 (argParse)] dset = "ppa" (std::string)
[..1271/PA4/src/data.cu:5 (load_graph)] loading
[..71/PA4/test/main.cpp:17 (main)] kLen = 256 (int)
[==========] Running 3 tests from 1 test case.
[----------] Global test environment set-up.
[----------] 3 tests from SpMMTest
[ RUN      ] SpMMTest.validation
[       OK ] SpMMTest.validation (3867 ms)
[ RUN      ] SpMMTest.cusparse_performance
[..A4/test/test_spmm.cu:66 (TestBody)] measured_time / times = 0.0849627 (double)
[       OK ] SpMMTest.cusparse_performance (1958 ms)
[ RUN      ] SpMMTest.opt_performance
[..A4/test/test_spmm.cu:88 (TestBody)] measured_time / times = 0.0847839 (double)
[       OK ] SpMMTest.opt_performance (1742 ms)
[----------] 3 tests from SpMMTest (7567 ms total)

[----------] Global test environment tear-down
[==========] 3 tests from 1 test case ran. (7568 ms total)
[  PASSED  ] 3 tests.
[..1271/PA4/src/util.cu:73 (argParse)] dset = "reddit.dgl" (std::string)
[..1271/PA4/src/data.cu:5 (load_graph)] loading
[..71/PA4/test/main.cpp:17 (main)] kLen = 256 (int)
[==========] Running 3 tests from 1 test case.
[----------] Global test environment set-up.
[----------] 3 tests from SpMMTest
[ RUN      ] SpMMTest.validation
[       OK ] SpMMTest.validation (10186 ms)
[ RUN      ] SpMMTest.cusparse_performance
[..A4/test/test_spmm.cu:66 (TestBody)] measured_time / times = 0.202319 (double)
[       OK ] SpMMTest.cusparse_performance (4290 ms)
[ RUN      ] SpMMTest.opt_performance
[..A4/test/test_spmm.cu:88 (TestBody)] measured_time / times = 0.173445 (double)
[       OK ] SpMMTest.opt_performance (3509 ms)
[----------] 3 tests from SpMMTest (17985 ms total)

[----------] Global test environment tear-down
[==========] 3 tests from 1 test case ran. (17985 ms total)
[  PASSED  ] 3 tests.
[..1271/PA4/src/util.cu:73 (argParse)] dset = "products" (std::string)
[..1271/PA4/src/data.cu:5 (load_graph)] loading
[..71/PA4/test/main.cpp:17 (main)] kLen = 256 (int)
[==========] Running 3 tests from 1 test case.
[----------] Global test environment set-up.
[----------] 3 tests from SpMMTest
[ RUN      ] SpMMTest.validation
[       OK ] SpMMTest.validation (11373 ms)
[ RUN      ] SpMMTest.cusparse_performance
[..A4/test/test_spmm.cu:66 (TestBody)] measured_time / times = 0.258362 (double)
[       OK ] SpMMTest.cusparse_performance (5559 ms)
[ RUN      ] SpMMTest.opt_performance
[..A4/test/test_spmm.cu:88 (TestBody)] measured_time / times = 0.273533 (double)
[       OK ] SpMMTest.opt_performance (5694 ms)
[----------] 3 tests from SpMMTest (22626 ms total)

[----------] Global test environment tear-down
[==========] 3 tests from 1 test case ran. (22627 ms total)
[  PASSED  ] 3 tests.
[..1271/PA4/src/util.cu:73 (argParse)] dset = "youtube" (std::string)
[..1271/PA4/src/data.cu:5 (load_graph)] loading
[..71/PA4/test/main.cpp:17 (main)] kLen = 256 (int)
[==========] Running 3 tests from 1 test case.
[----------] Global test environment set-up.
[----------] 3 tests from SpMMTest
[ RUN      ] SpMMTest.validation
[       OK ] SpMMTest.validation (1255 ms)
[ RUN      ] SpMMTest.cusparse_performance
[..A4/test/test_spmm.cu:66 (TestBody)] measured_time / times = 0.0144355 (double)
[       OK ] SpMMTest.cusparse_performance (572 ms)
[ RUN      ] SpMMTest.opt_performance
[..A4/test/test_spmm.cu:88 (TestBody)] measured_time / times = 0.0316552 (double)
[       OK ] SpMMTest.opt_performance (692 ms)
[----------] 3 tests from SpMMTest (2520 ms total)

[----------] Global test environment tear-down
[==========] 3 tests from 1 test case ran. (2520 ms total)
[  PASSED  ] 3 tests.
[..1271/PA4/src/util.cu:73 (argParse)] dset = "amazon_cogdl" (std::string)
[..1271/PA4/src/data.cu:5 (load_graph)] loading
[..71/PA4/test/main.cpp:17 (main)] kLen = 256 (int)
[==========] Running 3 tests from 1 test case.
[----------] Global test environment set-up.
[----------] 3 tests from SpMMTest
[ RUN      ] SpMMTest.validation
[       OK ] SpMMTest.validation (22231 ms)
[ RUN      ] SpMMTest.cusparse_performance
[..A4/test/test_spmm.cu:66 (TestBody)] measured_time / times = 0.517228 (double)
[       OK ] SpMMTest.cusparse_performance (10690 ms)
[ RUN      ] SpMMTest.opt_performance
[..A4/test/test_spmm.cu:88 (TestBody)] measured_time / times = 0.425076 (double)
[       OK ] SpMMTest.opt_performance (8598 ms)
[----------] 3 tests from SpMMTest (41519 ms total)

[----------] Global test environment tear-down
[==========] 3 tests from 1 test case ran. (41519 ms total)
[  PASSED  ] 3 tests.
[..1271/PA4/src/util.cu:73 (argParse)] dset = "yelp" (std::string)
[..1271/PA4/src/data.cu:5 (load_graph)] loading
[..71/PA4/test/main.cpp:17 (main)] kLen = 256 (int)
[==========] Running 3 tests from 1 test case.
[----------] Global test environment set-up.
[----------] 3 tests from SpMMTest
[ RUN      ] SpMMTest.validation
[       OK ] SpMMTest.validation (1333 ms)
[ RUN      ] SpMMTest.cusparse_performance
[..A4/test/test_spmm.cu:66 (TestBody)] measured_time / times = 0.0299802 (double)
[       OK ] SpMMTest.cusparse_performance (861 ms)
[ RUN      ] SpMMTest.opt_performance
[..A4/test/test_spmm.cu:88 (TestBody)] measured_time / times = 0.0342215 (double)
[       OK ] SpMMTest.opt_performance (732 ms)
[----------] 3 tests from SpMMTest (2926 ms total)

[----------] Global test environment tear-down
[==========] 3 tests from 1 test case ran. (2926 ms total)
[  PASSED  ] 3 tests.
[..1271/PA4/src/util.cu:73 (argParse)] dset = "wikikg2" (std::string)
[..1271/PA4/src/data.cu:5 (load_graph)] loading
[..71/PA4/test/main.cpp:17 (main)] kLen = 256 (int)
[==========] Running 3 tests from 1 test case.
[----------] Global test environment set-up.
[----------] 3 tests from SpMMTest
[ RUN      ] SpMMTest.validation
[       OK ] SpMMTest.validation (602 ms)
[ RUN      ] SpMMTest.cusparse_performance
[..A4/test/test_spmm.cu:66 (TestBody)] measured_time / times = 0.0166537 (double)
[       OK ] SpMMTest.cusparse_performance (706 ms)
[ RUN      ] SpMMTest.opt_performance
[..A4/test/test_spmm.cu:88 (TestBody)] measured_time / times = 0.0543677 (double)
[       OK ] SpMMTest.opt_performance (1312 ms)
[----------] 3 tests from SpMMTest (2620 ms total)

[----------] Global test environment tear-down
[==========] 3 tests from 1 test case ran. (2621 ms total)
[  PASSED  ] 3 tests.
[..1271/PA4/src/util.cu:73 (argParse)] dset = "am" (std::string)
[..1271/PA4/src/data.cu:5 (load_graph)] loading
[..71/PA4/test/main.cpp:17 (main)] kLen = 256 (int)
[==========] Running 3 tests from 1 test case.
[----------] Global test environment set-up.
[----------] 3 tests from SpMMTest
[ RUN      ] SpMMTest.validation
[       OK ] SpMMTest.validation (4963 ms)
[ RUN      ] SpMMTest.cusparse_performance
[..A4/test/test_spmm.cu:66 (TestBody)] measured_time / times = 0.013416 (double)
[       OK ] SpMMTest.cusparse_performance (548 ms)
[ RUN      ] SpMMTest.opt_performance
[..A4/test/test_spmm.cu:88 (TestBody)] measured_time / times = 0.0332967 (double)
[       OK ] SpMMTest.opt_performance (721 ms)
[----------] 3 tests from SpMMTest (6232 ms total)

[----------] Global test environment tear-down
[==========] 3 tests from 1 test case ran. (6232 ms total)
[  PASSED  ] 3 tests.
[..1271/PA4/src/util.cu:73 (argParse)] dset = "arxiv" (std::string)
[..1271/PA4/src/data.cu:5 (load_graph)] loading
[..71/PA4/test/main.cpp:17 (main)] kLen = 512 (int)
[==========] Running 3 tests from 1 test case.
[----------] Global test environment set-up.
[----------] 3 tests from SpMMTest
[ RUN      ] SpMMTest.validation
[       OK ] SpMMTest.validation (815 ms)
[ RUN      ] SpMMTest.cusparse_performance
[..A4/test/test_spmm.cu:66 (TestBody)] measured_time / times = 0.00597138 (double)
[       OK ] SpMMTest.cusparse_performance (360 ms)
[ RUN      ] SpMMTest.opt_performance
[..A4/test/test_spmm.cu:88 (TestBody)] measured_time / times = 0.00898631 (double)
[       OK ] SpMMTest.opt_performance (218 ms)
[----------] 3 tests from SpMMTest (1393 ms total)

[----------] Global test environment tear-down
[==========] 3 tests from 1 test case ran. (1393 ms total)
[  PASSED  ] 3 tests.
[..1271/PA4/src/util.cu:73 (argParse)] dset = "collab" (std::string)
[..1271/PA4/src/data.cu:5 (load_graph)] loading
[..71/PA4/test/main.cpp:17 (main)] kLen = 512 (int)
[==========] Running 3 tests from 1 test case.
[----------] Global test environment set-up.
[----------] 3 tests from SpMMTest
[ RUN      ] SpMMTest.validation
[       OK ] SpMMTest.validation (433 ms)
[ RUN      ] SpMMTest.cusparse_performance
[..A4/test/test_spmm.cu:66 (TestBody)] measured_time / times = 0.0104928 (double)
[       OK ] SpMMTest.cusparse_performance (461 ms)
[ RUN      ] SpMMTest.opt_performance
[..A4/test/test_spmm.cu:88 (TestBody)] measured_time / times = 0.0157068 (double)
[       OK ] SpMMTest.opt_performance (355 ms)
[----------] 3 tests from SpMMTest (1249 ms total)

[----------] Global test environment tear-down
[==========] 3 tests from 1 test case ran. (1249 ms total)
[  PASSED  ] 3 tests.
[..1271/PA4/src/util.cu:73 (argParse)] dset = "citation" (std::string)
[..1271/PA4/src/data.cu:5 (load_graph)] loading
[..71/PA4/test/main.cpp:17 (main)] kLen = 512 (int)
[==========] Running 3 tests from 1 test case.
[----------] Global test environment set-up.
[----------] 3 tests from SpMMTest
[ RUN      ] SpMMTest.validation
Cuda failure: 2
/home/course/hpc/users/2018011271/PA4/./include/data.h:28
Aborting...
[..1271/PA4/src/util.cu:73 (argParse)] dset = "ddi" (std::string)
[..1271/PA4/src/data.cu:5 (load_graph)] loading
[..71/PA4/test/main.cpp:17 (main)] kLen = 512 (int)
[==========] Running 3 tests from 1 test case.
[----------] Global test environment set-up.
[----------] 3 tests from SpMMTest
[ RUN      ] SpMMTest.validation
[       OK ] SpMMTest.validation (214 ms)
[ RUN      ] SpMMTest.cusparse_performance
[..A4/test/test_spmm.cu:66 (TestBody)] measured_time / times = 0.00349675 (double)
[       OK ] SpMMTest.cusparse_performance (284 ms)
[ RUN      ] SpMMTest.opt_performance
[..A4/test/test_spmm.cu:88 (TestBody)] measured_time / times = 0.00336302 (double)
[       OK ] SpMMTest.opt_performance (70 ms)
[----------] 3 tests from SpMMTest (568 ms total)

[----------] Global test environment tear-down
[==========] 3 tests from 1 test case ran. (568 ms total)
[  PASSED  ] 3 tests.
[..1271/PA4/src/util.cu:73 (argParse)] dset = "protein" (std::string)
[..1271/PA4/src/data.cu:5 (load_graph)] loading
[..71/PA4/test/main.cpp:17 (main)] kLen = 512 (int)
[==========] Running 3 tests from 1 test case.
[----------] Global test environment set-up.
[----------] 3 tests from SpMMTest
[ RUN      ] SpMMTest.validation
[       OK ] SpMMTest.validation (14869 ms)
[ RUN      ] SpMMTest.cusparse_performance
[..A4/test/test_spmm.cu:66 (TestBody)] measured_time / times = 0.167155 (double)
[       OK ] SpMMTest.cusparse_performance (3592 ms)
[ RUN      ] SpMMTest.opt_performance
[..A4/test/test_spmm.cu:88 (TestBody)] measured_time / times = 0.132431 (double)
[       OK ] SpMMTest.opt_performance (2686 ms)
[----------] 3 tests from SpMMTest (21147 ms total)

[----------] Global test environment tear-down
[==========] 3 tests from 1 test case ran. (21147 ms total)
[  PASSED  ] 3 tests.
[..1271/PA4/src/util.cu:73 (argParse)] dset = "ppa" (std::string)
[..1271/PA4/src/data.cu:5 (load_graph)] loading
[..71/PA4/test/main.cpp:17 (main)] kLen = 512 (int)
[==========] Running 3 tests from 1 test case.
[----------] Global test environment set-up.
[----------] 3 tests from SpMMTest
[ RUN      ] SpMMTest.validation
[       OK ] SpMMTest.validation (7674 ms)
[ RUN      ] SpMMTest.cusparse_performance
[..A4/test/test_spmm.cu:66 (TestBody)] measured_time / times = 0.170927 (double)
[       OK ] SpMMTest.cusparse_performance (3711 ms)
[ RUN      ] SpMMTest.opt_performance
[..A4/test/test_spmm.cu:88 (TestBody)] measured_time / times = 0.170473 (double)
[       OK ] SpMMTest.opt_performance (3473 ms)
[----------] 3 tests from SpMMTest (14858 ms total)

[----------] Global test environment tear-down
[==========] 3 tests from 1 test case ran. (14858 ms total)
[  PASSED  ] 3 tests.
[..1271/PA4/src/util.cu:73 (argParse)] dset = "reddit.dgl" (std::string)
[..1271/PA4/src/data.cu:5 (load_graph)] loading
[..71/PA4/test/main.cpp:17 (main)] kLen = 512 (int)
[==========] Running 3 tests from 1 test case.
[----------] Global test environment set-up.
[----------] 3 tests from SpMMTest
[ RUN      ] SpMMTest.validation
[       OK ] SpMMTest.validation (20729 ms)
[ RUN      ] SpMMTest.cusparse_performance
[..A4/test/test_spmm.cu:66 (TestBody)] measured_time / times = 0.409102 (double)
[       OK ] SpMMTest.cusparse_performance (8437 ms)
[ RUN      ] SpMMTest.opt_performance
[..A4/test/test_spmm.cu:88 (TestBody)] measured_time / times = 0.346475 (double)
[       OK ] SpMMTest.opt_performance (6974 ms)
[----------] 3 tests from SpMMTest (36140 ms total)

[----------] Global test environment tear-down
[==========] 3 tests from 1 test case ran. (36140 ms total)
[  PASSED  ] 3 tests.
[..1271/PA4/src/util.cu:73 (argParse)] dset = "products" (std::string)
[..1271/PA4/src/data.cu:5 (load_graph)] loading
[..71/PA4/test/main.cpp:17 (main)] kLen = 512 (int)
[==========] Running 3 tests from 1 test case.
[----------] Global test environment set-up.
[----------] 3 tests from SpMMTest
[ RUN      ] SpMMTest.validation
[       OK ] SpMMTest.validation (30295 ms)
[ RUN      ] SpMMTest.cusparse_performance
[..A4/test/test_spmm.cu:66 (TestBody)] measured_time / times = 0.524768 (double)
[       OK ] SpMMTest.cusparse_performance (11306 ms)
[ RUN      ] SpMMTest.opt_performance
[..A4/test/test_spmm.cu:88 (TestBody)] measured_time / times = 0.716884 (double)
[       OK ] SpMMTest.opt_performance (14925 ms)
[----------] 3 tests from SpMMTest (56527 ms total)

[----------] Global test environment tear-down
[==========] 3 tests from 1 test case ran. (56527 ms total)
[  PASSED  ] 3 tests.
[..1271/PA4/src/util.cu:73 (argParse)] dset = "youtube" (std::string)
[..1271/PA4/src/data.cu:5 (load_graph)] loading
[..71/PA4/test/main.cpp:17 (main)] kLen = 512 (int)
[==========] Running 3 tests from 1 test case.
[----------] Global test environment set-up.
[----------] 3 tests from SpMMTest
[ RUN      ] SpMMTest.validation
[       OK ] SpMMTest.validation (2459 ms)
[ RUN      ] SpMMTest.cusparse_performance
[..A4/test/test_spmm.cu:66 (TestBody)] measured_time / times = 0.0290499 (double)
[       OK ] SpMMTest.cusparse_performance (950 ms)
[ RUN      ] SpMMTest.opt_performance
[..A4/test/test_spmm.cu:88 (TestBody)] measured_time / times = 0.0638963 (double)
[       OK ] SpMMTest.opt_performance (1377 ms)
[----------] 3 tests from SpMMTest (4786 ms total)

[----------] Global test environment tear-down
[==========] 3 tests from 1 test case ran. (4786 ms total)
[  PASSED  ] 3 tests.
[..1271/PA4/src/util.cu:73 (argParse)] dset = "amazon_cogdl" (std::string)
[..1271/PA4/src/data.cu:5 (load_graph)] loading
[..71/PA4/test/main.cpp:17 (main)] kLen = 512 (int)
[==========] Running 3 tests from 1 test case.
[----------] Global test environment set-up.
[----------] 3 tests from SpMMTest
[ RUN      ] SpMMTest.validation
[       OK ] SpMMTest.validation (52385 ms)
[ RUN      ] SpMMTest.cusparse_performance
[..A4/test/test_spmm.cu:66 (TestBody)] measured_time / times = 1.04708 (double)
[       OK ] SpMMTest.cusparse_performance (21483 ms)
[ RUN      ] SpMMTest.opt_performance
[..A4/test/test_spmm.cu:88 (TestBody)] measured_time / times = 0.891367 (double)
[       OK ] SpMMTest.opt_performance (18175 ms)
[----------] 3 tests from SpMMTest (92043 ms total)

[----------] Global test environment tear-down
[==========] 3 tests from 1 test case ran. (92043 ms total)
[  PASSED  ] 3 tests.
[..1271/PA4/src/util.cu:73 (argParse)] dset = "yelp" (std::string)
[..1271/PA4/src/data.cu:5 (load_graph)] loading
[..71/PA4/test/main.cpp:17 (main)] kLen = 512 (int)
[==========] Running 3 tests from 1 test case.
[----------] Global test environment set-up.
[----------] 3 tests from SpMMTest
[ RUN      ] SpMMTest.validation
[       OK ] SpMMTest.validation (2643 ms)
[ RUN      ] SpMMTest.cusparse_performance
[..A4/test/test_spmm.cu:66 (TestBody)] measured_time / times = 0.060908 (double)
[       OK ] SpMMTest.cusparse_performance (1537 ms)
[ RUN      ] SpMMTest.opt_performance
[..A4/test/test_spmm.cu:88 (TestBody)] measured_time / times = 0.069443 (double)
[       OK ] SpMMTest.opt_performance (1461 ms)
[----------] 3 tests from SpMMTest (5641 ms total)

[----------] Global test environment tear-down
[==========] 3 tests from 1 test case ran. (5641 ms total)
[  PASSED  ] 3 tests.
[..1271/PA4/src/util.cu:73 (argParse)] dset = "wikikg2" (std::string)
[..1271/PA4/src/data.cu:5 (load_graph)] loading
[..71/PA4/test/main.cpp:17 (main)] kLen = 512 (int)
[==========] Running 3 tests from 1 test case.
[----------] Global test environment set-up.
[----------] 3 tests from SpMMTest
[ RUN      ] SpMMTest.validation
[       OK ] SpMMTest.validation (954 ms)
[ RUN      ] SpMMTest.cusparse_performance
[..A4/test/test_spmm.cu:66 (TestBody)] measured_time / times = 0.0333245 (double)
[       OK ] SpMMTest.cusparse_performance (1480 ms)
[ RUN      ] SpMMTest.opt_performance
[..A4/test/test_spmm.cu:88 (TestBody)] measured_time / times = 0.108843 (double)
[       OK ] SpMMTest.opt_performance (2757 ms)
[----------] 3 tests from SpMMTest (5191 ms total)

[----------] Global test environment tear-down
[==========] 3 tests from 1 test case ran. (5191 ms total)
[  PASSED  ] 3 tests.
[..1271/PA4/src/util.cu:73 (argParse)] dset = "am" (std::string)
[..1271/PA4/src/data.cu:5 (load_graph)] loading
[..71/PA4/test/main.cpp:17 (main)] kLen = 512 (int)
[==========] Running 3 tests from 1 test case.
[----------] Global test environment set-up.
[----------] 3 tests from SpMMTest
[ RUN      ] SpMMTest.validation
[       OK ] SpMMTest.validation (9801 ms)
[ RUN      ] SpMMTest.cusparse_performance
[..A4/test/test_spmm.cu:66 (TestBody)] measured_time / times = 0.02698 (double)
[       OK ] SpMMTest.cusparse_performance (868 ms)
[ RUN      ] SpMMTest.opt_performance
[..A4/test/test_spmm.cu:88 (TestBody)] measured_time / times = 0.0593608 (double)
[       OK ] SpMMTest.opt_performance (1270 ms)
[----------] 3 tests from SpMMTest (11939 ms total)

[----------] Global test environment tear-down
[==========] 3 tests from 1 test case ran. (11939 ms total)
[  PASSED  ] 3 tests.
