[..1271/PA4/src/util.cu:73 (argParse)] dset = "arxiv" (std::string)
[..1271/PA4/src/data.cu:5 (load_graph)] loading
[..71/PA4/test/main.cpp:17 (main)] kLen = 32 (int)
[==========] Running 3 tests from 1 test case.
[----------] Global test environment set-up.
[----------] 3 tests from SpMMTest
[ RUN      ] SpMMTest.validation
[       OK ] SpMMTest.validation (56 ms)
[ RUN      ] SpMMTest.cusparse_performance
[..A4/test/test_spmm.cu:66 (TestBody)] measured_time / times = 0.000769554 (double)
[       OK ] SpMMTest.cusparse_performance (1133 ms)
[ RUN      ] SpMMTest.opt_performance
[..A4/test/test_spmm.cu:88 (TestBody)] measured_time / times = 0.00111804 (double)
[       OK ] SpMMTest.opt_performance (26 ms)
[----------] 3 tests from SpMMTest (1215 ms total)

[----------] Global test environment tear-down
[==========] 3 tests from 1 test case ran. (1215 ms total)
[  PASSED  ] 3 tests.
[..1271/PA4/src/util.cu:73 (argParse)] dset = "collab" (std::string)
[..1271/PA4/src/data.cu:5 (load_graph)] loading
[..71/PA4/test/main.cpp:17 (main)] kLen = 32 (int)
[==========] Running 3 tests from 1 test case.
[----------] Global test environment set-up.
[----------] 3 tests from SpMMTest
[ RUN      ] SpMMTest.validation
[       OK ] SpMMTest.validation (31 ms)
[ RUN      ] SpMMTest.cusparse_performance
[..A4/test/test_spmm.cu:66 (TestBody)] measured_time / times = 0.00133136 (double)
[       OK ] SpMMTest.cusparse_performance (252 ms)
[ RUN      ] SpMMTest.opt_performance
[..A4/test/test_spmm.cu:88 (TestBody)] measured_time / times = 0.00108868 (double)
[       OK ] SpMMTest.opt_performance (27 ms)
[----------] 3 tests from SpMMTest (310 ms total)

[----------] Global test environment tear-down
[==========] 3 tests from 1 test case ran. (310 ms total)
[  PASSED  ] 3 tests.
[..1271/PA4/src/util.cu:73 (argParse)] dset = "citation" (std::string)
[..1271/PA4/src/data.cu:5 (load_graph)] loading
[..71/PA4/test/main.cpp:17 (main)] kLen = 32 (int)
[==========] Running 3 tests from 1 test case.
[----------] Global test environment set-up.
[----------] 3 tests from SpMMTest
[ RUN      ] SpMMTest.validation
[       OK ] SpMMTest.validation (368 ms)
[ RUN      ] SpMMTest.cusparse_performance
[..A4/test/test_spmm.cu:66 (TestBody)] measured_time / times = 0.0164495 (double)
[       OK ] SpMMTest.cusparse_performance (583 ms)
[ RUN      ] SpMMTest.opt_performance
[..A4/test/test_spmm.cu:88 (TestBody)] measured_time / times = 0.012945 (double)
[       OK ] SpMMTest.opt_performance (297 ms)
[----------] 3 tests from SpMMTest (1248 ms total)

[----------] Global test environment tear-down
[==========] 3 tests from 1 test case ran. (1248 ms total)
[  PASSED  ] 3 tests.
[..1271/PA4/src/util.cu:73 (argParse)] dset = "ddi" (std::string)
[..1271/PA4/src/data.cu:5 (load_graph)] loading
[..71/PA4/test/main.cpp:17 (main)] kLen = 32 (int)
[==========] Running 3 tests from 1 test case.
[----------] Global test environment set-up.
[----------] 3 tests from SpMMTest
[ RUN      ] SpMMTest.validation
[       OK ] SpMMTest.validation (17 ms)
[ RUN      ] SpMMTest.cusparse_performance
[..A4/test/test_spmm.cu:66 (TestBody)] measured_time / times = 0.000641688 (double)
[       OK ] SpMMTest.cusparse_performance (231 ms)
[ RUN      ] SpMMTest.opt_performance
[..A4/test/test_spmm.cu:88 (TestBody)] measured_time / times = 0.000335312 (double)
[       OK ] SpMMTest.opt_performance (7 ms)
[----------] 3 tests from SpMMTest (255 ms total)

[----------] Global test environment tear-down
[==========] 3 tests from 1 test case ran. (255 ms total)
[  PASSED  ] 3 tests.
[..1271/PA4/src/util.cu:73 (argParse)] dset = "protein" (std::string)
[..1271/PA4/src/data.cu:5 (load_graph)] loading
[..71/PA4/test/main.cpp:17 (main)] kLen = 32 (int)
[==========] Running 3 tests from 1 test case.
[----------] Global test environment set-up.
[----------] 3 tests from SpMMTest
[ RUN      ] SpMMTest.validation
[       OK ] SpMMTest.validation (806 ms)
[ RUN      ] SpMMTest.cusparse_performance
[..A4/test/test_spmm.cu:66 (TestBody)] measured_time / times = 0.0246105 (double)
[       OK ] SpMMTest.cusparse_performance (721 ms)
[ RUN      ] SpMMTest.opt_performance
[..A4/test/test_spmm.cu:88 (TestBody)] measured_time / times = 0.00859052 (double)
[       OK ] SpMMTest.opt_performance (187 ms)
[----------] 3 tests from SpMMTest (1715 ms total)

[----------] Global test environment tear-down
[==========] 3 tests from 1 test case ran. (1715 ms total)
[  PASSED  ] 3 tests.
[..1271/PA4/src/util.cu:73 (argParse)] dset = "ppa" (std::string)
[..1271/PA4/src/data.cu:5 (load_graph)] loading
[..71/PA4/test/main.cpp:17 (main)] kLen = 32 (int)
[==========] Running 3 tests from 1 test case.
[----------] Global test environment set-up.
[----------] 3 tests from SpMMTest
[ RUN      ] SpMMTest.validation
[       OK ] SpMMTest.validation (470 ms)
[ RUN      ] SpMMTest.cusparse_performance
[..A4/test/test_spmm.cu:66 (TestBody)] measured_time / times = 0.0183865 (double)
[       OK ] SpMMTest.cusparse_performance (596 ms)
[ RUN      ] SpMMTest.opt_performance
[..A4/test/test_spmm.cu:88 (TestBody)] measured_time / times = 0.010566 (double)
[       OK ] SpMMTest.opt_performance (228 ms)
[----------] 3 tests from SpMMTest (1294 ms total)

[----------] Global test environment tear-down
[==========] 3 tests from 1 test case ran. (1294 ms total)
[  PASSED  ] 3 tests.
[..1271/PA4/src/util.cu:73 (argParse)] dset = "reddit.dgl" (std::string)
[..1271/PA4/src/data.cu:5 (load_graph)] loading
[..71/PA4/test/main.cpp:17 (main)] kLen = 32 (int)
[==========] Running 3 tests from 1 test case.
[----------] Global test environment set-up.
[----------] 3 tests from SpMMTest
[ RUN      ] SpMMTest.validation
[       OK ] SpMMTest.validation (1135 ms)
[ RUN      ] SpMMTest.cusparse_performance
[..A4/test/test_spmm.cu:66 (TestBody)] measured_time / times = 0.0486461 (double)
[       OK ] SpMMTest.cusparse_performance (1204 ms)
[ RUN      ] SpMMTest.opt_performance
[..A4/test/test_spmm.cu:88 (TestBody)] measured_time / times = 0.0214876 (double)
[       OK ] SpMMTest.opt_performance (453 ms)
[----------] 3 tests from SpMMTest (2792 ms total)

[----------] Global test environment tear-down
[==========] 3 tests from 1 test case ran. (2792 ms total)
[  PASSED  ] 3 tests.
[..1271/PA4/src/util.cu:73 (argParse)] dset = "products" (std::string)
[..1271/PA4/src/data.cu:5 (load_graph)] loading
[..71/PA4/test/main.cpp:17 (main)] kLen = 32 (int)
[==========] Running 3 tests from 1 test case.
[----------] Global test environment set-up.
[----------] 3 tests from SpMMTest
[ RUN      ] SpMMTest.validation
[       OK ] SpMMTest.validation (1400 ms)
[ RUN      ] SpMMTest.cusparse_performance
[..A4/test/test_spmm.cu:66 (TestBody)] measured_time / times = 0.0558251 (double)
[       OK ] SpMMTest.cusparse_performance (1364 ms)
[ RUN      ] SpMMTest.opt_performance
[..A4/test/test_spmm.cu:88 (TestBody)] measured_time / times = 0.0339212 (double)
[       OK ] SpMMTest.opt_performance (720 ms)
[----------] 3 tests from SpMMTest (3484 ms total)

[----------] Global test environment tear-down
[==========] 3 tests from 1 test case ran. (3484 ms total)
[  PASSED  ] 3 tests.
[..1271/PA4/src/util.cu:73 (argParse)] dset = "youtube" (std::string)
[..1271/PA4/src/data.cu:5 (load_graph)] loading
[..71/PA4/test/main.cpp:17 (main)] kLen = 32 (int)
[==========] Running 3 tests from 1 test case.
[----------] Global test environment set-up.
[----------] 3 tests from SpMMTest
[ RUN      ] SpMMTest.validation
[       OK ] SpMMTest.validation (157 ms)
[ RUN      ] SpMMTest.cusparse_performance
[..A4/test/test_spmm.cu:66 (TestBody)] measured_time / times = 0.00364351 (double)
[       OK ] SpMMTest.cusparse_performance (306 ms)
[ RUN      ] SpMMTest.opt_performance
[..A4/test/test_spmm.cu:88 (TestBody)] measured_time / times = 0.00398203 (double)
[       OK ] SpMMTest.opt_performance (97 ms)
[----------] 3 tests from SpMMTest (560 ms total)

[----------] Global test environment tear-down
[==========] 3 tests from 1 test case ran. (560 ms total)
[  PASSED  ] 3 tests.
[..1271/PA4/src/util.cu:73 (argParse)] dset = "amazon_cogdl" (std::string)
[..1271/PA4/src/data.cu:5 (load_graph)] loading
[..71/PA4/test/main.cpp:17 (main)] kLen = 32 (int)
[==========] Running 3 tests from 1 test case.
[----------] Global test environment set-up.
[----------] 3 tests from SpMMTest
[ RUN      ] SpMMTest.validation
[       OK ] SpMMTest.validation (2524 ms)
[ RUN      ] SpMMTest.cusparse_performance
[..A4/test/test_spmm.cu:66 (TestBody)] measured_time / times = 0.125369 (double)
[       OK ] SpMMTest.cusparse_performance (2764 ms)
[ RUN      ] SpMMTest.opt_performance
[..A4/test/test_spmm.cu:88 (TestBody)] measured_time / times = 0.0542362 (double)
[       OK ] SpMMTest.opt_performance (1133 ms)
[----------] 3 tests from SpMMTest (6421 ms total)

[----------] Global test environment tear-down
[==========] 3 tests from 1 test case ran. (6421 ms total)
[  PASSED  ] 3 tests.
[..1271/PA4/src/util.cu:73 (argParse)] dset = "yelp" (std::string)
[..1271/PA4/src/data.cu:5 (load_graph)] loading
[..71/PA4/test/main.cpp:17 (main)] kLen = 32 (int)
[==========] Running 3 tests from 1 test case.
[----------] Global test environment set-up.
[----------] 3 tests from SpMMTest
[ RUN      ] SpMMTest.validation
[       OK ] SpMMTest.validation (159 ms)
[ RUN      ] SpMMTest.cusparse_performance
[..A4/test/test_spmm.cu:66 (TestBody)] measured_time / times = 0.00657498 (double)
[       OK ] SpMMTest.cusparse_performance (357 ms)
[ RUN      ] SpMMTest.opt_performance
[..A4/test/test_spmm.cu:88 (TestBody)] measured_time / times = 0.00462934 (double)
[       OK ] SpMMTest.opt_performance (107 ms)
[----------] 3 tests from SpMMTest (623 ms total)

[----------] Global test environment tear-down
[==========] 3 tests from 1 test case ran. (623 ms total)
[  PASSED  ] 3 tests.
[..1271/PA4/src/util.cu:73 (argParse)] dset = "wikikg2" (std::string)
[..1271/PA4/src/data.cu:5 (load_graph)] loading
[..71/PA4/test/main.cpp:17 (main)] kLen = 32 (int)
[==========] Running 3 tests from 1 test case.
[----------] Global test environment set-up.
[----------] 3 tests from SpMMTest
[ RUN      ] SpMMTest.validation
[       OK ] SpMMTest.validation (71 ms)
[ RUN      ] SpMMTest.cusparse_performance
[..A4/test/test_spmm.cu:66 (TestBody)] measured_time / times = 0.00714888 (double)
[       OK ] SpMMTest.cusparse_performance (392 ms)
[ RUN      ] SpMMTest.opt_performance
[..A4/test/test_spmm.cu:88 (TestBody)] measured_time / times = 0.00643475 (double)
[       OK ] SpMMTest.opt_performance (159 ms)
[----------] 3 tests from SpMMTest (622 ms total)

[----------] Global test environment tear-down
[==========] 3 tests from 1 test case ran. (622 ms total)
[  PASSED  ] 3 tests.
[..1271/PA4/src/util.cu:73 (argParse)] dset = "am" (std::string)
[..1271/PA4/src/data.cu:5 (load_graph)] loading
[..71/PA4/test/main.cpp:17 (main)] kLen = 32 (int)
[==========] Running 3 tests from 1 test case.
[----------] Global test environment set-up.
[----------] 3 tests from SpMMTest
[ RUN      ] SpMMTest.validation
[       OK ] SpMMTest.validation (633 ms)
[ RUN      ] SpMMTest.cusparse_performance
[..A4/test/test_spmm.cu:66 (TestBody)] measured_time / times = 0.00374426 (double)
[       OK ] SpMMTest.cusparse_performance (295 ms)
[ RUN      ] SpMMTest.opt_performance
[..A4/test/test_spmm.cu:88 (TestBody)] measured_time / times = 0.0110038 (double)
[       OK ] SpMMTest.opt_performance (235 ms)
[----------] 3 tests from SpMMTest (1164 ms total)

[----------] Global test environment tear-down
[==========] 3 tests from 1 test case ran. (1164 ms total)
[  PASSED  ] 3 tests.
